number,value,datetime_start,datetime_complete,duration,params_colsample_bytree,params_gamma,params_learning_rate,params_max_depth,params_min_child_weight,params_n_estimators,params_reg_alpha,params_reg_lambda,params_subsample,state
87,0.5284063743075894,2025-10-16 19:47:19.806733,2025-10-16 19:47:21.227692,0 days 00:00:01.420959,0.5340607525801686,0.7362123165241876,0.025875428780000733,6,7.239075538256237,500,2.9637775074861024,7.420005695921785,0.845648903193169,COMPLETE
88,0.5285079216732659,2025-10-16 19:47:21.228113,2025-10-16 19:47:22.647052,0 days 00:00:01.418939,0.5043024294311632,0.33981657850226205,0.02608483956037446,6,6.363391628494592,500,2.920969164977813,7.231831392640717,0.8498683646795444,COMPLETE
89,0.5371036559963478,2025-10-16 19:47:22.647472,2025-10-16 19:47:23.875858,0 days 00:00:01.228386,0.5013073179112769,0.1732662710066977,0.01718996331895043,5,6.766768080400283,500,2.944712731064874,7.277602738388396,0.8452057279987318,COMPLETE
90,0.5285216841120862,2025-10-16 19:47:23.876266,2025-10-16 19:47:25.306410,0 days 00:00:01.430144,0.5357619332285675,0.32441288811236524,0.0249797155781749,6,6.32023263359473,500,2.000121890513844,7.9988680882165815,0.965164453211291,COMPLETE
91,0.5290850638703927,2025-10-16 19:47:25.306830,2025-10-16 19:47:26.723603,0 days 00:00:01.416773,0.5344599454826898,0.33132211255024513,0.02494699015786036,6,7.20047097791843,500,1.322311237585632,8.200496966698987,0.9512887770987254,COMPLETE
92,0.5297438449385307,2025-10-16 19:47:26.724017,2025-10-16 19:47:28.172343,0 days 00:00:01.448326,0.5030611426434416,0.43796803301982457,0.019746411669919264,6,6.242175939730113,500,2.7896306743888277,7.274790165851618,0.8650203124314211,COMPLETE
93,0.5286659680248205,2025-10-16 19:47:28.172762,2025-10-16 19:47:29.597690,0 days 00:00:01.424928,0.5222113294755036,0.007521481864160351,0.024621837274909533,6,6.442474822932261,500,2.065601377848615,6.907015977391158,0.8317727131826064,COMPLETE
94,0.5388761370597206,2025-10-16 19:47:29.598112,2025-10-16 19:47:30.837379,0 days 00:00:01.239267,0.5482524860356945,0.010195926650424736,0.014782110085881112,5,6.397443843827161,500,2.1593655768692694,6.922745824490524,0.9687107013338034,COMPLETE
95,0.5285715628446439,2025-10-16 19:47:30.837806,2025-10-16 19:47:32.253899,0 days 00:00:01.416093,0.5231831643476226,0.7214771562927917,0.02547952052054588,6,6.09951415074155,500,1.4129435670940316,7.91686088267997,0.8300457762675075,COMPLETE
96,0.5296343443347608,2025-10-16 19:47:32.254309,2025-10-16 19:47:33.530360,0 days 00:00:01.276051,0.5389396729371762,0.723918679466319,0.04162898151186094,6,5.832892953896379,500,1.5288321121096218,9.100438268467004,0.9081641711419481,COMPLETE
97,0.5289157881361539,2025-10-16 19:47:33.530772,2025-10-16 19:47:34.959956,0 days 00:00:01.429184,0.5235216860954789,0.3173516829730012,0.023277139070525192,6,6.035492465577525,500,0.9757309868872688,7.833869456144974,0.8279576093392438,COMPLETE
98,0.5277445479161783,2025-10-16 19:47:34.960368,2025-10-16 19:47:36.394013,0 days 00:00:01.433645,0.5581324615373104,0.17534896371068123,0.02576722691035902,6,6.665204949539892,500,1.9011650019064708,6.1842795607039776,0.8895578936851467,COMPLETE
99,0.537560712878066,2025-10-16 19:47:36.394427,2025-10-16 19:47:37.631298,0 days 00:00:01.236871,0.563786598173588,0.6539145253089724,0.017463587388756738,5,6.731975918926699,500,0.40327107378335847,9.91617037983048,0.8828137710073715,COMPLETE
