number,value,datetime_start,datetime_complete,duration,params_colsample_bytree,params_gamma,params_learning_rate,params_max_depth,params_min_child_weight,params_n_estimators,params_reg_alpha,params_reg_lambda,params_subsample,state
0,0.5414635525510583,2025-10-16 19:45:48.206300,2025-10-16 19:45:48.846017,0 days 00:00:00.639717,0.642984482399452,0.7447015547439384,0.27898916519465666,4,8.944212739748279,300,7.223242014812472,7.772097025396948,0.5823534879322101,COMPLETE
1,0.5425927110085287,2025-10-16 19:45:48.846538,2025-10-16 19:45:49.031108,0 days 00:00:00.184570,0.7135701906867211,0.3049839110755659,0.2554293908771927,6,0.5216314937717162,50,4.748253647490856,4.597465286551946,0.7199771814179275,COMPLETE
2,0.5388546214870579,2025-10-16 19:45:49.031552,2025-10-16 19:45:49.454927,0 days 00:00:00.423375,0.5097884437998486,4.448467555267142,0.22784590150471068,10,7.916151898849193,300,2.078583118316124,7.0264938890524755,0.9155128142646154,COMPLETE
3,0.5391898864724604,2025-10-16 19:45:49.455331,2025-10-16 19:45:49.737335,0 days 00:00:00.282004,0.9038803209977311,2.4936912129180397,0.21898588463343246,8,8.536634279250029,150,7.124555721301695,0.9786778123381079,0.9408270592820792,COMPLETE
4,0.5364073365688221,2025-10-16 19:45:49.737735,2025-10-16 19:45:50.435579,0 days 00:00:00.697844,0.6996957282934957,2.0221361308339065,0.10998048559919107,7,3.7462033696794754,500,3.943330410120117,7.303685423141019,0.9786757487301533,COMPLETE
5,0.5393626384534862,2025-10-16 19:45:50.435972,2025-10-16 19:45:51.159546,0 days 00:00:00.723574,0.864706626702274,4.683761967854492,0.04644155587983196,6,2.043661774436359,400,9.576508313381737,9.470340729727853,0.8963884761687309,COMPLETE
6,0.8157850816346566,2025-10-16 19:45:51.159951,2025-10-16 19:45:51.853939,0 days 00:00:00.693988,0.7159743375786449,1.6844173513252836,0.00793567058588046,10,6.631151745348758,100,1.6265206516592245,5.677365079060806,0.797319120797173,COMPLETE
7,0.8566096035019277,2025-10-16 19:45:51.854347,2025-10-16 19:45:52.110607,0 days 00:00:00.256260,0.8795017958226329,1.3862417478125788,0.007485403478747171,4,3.129510396039631,100,6.089009427424407,5.718163861361778,0.8613743743314244,COMPLETE
8,0.538529450300622,2025-10-16 19:45:52.110993,2025-10-16 19:45:52.694608,0 days 00:00:00.583615,0.8785809098375917,3.294823906317625,0.11059382561452893,6,9.700481032903518,400,8.357791793852677,2.52106392566392,0.8624139370262215,COMPLETE
9,0.5366068750627977,2025-10-16 19:45:52.695004,2025-10-16 19:45:53.166080,0 days 00:00:00.471076,0.9408769741079721,3.101866674662711,0.07972787852170912,6,7.774174790534635,250,4.735564231665926,5.008504898458085,0.9775887924042266,COMPLETE
10,0.8402680158177657,2025-10-16 19:45:53.166466,2025-10-16 19:45:55.400502,0 days 00:00:02.234036,0.5689076551416908,2.2534649689710315,0.0015247295024684883,8,4.509993973605976,500,0.18826692730818984,9.469480052039646,0.6688133895050983,COMPLETE
11,0.535394316129976,2025-10-16 19:45:55.400904,2025-10-16 19:45:56.119106,0 days 00:00:00.718202,0.9961324973380403,3.374904286414641,0.03957397527455543,8,5.728905161898499,200,4.064251173168387,3.2548099172453226,0.9975072819771494,COMPLETE
12,0.5345266881959154,2025-10-16 19:45:56.119508,2025-10-16 19:45:56.939197,0 days 00:00:00.819689,0.7919867608780036,3.7312436110273137,0.028800122623573635,8,4.801922135863118,200,3.1023874629617496,3.074329869232621,0.9846260397468367,COMPLETE
13,0.5371840387633426,2025-10-16 19:45:56.939603,2025-10-16 19:45:57.803676,0 days 00:00:00.864073,0.78880961915689,3.7493691976476025,0.02276027690368356,8,5.944413808507314,200,3.3665462398713526,2.844957926779,0.9905697128287296,COMPLETE
14,0.5354522663296324,2025-10-16 19:45:57.804083,2025-10-16 19:45:58.746223,0 days 00:00:00.942140,0.8081302035760708,3.885917636306047,0.023218897347556656,9,5.14107251714378,200,2.63889736697645,3.1034660473683138,0.7972941917456247,COMPLETE
15,0.6423890142456075,2025-10-16 19:45:58.746637,2025-10-16 19:45:59.993941,0 days 00:00:01.247304,0.9999342837052664,2.8674520070171177,0.006992921292344323,9,6.410466192003147,200,0.5456518942135249,0.4483203210093589,0.5742939743985965,COMPLETE
16,0.5365344833011922,2025-10-16 19:45:59.994342,2025-10-16 19:46:00.823216,0 days 00:00:00.828874,0.9958315861149083,3.9606539713258133,0.039476569796569265,7,2.5619143973313254,350,5.898130721104543,3.8644585679384864,0.5149695646909064,COMPLETE
17,0.5997268896305684,2025-10-16 19:46:00.823624,2025-10-16 19:46:01.302097,0 days 00:00:00.478473,0.8014988185887103,4.86523628943808,0.011552594126581541,3,4.63198166354601,250,3.6529051109721444,1.7719909179502358,0.8523102366894579,COMPLETE
18,0.9988916898051033,2025-10-16 19:46:01.302508,2025-10-16 19:46:02.165191,0 days 00:00:00.862683,0.6410924834842929,3.383888210148553,0.0030167142598142437,9,7.080910539830468,150,1.223680990579172,1.8982290368920778,0.7807513211313315,COMPLETE
19,0.5863332790425171,2025-10-16 19:46:02.165593,2025-10-16 19:46:02.337297,0 days 00:00:00.171704,0.9486396740264498,4.210236883750415,0.046975730336019685,5,5.635288020054796,50,5.766463116714867,3.7469552350131545,0.9364924035670268,COMPLETE
20,0.567574444031182,2025-10-16 19:46:02.337704,2025-10-16 19:46:02.949920,0 days 00:00:00.612216,0.8301904191539295,2.594411109143536,0.01554962382800588,7,4.434981542463248,150,2.8535602030671994,1.5629224585852435,0.6870120918901141,COMPLETE
21,0.5340309926563199,2025-10-16 19:46:02.950330,2025-10-16 19:46:03.851832,0 days 00:00:00.901502,0.774011925504148,3.5625777220488883,0.027664645847754434,9,5.447000793705725,200,2.486533060118438,2.9438992600586795,0.8047434383490423,COMPLETE
22,0.5330382310675601,2025-10-16 19:46:03.852236,2025-10-16 19:46:04.704986,0 days 00:00:00.852750,0.770174928800644,3.5631557928531783,0.03139956296000136,8,5.254595805706617,250,4.0980651448877445,3.5761426691766607,0.9983407681600764,COMPLETE
23,0.5327280731132357,2025-10-16 19:46:04.705381,2025-10-16 19:46:05.763252,0 days 00:00:01.057871,0.7575145791808519,3.6691050728087204,0.02567973615248206,9,3.557199617685048,250,2.42694568517873,4.416102691183422,0.8356887227040057,COMPLETE
24,0.5350913049056697,2025-10-16 19:46:05.763653,2025-10-16 19:46:06.441799,0 days 00:00:00.678146,0.747252623833934,4.3000140194329015,0.07284005673564219,10,3.5732644398048565,350,2.147549926120101,4.4582252039663395,0.8363890233051096,COMPLETE
25,0.5466980531917184,2025-10-16 19:46:06.442205,2025-10-16 19:46:07.756471,0 days 00:00:01.314266,0.6595515661496008,2.879662854426849,0.011834833353821909,9,1.9580930399012306,250,0.8772667583168245,5.519582126322627,0.7308895260886834,COMPLETE
26,0.5345812331033984,2025-10-16 19:46:07.756884,2025-10-16 19:46:09.120227,0 days 00:00:01.363343,0.7504859037333041,3.568630776131647,0.016191512201344904,9,3.9945230129328193,300,1.8075057435205077,4.040935543606861,0.6660629450285316,COMPLETE
27,0.535647372714939,2025-10-16 19:46:09.120623,2025-10-16 19:46:09.822895,0 days 00:00:00.702272,0.7575241303782916,4.1024704586124034,0.06999451666859288,10,0.9643293035033631,350,4.416956140714369,6.630194928970148,0.7680206880667417,COMPLETE
28,0.7576345414413042,2025-10-16 19:46:09.823297,2025-10-16 19:46:11.308695,0 days 00:00:01.485398,0.8308123654057666,2.939314951775033,0.0037774210413793786,9,3.298386355418613,250,2.580680810281757,2.1975305673821843,0.828081141997584,COMPLETE
29,0.5309521138628012,2025-10-16 19:46:11.309111,2025-10-16 19:46:12.383571,0 days 00:00:01.074460,0.651268436189187,0.9003006516102798,0.026666144155645367,7,2.583807731783861,300,6.774761334002504,5.012303617641576,0.6293149507558966,COMPLETE
30,0.62248993931512,2025-10-16 19:46:12.383980,2025-10-16 19:46:13.449559,0 days 00:00:01.065579,0.6230716845026074,0.7764316913138021,0.004390170879731392,5,2.573848674578132,400,7.280971658647295,6.324009976943053,0.6170881352861722,COMPLETE
31,0.5336583880410045,2025-10-16 19:46:13.449973,2025-10-16 19:46:14.806650,0 days 00:00:01.356677,0.6837138603808123,0.032289459163862944,0.023158312194235968,7,1.2611358988604442,300,5.425801862535533,5.077889392578236,0.6331615128274865,COMPLETE
32,0.5349415513830295,2025-10-16 19:46:14.807069,2025-10-16 19:46:15.965456,0 days 00:00:01.158387,0.6795648638220436,0.05394486450850122,0.020645742808538047,7,0.9120824186458265,300,5.361839630494204,4.9366327542473325,0.6284446378370663,COMPLETE
33,0.5428296780090799,2025-10-16 19:46:15.965876,2025-10-16 19:46:17.266855,0 days 00:00:01.300979,0.5992951469597471,0.6439858498215172,0.012922686838497092,7,1.5479631730692778,350,7.00289341241342,8.555510199388031,0.5457938052862434,COMPLETE
34,0.5309057001553878,2025-10-16 19:46:17.267259,2025-10-16 19:46:18.513183,0 days 00:00:01.245924,0.7150857297040154,1.0740509216110314,0.03177675603335339,8,2.7451373132554373,300,5.216839269576438,4.362563809809879,0.7125147070293018,COMPLETE
35,0.5308572113323511,2025-10-16 19:46:18.513668,2025-10-16 19:46:19.621850,0 days 00:00:01.108182,0.7180675490920624,1.0115222431983741,0.03448072170746268,8,2.7493544878645184,250,6.487615712950133,4.2445533554026,0.6974830959526078,COMPLETE
36,0.5400887987326735,2025-10-16 19:46:19.622267,2025-10-16 19:46:20.291535,0 days 00:00:00.669268,0.7136147028464924,1.219378740720248,0.15681106813318782,8,2.692670761294142,300,7.872121040580752,4.417955628371004,0.7062087080065389,COMPLETE
37,0.5311813697595988,2025-10-16 19:46:20.291953,2025-10-16 19:46:21.340069,0 days 00:00:01.048116,0.5421452555852813,0.9632758852072393,0.048096939701715,8,2.0324499205071955,300,6.8828471975222385,6.056277369519676,0.7184434373401576,COMPLETE
38,0.530032079975195,2025-10-16 19:46:21.340474,2025-10-16 19:46:22.392837,0 days 00:00:01.052363,0.5097886808959595,0.9187383233323513,0.05295615084181244,6,0.5142676239755133,400,6.565902210805402,7.972054574350761,0.742190185580891,COMPLETE
39,0.5328821501308654,2025-10-16 19:46:22.393431,2025-10-16 19:46:23.314256,0 days 00:00:00.920825,0.5188243039503104,1.7162162019399887,0.05895282554819832,5,0.5132240784211859,450,9.042673432446227,7.742211055224214,0.7516281977494681,COMPLETE
40,0.5325878985988152,2025-10-16 19:46:23.314669,2025-10-16 19:46:24.631220,0 days 00:00:01.316551,0.5821786781536259,0.4195585567214999,0.09308848707944875,6,1.6262279714853047,450,6.524090598510669,8.679913585907798,0.5963586149229062,COMPLETE
41,0.5318618066641485,2025-10-16 19:46:24.631654,2025-10-16 19:46:25.678999,0 days 00:00:01.047345,0.5427226631013635,1.0426868075917095,0.050976117119715045,7,2.094985762712497,350,6.664254632751938,6.096128928883843,0.703512164351189,COMPLETE
42,0.5400309862877899,2025-10-16 19:46:25.679419,2025-10-16 19:46:26.525003,0 days 00:00:00.845584,0.5034982914671436,0.9171899548332887,0.14366921099699514,8,2.8436923499954694,400,7.690307041085604,7.08008739536596,0.7404420719931963,COMPLETE
43,0.5315346621301787,2025-10-16 19:46:26.525427,2025-10-16 19:46:27.674652,0 days 00:00:01.149225,0.5478577662463789,1.5293997121461511,0.03433667464141956,6,2.017110177308948,450,6.402149536090268,7.651606991753288,0.6590172804058274,COMPLETE
44,0.5310212337418487,2025-10-16 19:46:27.675068,2025-10-16 19:46:28.865451,0 days 00:00:01.190383,0.606707208642437,0.48961962836341033,0.05927373417056534,8,4.087060955061787,300,8.419062372931977,5.412373966256344,0.6818369860467082,COMPLETE
45,0.5328974991889225,2025-10-16 19:46:28.865867,2025-10-16 19:46:30.002569,0 days 00:00:01.136702,0.6264378906394599,0.48750550614294275,0.11595558236549779,6,4.053497013046485,400,8.721300768442024,5.501436215283913,0.6817763246410834,COMPLETE
46,0.5391849328383593,2025-10-16 19:46:30.002982,2025-10-16 19:46:30.639238,0 days 00:00:00.636256,0.7273383641065796,1.242625333957299,0.20666250173362313,7,2.9731571234593757,350,7.546008921219233,8.483102749217437,0.7620469339893609,COMPLETE
47,0.5339695904433274,2025-10-16 19:46:30.639652,2025-10-16 19:46:31.313769,0 days 00:00:00.674117,0.6634291901154155,1.898687996476864,0.06115328878092005,5,4.017369667561709,300,8.200319346252371,5.088584700195734,0.655429752879643,COMPLETE
48,0.5383227361342448,2025-10-16 19:46:31.314188,2025-10-16 19:46:31.897735,0 days 00:00:00.583547,0.6140374234390148,0.3205722344270472,0.03717104341917898,7,3.2443909605215446,150,9.578201639651272,6.662859248878147,0.5958382748191263,COMPLETE
49,0.5373171451021926,2025-10-16 19:46:31.898151,2025-10-16 19:46:33.086553,0 days 00:00:01.188402,0.6943292539393286,0.6841227716828248,0.01844821678850505,8,2.4009273064960235,250,4.951979028191093,9.333340992855609,0.6936384077652097,COMPLETE
50,0.533179296852566,2025-10-16 19:46:33.086953,2025-10-16 19:46:33.777421,0 days 00:00:00.690468,0.5795203554119172,1.459709048616494,0.09028710980004766,6,0.9824831412508921,300,6.079876215449337,4.170697793129312,0.6451576426248988,COMPLETE
51,0.5343828087242387,2025-10-16 19:46:33.777830,2025-10-16 19:46:34.781107,0 days 00:00:01.003277,0.5252360900643335,1.0131415830450843,0.046922146003306686,8,1.6234822951030403,300,6.8677554864068435,5.83422547921658,0.7209334897559099,COMPLETE
52,0.5305569228754965,2025-10-16 19:46:34.781512,2025-10-16 19:46:35.731539,0 days 00:00:00.950027,0.5612481036772705,1.214297396154838,0.05966399928072161,8,2.1919947408088714,350,5.496402384767801,5.4018225838537495,0.7138202634275819,COMPLETE
53,0.5306907817322993,2025-10-16 19:46:35.731968,2025-10-16 19:46:36.685340,0 days 00:00:00.953372,0.6041833290651388,1.2314435725179937,0.06320336737691072,8,2.3249349995310533,350,5.581567385499858,4.770296235023002,0.6789980686377227,COMPLETE
54,1.0782584939036772,2025-10-16 19:46:36.685757,2025-10-16 19:46:38.287418,0 days 00:00:01.601661,0.5577057740942258,1.2596485989713078,0.0010120875490933921,8,2.347968067886664,350,5.518211803280574,3.4630798470444275,0.7440333421932173,COMPLETE
55,0.5428362216240278,2025-10-16 19:46:38.287833,2025-10-16 19:46:38.853317,0 days 00:00:00.565484,0.6477296131649034,2.1397697193193697,0.2973752448263078,7,1.4405581827138825,400,4.537519019894371,4.846992873742079,0.7191668832951409,COMPLETE
56,0.5309840328977841,2025-10-16 19:46:38.853731,2025-10-16 19:46:39.888374,0 days 00:00:01.034643,0.5890869924105939,1.7010415902649871,0.037065838206483424,8,2.9035710100203156,350,6.292861181734926,2.652209548886149,0.7863229462517741,COMPLETE
57,0.5329870598869426,2025-10-16 19:46:39.888798,2025-10-16 19:46:40.703069,0 days 00:00:00.814271,0.633370808434739,1.930297611020311,0.08344630217980965,4,1.1634993264957179,450,5.212124546938312,4.162761422656923,0.5616213877248947,COMPLETE
58,0.529096422816883,2025-10-16 19:46:40.703476,2025-10-16 19:46:42.108464,0 days 00:00:01.404988,0.7318658765621618,0.8163416330396593,0.029105428663441173,7,9.761240765656169,400,4.9418288807065816,4.787918642406256,0.7056437395011425,COMPLETE
59,0.5291433740192986,2025-10-16 19:46:42.108882,2025-10-16 19:46:43.493631,0 days 00:00:01.384749,0.7335313986566965,1.170916412255302,0.03206829728536712,8,9.002469971883723,400,5.764092233889056,4.6513283319755265,0.7020149810917456,COMPLETE
60,0.5299878565140717,2025-10-16 19:46:43.494043,2025-10-16 19:46:44.362078,0 days 00:00:00.868035,0.5275637270740561,1.5823446579063962,0.1257564238633409,9,9.98449762067413,500,5.776611860607993,4.679321625132329,0.6777009877704541,COMPLETE
61,0.5335973948881512,2025-10-16 19:46:44.362497,2025-10-16 19:46:45.260104,0 days 00:00:00.897607,0.5297516759549163,1.5511935420662173,0.12721130869973057,10,9.731956083196627,500,5.833548986576268,4.621982846556479,0.6721927703427132,COMPLETE
62,0.5335373103349956,2025-10-16 19:46:45.260529,2025-10-16 19:46:45.981133,0 days 00:00:00.720604,0.5612370328219731,1.3089480261961857,0.20242201897730944,9,8.892458312682123,400,4.850168202526348,3.743933526366931,0.7005743614637413,COMPLETE
63,0.5322162150600833,2025-10-16 19:46:45.981537,2025-10-16 19:46:46.797313,0 days 00:00:00.815776,0.7274546937405875,2.4507112308009615,0.09741276562743421,9,9.130661633803605,500,5.648119048197978,3.3227396569036562,0.7337781416961561,COMPLETE
64,0.5315185713327562,2025-10-16 19:46:46.797717,2025-10-16 19:46:48.034885,0 days 00:00:01.237168,0.5073173639870914,0.7997245615953271,0.06739983069601001,9,9.279963042888461,450,3.6462284552100592,5.289554975430148,0.7629964589356126,COMPLETE
65,0.5477871274656846,2025-10-16 19:46:48.035289,2025-10-16 19:46:48.751014,0 days 00:00:00.715725,0.5320622411618223,1.1650433615559315,0.04239599079938966,3,8.097906621931312,400,6.135049463440269,4.626404066978211,0.6826101351457299,COMPLETE
66,0.5344649012089403,2025-10-16 19:46:48.751416,2025-10-16 19:46:49.565045,0 days 00:00:00.813629,0.7370299342538223,1.4086050391529594,0.16894831918671863,9,9.50165599290468,450,4.373347736085622,4.737324515625776,0.6482136870393451,COMPLETE
67,0.5292174741962092,2025-10-16 19:46:49.565455,2025-10-16 19:46:50.862345,0 days 00:00:01.296890,0.5688953099639623,0.6094364088158507,0.05409385184682748,8,9.900879995160157,400,6.003848087049415,5.8200173704876565,0.805265809403962,COMPLETE
68,0.5296084539656506,2025-10-16 19:46:50.862764,2025-10-16 19:46:52.542341,0 days 00:00:01.679577,0.5694079565616793,0.23598547430398908,0.05331582888154524,7,9.954425502814072,500,5.100588938022648,6.261367880339474,0.8732637129513809,COMPLETE
69,0.5307418873652002,2025-10-16 19:46:52.542757,2025-10-16 19:46:53.660878,0 days 00:00:01.118121,0.5724930283629244,0.5789619951461389,0.07776282748328198,6,9.88248815170441,500,5.154607342497645,6.421243088970507,0.8919802276794562,COMPLETE
70,0.5295721086163792,2025-10-16 19:46:53.661286,2025-10-16 19:46:55.367860,0 days 00:00:01.706574,0.5532942014495859,0.12812839467469028,0.04926245062902485,7,8.54406526879346,500,4.7200513792366925,5.926917401786836,0.8127271299125572,COMPLETE
71,0.5296412347571406,2025-10-16 19:46:55.368261,2025-10-16 19:46:57.046199,0 days 00:00:01.677938,0.5188600517862024,0.23539751541319104,0.05122027619541711,7,8.81320993527989,500,4.08861096923627,5.725923758234065,0.8141462929828647,COMPLETE
72,0.5290208344433662,2025-10-16 19:46:57.046621,2025-10-16 19:46:58.715243,0 days 00:00:01.668622,0.5142568477205183,0.2357068938392053,0.052444104205730785,7,8.4949179502366,500,3.6240103594275,5.835853891055974,0.8189467596249134,COMPLETE
73,0.5277973215075648,2025-10-16 19:46:58.715659,2025-10-16 19:47:00.399328,0 days 00:00:01.683669,0.5196970004829179,0.20179792079922246,0.02888543048331892,7,8.654905580213821,500,3.9158708603567263,5.710863765842279,0.8068636543480981,COMPLETE
74,0.5285112720080577,2025-10-16 19:47:00.399735,2025-10-16 19:47:02.097156,0 days 00:00:01.697421,0.5488975449291683,0.16641184605484005,0.029174619077735914,7,8.517249431518321,500,3.2490810752092893,5.775812316919614,0.8148718357214397,COMPLETE
75,0.5283854770069468,2025-10-16 19:47:02.097563,2025-10-16 19:47:03.835424,0 days 00:00:01.737861,0.5496887109196431,0.1651126632774443,0.019700295866862734,7,8.569228745219391,500,3.0953502564661015,6.829902082787952,0.8748330143380132,COMPLETE
76,0.5298501964689625,2025-10-16 19:47:03.835841,2025-10-16 19:47:05.737648,0 days 00:00:01.901807,0.9164091568122571,0.08432865134812349,0.020008421397089648,7,8.271695434114891,500,2.992806067877117,6.830401975788337,0.8210763441993874,COMPLETE
77,0.5402847247815814,2025-10-16 19:47:05.738071,2025-10-16 19:47:07.378195,0 days 00:00:01.640124,0.5480914168854133,0.15146554653866215,0.009533696202358022,7,7.5245254116480105,450,3.4324134050413497,5.937797032268851,0.8548952635518968,COMPLETE
78,0.5308777597411439,2025-10-16 19:47:07.378608,2025-10-16 19:47:09.257517,0 days 00:00:01.878909,0.8275961512105509,0.36615055694062393,0.015456307001332013,7,8.5171586578175,500,3.7675597796149334,7.125241864957378,0.8407454109238005,COMPLETE
79,0.5286156429680285,2025-10-16 19:47:09.257928,2025-10-16 19:47:10.813431,0 days 00:00:01.555503,0.5412575138056743,0.17607720639838348,0.029418370981341292,7,7.609313120104963,450,3.312601001900628,6.506667025635551,0.8053784025740599,COMPLETE
80,0.529119474913323,2025-10-16 19:47:10.813844,2025-10-16 19:47:12.130224,0 days 00:00:01.316380,0.5894905984064149,0.5704529362183369,0.029098404032171395,6,7.592489045944493,450,3.2468487019847743,7.527065963479599,0.7950984212836147,COMPLETE
81,0.529215689783457,2025-10-16 19:47:12.130627,2025-10-16 19:47:13.440484,0 days 00:00:01.309857,0.5904216326741165,0.5507795331335334,0.029156225045208758,6,7.636385460572201,450,3.252418592634333,7.443496596646141,0.7864039717002796,COMPLETE
82,0.5289989754742761,2025-10-16 19:47:13.440895,2025-10-16 19:47:14.740141,0 days 00:00:01.299246,0.5007423352754192,0.49186743321523624,0.028484959341159924,6,7.54556880267563,450,3.2641205332043337,7.431978507636227,0.7887736808359702,COMPLETE
83,0.5294808712110681,2025-10-16 19:47:14.740546,2025-10-16 19:47:16.055860,0 days 00:00:01.315314,0.5380908558049192,0.24987113516121318,0.023896824167221487,6,6.936141974325206,450,2.69429941078246,8.117353967278444,0.931852305806639,COMPLETE
84,0.5286240452522951,2025-10-16 19:47:16.056293,2025-10-16 19:47:17.350042,0 days 00:00:01.293749,0.5124875844810607,0.4057790661093769,0.02788830308097632,6,7.338672408913928,450,2.275735876781951,6.563770435496739,0.8782466967567459,COMPLETE
85,0.5418245653079966,2025-10-16 19:47:17.350460,2025-10-16 19:47:18.485240,0 days 00:00:01.134780,0.5120966228623752,0.39861223907246257,0.013400385428998652,5,7.368405744112752,450,2.3221805658824364,6.803150434479339,0.8737736781202198,COMPLETE
86,0.5301223769725714,2025-10-16 19:47:18.485687,2025-10-16 19:47:19.806314,0 days 00:00:01.320627,0.5167325662335325,0.02699628863242487,0.02132744920369763,6,7.903820263151989,450,1.7994630494886892,6.505684782782304,0.8997542826792545,COMPLETE
