number,value,datetime_start,datetime_complete,duration,params_colsample_bytree,params_gamma,params_learning_rate,params_max_depth,params_min_child_weight,params_n_estimators,params_reg_alpha,params_reg_lambda,params_subsample,state
87,0.2189264011978355,2025-10-16 23:41:46.653660,2025-10-16 23:41:48.121451,0 days 00:00:01.467791,0.7321324018327171,0.25832096195012677,0.04296803245124479,10,1.5865773173904323,500,2.379625905215814,1.551280930206777,0.7118400472207884,COMPLETE
88,0.2241430915890925,2025-10-16 23:41:48.121874,2025-10-16 23:41:50.399486,0 days 00:00:02.277612,0.6602024613195032,0.2195166596303363,0.02011391521047227,10,1.061863868946138,450,3.1054390306949315,0.7400626228641038,0.6175338733136946,COMPLETE
89,0.2267833734738558,2025-10-16 23:41:50.399911,2025-10-16 23:41:51.495584,0 days 00:00:01.095673,0.7115105515046518,0.36740162718113456,0.06730469332932214,10,1.9215178087635647,500,2.652264003976076,1.7488221467674028,0.6846982610663637,COMPLETE
90,0.2317662086811224,2025-10-16 23:41:51.495990,2025-10-16 23:41:54.498708,0 days 00:00:03.002718,0.6824681283291683,0.013643630551101023,0.010661690122355766,10,1.3533866863697277,450,2.233286875798608,1.3660606687423897,0.5475916836597438,COMPLETE
91,0.21699180087957268,2025-10-16 23:41:54.499106,2025-10-16 23:41:57.312262,0 days 00:00:02.813156,0.7237708703443468,0.11829053348261276,0.01930380020427834,10,1.043034768208214,500,3.0184070813602437,1.135433967118615,0.6453837138546514,COMPLETE
92,0.21050900630077982,2025-10-16 23:41:57.312675,2025-10-16 23:41:59.616518,0 days 00:00:02.303843,0.7451354203999045,0.1659915288832023,0.026358224555580786,10,1.8016219274431455,500,1.7228561822219852,1.1887882301164405,0.6367433038278278,COMPLETE
93,0.22172162839756426,2025-10-16 23:41:59.616920,2025-10-16 23:42:01.289383,0 days 00:00:01.672463,0.7381625960414059,0.41254586221320233,0.027803074916073655,10,1.784426865023945,500,1.7188913854716943,0.8365114537696178,0.6262370686286717,COMPLETE
94,0.21706556732719123,2025-10-16 23:42:01.289794,2025-10-16 23:42:03.060759,0 days 00:00:01.770965,0.6914386241099664,0.15617712637070405,0.0493013840992263,10,1.311154631528582,500,2.145374043946265,1.9289275174167964,0.5979891497503909,COMPLETE
95,0.21984485409045249,2025-10-16 23:42:03.061174,2025-10-16 23:42:06.131560,0 days 00:00:03.070386,0.7539533879000719,0.016354511220417426,0.014943701307874606,10,0.8338189088837414,450,3.4117517780038353,0.4535466132103254,0.6678630475571943,COMPLETE
96,0.233944823945625,2025-10-16 23:42:06.131979,2025-10-16 23:42:07.311422,0 days 00:00:01.179443,0.7866443996021955,0.739877469503349,0.040799445881773526,10,1.6427841577872548,500,2.880197122522323,1.4833241760340496,0.598570187567924,COMPLETE
97,0.22127636589399763,2025-10-16 23:42:07.311836,2025-10-16 23:42:09.024399,0 days 00:00:01.712563,0.7484495151303483,0.34384937371303537,0.026429331807492566,10,2.100437580418673,450,2.449720065032111,0.028701900179772366,0.5443769933825757,COMPLETE
98,0.22185009024039826,2025-10-16 23:42:09.024812,2025-10-16 23:42:11.109569,0 days 00:00:02.084757,0.7361567072946643,0.17647536188938562,0.03090490331628586,10,1.9678342976392638,500,4.410075926828552,1.7674828752914868,0.6836292581261199,COMPLETE
99,0.24162708323459323,2025-10-16 23:42:11.109987,2025-10-16 23:42:12.142297,0 days 00:00:01.032310,0.7182146677922564,0.9353900091301384,0.048219606211539125,10,0.5889554149874111,500,2.5443746298494485,0.4770311313058767,0.5721981100815792,COMPLETE
100,0.21944559571226407,2025-10-16 23:42:12.142710,2025-10-16 23:42:14.268876,0 days 00:00:02.126166,0.7546426249712586,0.4443743601291176,0.01736500845567941,10,1.4074780627595413,450,1.8626793711215277,1.0041761870605121,0.7323222674283778,COMPLETE
101,0.2178140354376026,2025-10-16 23:42:14.269295,2025-10-16 23:42:17.034104,0 days 00:00:02.764809,0.7254654879619702,0.1071755143252115,0.020488333554576937,10,1.0383010191074273,500,3.6769537430926267,1.0758213042141072,0.6542881840073138,COMPLETE
102,0.21245135914665636,2025-10-16 23:42:17.034518,2025-10-16 23:42:20.344116,0 days 00:00:03.309598,0.6907435787062682,0.0005806564133157902,0.025600651470550392,10,1.7180595757561814,500,2.880625136525595,1.1554898325184486,0.6379251708594927,COMPLETE
103,0.2231152888864112,2025-10-16 23:42:20.344530,2025-10-16 23:42:22.157870,0 days 00:00:01.813340,0.6914494572356459,0.2807579464464848,0.03023858028170574,10,1.7249685355065774,500,2.81779593303364,1.6563728125791641,0.6259042651370947,COMPLETE
104,0.20947372329546846,2025-10-16 23:42:22.158289,2025-10-16 23:42:25.006458,0 days 00:00:02.848169,0.6715147721258417,0.02409237168344839,0.037974441088563134,10,1.2897774177699541,450,1.704080132933913,1.9955138190342994,0.6021787789009011,COMPLETE
105,0.21333971689372913,2025-10-16 23:42:25.006878,2025-10-16 23:42:28.006041,0 days 00:00:02.999163,0.6643654832454913,0.0036576625795684686,0.02436667232180561,10,1.2104661443216114,450,2.088708979454033,1.9421612026625057,0.5876947212153213,COMPLETE
106,0.30814069978747805,2025-10-16 23:42:28.006459,2025-10-16 23:42:28.808756,0 days 00:00:00.802297,0.6577137703543706,0.2009252624732579,0.026151613255837144,3,0.8912309535610274,450,2.0587342668702004,1.8817884957691056,0.5876056090537518,COMPLETE
107,0.25934874275311687,2025-10-16 23:42:28.809158,2025-10-16 23:42:29.906058,0 days 00:00:01.096900,0.6783075837198911,0.3474304731610331,0.04009343412667384,5,1.2857282420187535,450,1.6538593966641169,0.8045873054712356,0.6036786863819107,COMPLETE
108,0.23339506170792293,2025-10-16 23:42:29.906476,2025-10-16 23:42:31.150501,0 days 00:00:01.244025,0.6194627924658043,0.44111689240384205,0.04467346622838304,10,1.5387669153038284,450,2.193160539475747,2.0587170395019356,0.5584912458081918,COMPLETE
109,0.3105210827367157,2025-10-16 23:42:31.150928,2025-10-16 23:42:31.715087,0 days 00:00:00.564159,0.6443970773007156,0.1464222774977263,0.023727007361167517,4,1.9814913319159724,250,1.802493490263941,1.480677270686368,0.6079464892717992,COMPLETE
110,0.22459809648143664,2025-10-16 23:42:31.715502,2025-10-16 23:42:33.731798,0 days 00:00:02.016296,0.6662545066766663,0.2871594108632648,0.025350564379658925,10,0.7821902214813541,500,2.584132889365379,2.6946251811140423,0.6314962906322341,COMPLETE
111,0.21290381854410387,2025-10-16 23:42:33.732215,2025-10-16 23:42:36.825514,0 days 00:00:03.093299,0.7105844600916423,0.010149559557504906,0.02918073555251175,10,1.1938035579614465,500,3.281536823853391,0.7233833453170607,0.5875898173135414,COMPLETE
112,0.20771537963625888,2025-10-16 23:42:36.825931,2025-10-16 23:42:39.998589,0 days 00:00:03.172658,0.7112736054066945,0.02407438850999693,0.029646195291625276,10,1.7744411877979482,500,1.9133018942611484,0.2700761764014361,0.5882558414940309,COMPLETE
113,0.21008666066923407,2025-10-16 23:42:39.999004,2025-10-16 23:42:43.267003,0 days 00:00:03.267999,0.703582918704191,0.0036112761827484796,0.02955456140709739,10,1.7139657988846086,500,2.274393917559885,0.3058242596289219,0.5339978811889021,COMPLETE
114,0.21617396968189273,2025-10-16 23:42:43.267416,2025-10-16 23:42:45.312777,0 days 00:00:02.045361,0.7094487872880589,0.20066368822315234,0.029563654602346202,10,1.7731608746990744,500,1.9225478768746949,0.6951702037718654,0.6199562211978032,COMPLETE
115,0.2293029654374749,2025-10-16 23:42:45.313196,2025-10-16 23:42:46.689497,0 days 00:00:01.376301,0.7012818578367217,0.45281833823851886,0.03724720068946511,10,2.142860346067502,500,2.3297612313715503,0.2596734055421633,0.5289133880125315,COMPLETE
116,0.2230098743781067,2025-10-16 23:42:46.689926,2025-10-16 23:42:48.889231,0 days 00:00:02.199305,0.7436055460222395,0.16411613996746163,0.029913230446835165,10,1.5425003152756467,500,4.804673725939126,0.5957576196660597,0.566061899215144,COMPLETE
117,0.225797619935683,2025-10-16 23:42:48.889647,2025-10-16 23:42:50.210538,0 days 00:00:01.320891,0.6921856276578875,0.3269372346173458,0.050482266114514146,10,2.3667347524240183,500,2.6813071241275077,0.18644575573921784,0.5831533980632618,COMPLETE
118,0.21149778131241112,2025-10-16 23:42:50.210957,2025-10-16 23:42:52.641321,0 days 00:00:02.430364,0.7035259095234114,0.10174405139848612,0.038729789258900436,10,0.5103894223606198,500,1.636584862439082,0.9188707178807163,0.5077800846687474,COMPLETE
119,0.24099099792341205,2025-10-16 23:42:52.641731,2025-10-16 23:42:53.749253,0 days 00:00:01.107522,0.5120453897682142,0.49374439026366157,0.06596701630290638,10,0.5001637434518801,500,1.6477330990528862,1.0024577249288613,0.5383172413636916,COMPLETE
120,0.23722004263863253,2025-10-16 23:42:53.749653,2025-10-16 23:42:54.875548,0 days 00:00:01.125895,0.6778779689304437,0.8028116658064566,0.03868107809590727,10,0.8768132593573553,450,1.4555571614849605,0.2564646483816581,0.5275245632318901,COMPLETE
121,0.20854117734669364,2025-10-16 23:42:54.875967,2025-10-16 23:42:57.549222,0 days 00:00:02.673255,0.7138178865499516,0.08825306745849897,0.032141767182078285,10,1.7855668595851308,500,1.3057200215269444,0.8518839225935834,0.5084812602844264,COMPLETE
122,0.21249704113471052,2025-10-16 23:42:57.549643,2025-10-16 23:42:59.978915,0 days 00:00:02.429272,0.7010793915719451,0.08886416008665979,0.044019916122573555,10,1.8247113888653423,500,2.0292353377448915,0.9360400455863922,0.5028596954464019,COMPLETE
123,0.21794744134474417,2025-10-16 23:42:59.979328,2025-10-16 23:43:01.753988,0 days 00:00:01.774660,0.686791590134491,0.26829589318308755,0.03268473926957916,10,2.654861759507142,500,1.2580020529772271,1.1800796420333808,0.5189427964248712,COMPLETE
124,0.2096169514944953,2025-10-16 23:43:01.754410,2025-10-16 23:43:04.597521,0 days 00:00:02.843111,0.715393940460207,0.10857648823999791,0.021725264289472305,10,1.4710009923376013,500,1.6328266285838668,1.2596199344638122,0.6394333387026293,COMPLETE
125,0.21435841447548404,2025-10-16 23:43:04.597933,2025-10-16 23:43:06.432048,0 days 00:00:01.834115,0.7154582547294761,0.19922478057583656,0.036335082148521214,10,1.5666571859605334,500,1.5755767600589368,0.39938750023792197,0.557480995427741,COMPLETE
126,0.22197465136294736,2025-10-16 23:43:06.432449,2025-10-16 23:43:08.383089,0 days 00:00:01.950640,0.7403371564582979,0.38150054119643023,0.02169321458508913,10,2.08555913912463,500,1.1396594276733552,1.6508003594883407,0.5181021426124749,COMPLETE
127,0.21417841626906164,2025-10-16 23:43:08.383512,2025-10-16 23:43:10.095855,0 days 00:00:01.712343,0.7028489595613074,0.12686287703715748,0.055639705406682234,10,2.8986115712668195,450,1.8021530198285627,1.3036117585926181,0.6068798570320753,COMPLETE
128,0.21509392650851392,2025-10-16 23:43:10.096265,2025-10-16 23:43:11.580047,0 days 00:00:01.483782,0.7512740535007227,0.2329705820430701,0.04049911501879624,9,1.4338129671949107,500,1.3836808678251034,0.8799116477258829,0.6447060396042072,COMPLETE
129,0.2135559412596891,2025-10-16 23:43:11.580462,2025-10-16 23:43:14.100765,0 days 00:00:02.520303,0.7170957206433611,0.10254822828953605,0.03285131406779291,10,2.296426455291032,500,2.2249593594996755,0.5597781100470669,0.513012611419884,COMPLETE
130,0.22924133550957965,2025-10-16 23:43:14.101169,2025-10-16 23:43:15.654954,0 days 00:00:01.553785,0.7353749561712404,0.49518525018485765,0.027660342736806575,10,0.9552544153273737,450,2.443724940120893,1.4821575621454757,0.572413177043268,COMPLETE
131,0.2076708163655695,2025-10-16 23:43:15.655368,2025-10-16 23:43:18.994716,0 days 00:00:03.339348,0.6972607864582131,0.008972142031497578,0.02658909391779562,10,1.7059482019153904,500,1.9325671236128716,1.1782220824077072,0.6314022341737431,COMPLETE
132,0.21471349061896322,2025-10-16 23:43:18.995130,2025-10-16 23:43:21.842583,0 days 00:00:02.847453,0.6720216459066726,0.10314260184000276,0.02168210362473787,10,0.717059883069201,500,1.992071936577,1.6544753924387372,0.614352741964983,COMPLETE
133,0.21691210150454837,2025-10-16 23:43:21.842999,2025-10-16 23:43:23.216853,0 days 00:00:01.373854,0.7553355294607103,0.3318639113469314,0.04406421712792713,10,1.47027781982199,500,1.6800702926354907,1.014950051991983,0.6264324325950569,COMPLETE
134,0.20801375832812918,2025-10-16 23:43:23.217278,2025-10-16 23:43:26.678412,0 days 00:00:03.461134,0.7201890034760244,0.0005605107124549841,0.03660896002547163,10,1.9038640953996366,500,1.8886076676036012,2.0474219517541687,0.5329951553491531,COMPLETE
135,0.21825682017997236,2025-10-16 23:43:26.678816,2025-10-16 23:43:28.570928,0 days 00:00:01.892112,0.7175179771884954,0.22999449337489458,0.03162859902079264,10,1.7729970316811072,500,2.1902968555189317,1.3422545353302102,0.5952907458104563,COMPLETE
136,0.2219139239594991,2025-10-16 23:43:28.571367,2025-10-16 23:43:31.462562,0 days 00:00:02.891195,0.7299695855379635,2.154943126723562e-05,0.03560947388810021,10,1.8793586749790359,500,7.032603137826762,2.0540219754034124,0.6093088926362982,COMPLETE
137,0.21052159704371537,2025-10-16 23:43:31.462976,2025-10-16 23:43:33.356679,0 days 00:00:01.893703,0.7440058137849108,0.19334483952562329,0.027824933137710527,9,2.1724175486073833,500,1.0490485316900058,0.014352796157474756,0.6756376686418499,COMPLETE
138,0.5155774007848166,2025-10-16 23:43:33.357082,2025-10-16 23:43:35.493971,0 days 00:00:02.136889,0.7459453154783054,4.819734902983399,0.0027303915397347725,9,2.2033258404737137,450,1.2912183339169105,0.02693746579495726,0.6656836255723626,COMPLETE
139,0.21289694190496516,2025-10-16 23:43:35.494386,2025-10-16 23:43:37.260663,0 days 00:00:01.766277,0.7603023287606635,0.24359721635087664,0.027668525347904586,9,2.031901137122608,500,1.0234443564035955,0.35138638053565563,0.6928005907444456,COMPLETE
140,0.2223977545953767,2025-10-16 23:43:37.261069,2025-10-16 23:43:39.444801,0 days 00:00:02.183732,0.7817596605411811,0.4009802338474019,0.015902940209735265,9,2.459441011193376,500,1.8715577228082678,0.6273481565016057,0.6333764004723975,COMPLETE
141,0.21658091055378603,2025-10-16 23:43:39.445220,2025-10-16 23:43:41.821931,0 days 00:00:02.376711,0.7346827844888699,0.16985869910142024,0.024624419703069125,10,1.6156571062546372,500,2.5153723182535055,1.8108637573370339,0.6224976678866583,COMPLETE
142,0.21034408031817967,2025-10-16 23:43:41.822353,2025-10-16 23:43:44.339506,0 days 00:00:02.517153,0.7229129851802699,0.10134841196553104,0.03155028017488311,10,1.3766839465387708,500,1.9186170508760465,2.621979493182228,0.6470247068264336,COMPLETE
143,0.21638512387769537,2025-10-16 23:43:44.339922,2025-10-16 23:43:46.449816,0 days 00:00:02.109894,0.7187994500223516,0.29905128487124416,0.022140806497928045,10,1.2932628010958107,500,1.4502020447496455,2.055820727182967,0.6775687579501835,COMPLETE
144,0.20608928805734947,2025-10-16 23:43:46.450231,2025-10-16 23:43:49.234581,0 days 00:00:02.784350,0.7965244632398871,0.08369824639022622,0.028011649309996847,10,1.4073541486783048,500,1.8899595414128145,2.7848733858132455,0.660370293313771,COMPLETE
145,0.20801108989014117,2025-10-16 23:43:49.235003,2025-10-16 23:43:52.631753,0 days 00:00:03.396750,0.7095927950263766,0.005183817211685232,0.027567544801691917,10,1.0674375578594164,500,1.8568470161593855,2.947785450202284,0.6636023991302545,COMPLETE
146,0.2253415819623755,2025-10-16 23:43:52.632167,2025-10-16 23:43:54.791697,0 days 00:00:02.159530,0.6988232564304977,0.0013387978360452357,0.01792505942492293,10,1.077867272104363,300,1.9161854331741677,3.401021349019632,0.6631658057995858,COMPLETE
147,0.21004640480902045,2025-10-16 23:43:54.792118,2025-10-16 23:43:57.548204,0 days 00:00:02.756086,0.7991545488253162,0.10341114218428085,0.025234160710972807,10,1.4294557592184336,500,2.0767498250457885,2.8902535056349175,0.6407695021014179,COMPLETE
148,0.21507952497409802,2025-10-16 23:43:57.548638,2025-10-16 23:44:00.248934,0 days 00:00:02.700296,0.7092912031014627,0.07586700388500613,0.021635081152527325,10,1.399393201959048,450,2.3788837886724523,2.973271921215692,0.6480682859734541,COMPLETE
149,0.21637498340518477,2025-10-16 23:44:00.249348,2025-10-16 23:44:01.973452,0 days 00:00:01.724104,0.8031208390520388,0.30600735081182423,0.030255994287178293,10,1.2391099633062275,500,2.1011279242412924,2.9542858131766527,0.654409232846152,COMPLETE
150,0.21315200753401914,2025-10-16 23:44:01.973876,2025-10-16 23:44:04.518289,0 days 00:00:02.544413,0.6770204092219202,0.08632776599930368,0.034702861217399336,10,0.9678394698149568,500,2.6810760173153194,2.504846502404358,0.695605682293883,COMPLETE
151,0.20528328034443177,2025-10-16 23:44:04.518711,2025-10-16 23:44:08.056342,0 days 00:00:03.537631,0.7983397439178639,0.0038166780510437044,0.025125387668306267,10,1.5678312675207549,500,1.8645493185999984,2.7686815946968157,0.6368131826175597,COMPLETE
152,0.2058443650305539,2025-10-16 23:44:08.056772,2025-10-16 23:44:11.458628,0 days 00:00:03.401856,0.8092715533631892,0.01913348255609653,0.024512762489654373,10,1.650614206609456,500,1.899353877927463,3.69768841393946,0.6402288468786025,COMPLETE
153,0.21004261823315154,2025-10-16 23:44:11.459063,2025-10-16 23:44:14.772379,0 days 00:00:03.313316,0.6857407001909454,0.007912055703619551,0.024969954761738418,10,1.591464380210534,500,2.1212272389559397,3.1344561174072947,0.661998856578091,COMPLETE
154,0.21131795551983004,2025-10-16 23:44:14.772802,2025-10-16 23:44:16.964858,0 days 00:00:02.192056,0.8080598416265569,0.2162824405314368,0.02487430407748404,10,1.5023285157118507,500,1.5565932110573555,3.4939554754082893,0.6358327615893812,COMPLETE
155,0.20864552808908451,2025-10-16 23:44:16.965271,2025-10-16 23:44:20.505336,0 days 00:00:03.540065,0.7943800337292708,0.00888989053355653,0.01990975979868558,10,0.7500326022286546,500,2.024721009470395,3.929125444182633,0.6625740267091376,COMPLETE
156,0.21466071394853334,2025-10-16 23:44:20.505727,2025-10-16 23:44:23.133193,0 days 00:00:02.627466,0.7915567363617767,0.1813900785473642,0.0196092991128951,10,1.1260959392355776,500,2.043521503702075,3.2291133646742582,0.6193548919012976,COMPLETE
157,0.21144288943100562,2025-10-16 23:44:23.133608,2025-10-16 23:44:26.889931,0 days 00:00:03.756323,0.8319054603852742,0.010778005339576256,0.013306633774001582,10,0.6842574646613081,500,1.7959373033298347,3.246074262641728,0.6629003359318028,COMPLETE
158,0.32110656610607685,2025-10-16 23:44:26.890348,2025-10-16 23:44:29.870854,0 days 00:00:02.980506,0.8069024694530993,0.39147160082588656,0.004494413941867012,10,1.5795505133055612,450,1.3329146957922728,3.788155518444373,0.6395840629659364,COMPLETE
159,0.21659484247458566,2025-10-16 23:44:29.871284,2025-10-16 23:44:32.448991,0 days 00:00:02.577707,0.8138123821587075,0.2684157914390794,0.01692286970291885,10,0.8668033932290924,500,2.1305281165821985,3.8585624482294483,0.6678573377713714,COMPLETE
160,0.21010624492722535,2025-10-16 23:44:32.449422,2025-10-16 23:44:35.028552,0 days 00:00:02.579130,0.7933772179081633,0.15083057945270423,0.022760429557033612,10,1.1054094706551392,500,1.4567598515084874,2.724029460848744,0.6233332623344009,COMPLETE
161,0.20682133523116605,2025-10-16 23:44:35.028981,2025-10-16 23:44:38.368559,0 days 00:00:03.339578,0.8016005804271238,0.01158416149685021,0.02460538885561219,10,1.312772351461107,500,2.4632458239461554,3.0525728693436904,0.6542283356340847,COMPLETE
162,0.20323842806384543,2025-10-16 23:44:38.368989,2025-10-16 23:44:41.972571,0 days 00:00:03.603582,0.829687862538329,0.003177784815060818,0.024675740725588778,10,1.6109213472646962,500,1.8390814602577557,3.011251950048931,0.6811708139984746,COMPLETE
163,0.20348078489911564,2025-10-16 23:44:41.972989,2025-10-16 23:44:45.476350,0 days 00:00:03.503361,0.8309258584996145,0.0188122022949372,0.020121620998759027,10,1.6276360236814822,500,1.7803602364979185,3.0548806303316938,0.7159811531962988,COMPLETE
164,0.20478788454987967,2025-10-16 23:44:45.476777,2025-10-16 23:44:49.072331,0 days 00:00:03.595554,0.8254391045195475,0.0044558448281711615,0.019713732001758758,10,1.9791848855193324,500,1.8087071417768645,3.380717005405575,0.7372711819162143,COMPLETE
165,0.20689156156267,2025-10-16 23:44:49.072748,2025-10-16 23:44:52.737175,0 days 00:00:03.664427,0.8361694786696007,0.012544616995791503,0.015300443508493456,10,1.6591295257572687,500,1.7862225770119677,3.470825045300261,0.7645054644782447,COMPLETE
166,0.21288242674274682,2025-10-16 23:44:52.737605,2025-10-16 23:44:55.181721,0 days 00:00:02.444116,0.8248068993857268,0.2533151645277914,0.0187379250117839,10,1.9516222923388455,500,1.8815973430341815,3.4694695469110295,0.7596716109932972,COMPLETE
167,0.210008766581703,2025-10-16 23:44:55.182140,2025-10-16 23:44:58.786887,0 days 00:00:03.604747,0.8324323454066999,0.008855642624920354,0.013655397239612614,10,2.0520165557235877,500,1.7613801463823868,3.6908173233206902,0.7274721985739131,COMPLETE
168,0.20984942113977378,2025-10-16 23:44:58.787301,2025-10-16 23:45:01.668747,0 days 00:00:02.881446,0.8544200590661947,0.17502358928915024,0.014731697614073676,10,1.653946907679435,450,1.139607444159646,3.95852975342573,0.742868687807821,COMPLETE
169,0.2173456943488068,2025-10-16 23:45:01.669163,2025-10-16 23:45:04.585439,0 days 00:00:02.916276,0.8192937891436634,0.34493383860565574,0.011624085959895981,10,1.9339114162329751,500,1.535859868682815,3.4107139196698375,0.7688927752675895,COMPLETE
170,0.2554953803318531,2025-10-16 23:45:04.585858,2025-10-16 23:45:06.127879,0 days 00:00:01.542021,0.8353871624056814,0.0007270928276729358,0.016021923838971087,6,1.035723010625684,500,2.55781634654541,3.027705636693819,0.7086406375650789,COMPLETE
171,0.2067705528359869,2025-10-16 23:45:06.128292,2025-10-16 23:45:08.940928,0 days 00:00:02.812636,0.8101085162319266,0.13340999861592912,0.02033409917893912,10,1.2584366700727618,500,1.6740703405817279,3.6259659924893155,0.792695897017069,COMPLETE
172,0.20851967742972538,2025-10-16 23:45:08.941349,2025-10-16 23:45:11.767606,0 days 00:00:02.826257,0.8099552739996467,0.14118430668079335,0.019579744253327383,10,1.196345403510908,500,1.8455623186844723,3.3455521864673528,0.7800204418867983,COMPLETE
