number,value,datetime_start,datetime_complete,duration,params_colsample_bytree,params_gamma,params_learning_rate,params_max_depth,params_min_child_weight,params_n_estimators,params_reg_alpha,params_reg_lambda,params_subsample,state
173,0.2091563755868865,2025-10-16 23:45:11.768021,2025-10-16 23:45:14.466171,0 days 00:00:02.698150,0.8500602562270827,0.18516471764793208,0.018049295545079773,10,0.786907859392422,500,1.7821506062556964,3.619063308788159,0.8100882075978514,COMPLETE
174,0.210248386649021,2025-10-16 23:45:14.466585,2025-10-16 23:45:17.123697,0 days 00:00:02.657112,0.8123314649065586,0.18137824940412353,0.018284996981004782,10,0.694098067977613,500,1.880465961314913,3.6364401836544453,0.8062126666841679,COMPLETE
175,0.21029584920757566,2025-10-16 23:45:17.124117,2025-10-16 23:45:19.457560,0 days 00:00:02.333443,0.8512554802119563,0.2711373322988181,0.020371285631161362,10,0.7537471137285591,500,1.2929607642263052,4.3841411499136145,0.7889681458975474,COMPLETE
176,0.2288146792753211,2025-10-16 23:45:19.457982,2025-10-16 23:45:22.472432,0 days 00:00:03.014450,0.835070237315432,0.13243320988561655,0.012127401492101892,10,0.9320362617832318,500,5.917362070535214,3.275363319690111,0.7879169951531613,COMPLETE
177,0.21036774016131443,2025-10-16 23:45:22.472858,2025-10-16 23:45:25.323040,0 days 00:00:02.850182,0.823865307678679,0.16259381856151703,0.017810120584963684,10,1.6603077060666618,500,1.9307469212480328,3.960527413935376,0.7553270889347956,COMPLETE
178,0.23874102463253807,2025-10-16 23:45:25.323460,2025-10-16 23:45:27.719178,0 days 00:00:02.395718,0.795668878031815,0.35351658595680024,0.015570545923965355,10,1.2020565853015062,500,9.936922738050484,2.719759028224009,0.7973706952280972,COMPLETE
179,0.2551445183798861,2025-10-16 23:45:27.719594,2025-10-16 23:45:28.981486,0 days 00:00:01.261892,0.8450010634583257,4.162934623494897,0.021310404070955868,10,1.856547222523449,500,1.542778896363505,3.618416497759668,0.8289323418788517,COMPLETE
180,0.21899550149382072,2025-10-16 23:45:28.981901,2025-10-16 23:45:30.981143,0 days 00:00:01.999242,0.8139744057314741,0.4880659930992476,0.019974522411909883,10,1.4427080020603338,500,1.769270462834486,3.3159036257531844,0.7796213828843765,COMPLETE
181,0.2027734226409783,2025-10-16 23:45:30.981568,2025-10-16 23:45:33.829893,0 days 00:00:02.848325,0.8710545536549953,0.08797273530584279,0.02367690492335972,10,1.166267313540718,500,1.748403610453234,2.865827563224698,0.8177965837418308,COMPLETE
182,0.20351306818492726,2025-10-16 23:45:33.830311,2025-10-16 23:45:36.449597,0 days 00:00:02.619286,0.8388744384508129,0.11258923486284714,0.02351697812171436,10,1.082440068281542,500,1.412577330353061,2.855369704211632,0.8161975332134489,COMPLETE
183,0.20170307395474013,2025-10-16 23:45:36.450022,2025-10-16 23:45:39.291364,0 days 00:00:02.841342,0.8631987334959822,0.09549748220560414,0.023312110471201488,10,1.1417506453955617,500,1.3935413583014227,2.8887412423330137,0.7655874122276809,COMPLETE
184,0.19773500140214118,2025-10-16 23:45:39.291786,2025-10-16 23:45:43.183430,0 days 00:00:03.891644,0.8732348661551557,0.0035588262976327034,0.024183852164102033,10,0.9927496609515658,500,1.338996610177363,3.0874040162613268,0.8424026381161338,COMPLETE
185,0.20179479874839834,2025-10-16 23:45:43.183852,2025-10-16 23:45:45.838697,0 days 00:00:02.654845,0.8795847287913855,0.10792720503499711,0.0240792842385082,10,0.9893590270220467,500,1.2213167663162798,2.868551354934506,0.8398502266573296,COMPLETE
186,0.20661481324716682,2025-10-16 23:45:45.839123,2025-10-16 23:45:47.902222,0 days 00:00:02.063099,0.8824825763247263,0.26705156405242936,0.023797437262719,10,1.037172717656051,500,0.9747364216226941,2.876303364950398,0.8453979221860002,COMPLETE
187,0.20574225110483427,2025-10-16 23:45:47.902658,2025-10-16 23:45:49.993567,0 days 00:00:02.090909,0.868849493643426,0.25474431336252973,0.02376469017621966,10,1.023713454088471,500,0.9232062109912371,2.8551789307931945,0.8534955304997498,COMPLETE
188,0.2064623213070727,2025-10-16 23:45:49.993981,2025-10-16 23:45:51.965904,0 days 00:00:01.971923,0.8740563130692893,0.28255921410150764,0.024949137015498567,10,1.022077699844489,500,0.8991988588061588,2.8857750505037876,0.8580200698117079,COMPLETE
189,0.20674876968958716,2025-10-16 23:45:51.966328,2025-10-16 23:45:54.012878,0 days 00:00:02.046550,0.8991406381831395,0.30366475785103747,0.02364421593166131,10,0.9986857016298245,500,0.9306631819288471,2.6014001277167496,0.8552145764891703,COMPLETE
190,0.2134757705911116,2025-10-16 23:45:54.013299,2025-10-16 23:45:55.798386,0 days 00:00:01.785087,0.8766711463064817,0.5648202675702667,0.023188025694973635,10,0.9747813290546588,500,0.8777611998048305,2.7879843374543385,0.8506266725141087,COMPLETE
191,0.20544117173168136,2025-10-16 23:45:55.798806,2025-10-16 23:45:57.896395,0 days 00:00:02.097589,0.9085746287404284,0.2619240339359863,0.023625506752278345,10,1.0565332287772902,500,0.9508681314315982,3.0419687871568244,0.8631925333306276,COMPLETE
192,0.2057592072263443,2025-10-16 23:45:57.896807,2025-10-16 23:45:59.926407,0 days 00:00:02.029600,0.9048185926122233,0.30469125260233043,0.02394717573479007,10,0.9216273816650872,500,0.6785265491777848,3.071709447927746,0.8688702505844397,COMPLETE
193,0.2091440678036321,2025-10-16 23:45:59.926826,2025-10-16 23:46:01.838594,0 days 00:00:01.911768,0.9032747846353669,0.4227438711786799,0.02340875039812428,10,0.8926326917724302,500,0.7012694128892675,2.566378844096822,0.8691667840580044,COMPLETE
194,0.20838749400098744,2025-10-16 23:46:01.839015,2025-10-16 23:46:03.922863,0 days 00:00:02.083848,0.9053552434590427,0.32060061599017886,0.022790957975352553,10,0.5006118447126476,500,0.9757501499866694,3.0877789523133607,0.8410222023413085,COMPLETE
195,0.20406705391199953,2025-10-16 23:46:03.923297,2025-10-16 23:46:06.003444,0 days 00:00:02.080147,0.8656573865235225,0.26541524491374285,0.02371307306065814,10,1.102737001138332,500,0.5904923981510529,2.831997573706524,0.852680776420941,COMPLETE
196,0.2091982807405149,2025-10-16 23:46:06.003871,2025-10-16 23:46:07.863416,0 days 00:00:01.859545,0.8676688366984109,0.42458246628673313,0.024709379394127536,10,1.0582323236948774,500,0.6215973122193724,2.8397915128520386,0.852035538688551,COMPLETE
197,0.20461171108454745,2025-10-16 23:46:07.863842,2025-10-16 23:46:10.029893,0 days 00:00:02.166051,0.8996644347980086,0.2545147754216836,0.02206155161686949,10,5.3046229542803855,500,0.8711304005849618,2.643342311095412,0.8771592941064559,COMPLETE
198,0.20555309515327566,2025-10-16 23:46:10.030316,2025-10-16 23:46:12.226824,0 days 00:00:02.196508,0.9332728064487136,0.30458779698968214,0.021121396210233002,10,5.218039476572333,500,0.8371998389804944,2.5582143919401172,0.8876418018170076,COMPLETE
199,0.21205310391252652,2025-10-16 23:46:12.227238,2025-10-16 23:46:14.086524,0 days 00:00:01.859286,0.9347751599940202,0.5510577723816001,0.02220933113709381,10,5.324969986277215,500,0.7706009580551542,2.619401851404377,0.8857791292003973,COMPLETE
