number,value,datetime_start,datetime_complete,duration,params_colsample_bytree,params_gamma,params_learning_rate,params_max_depth,params_min_child_weight,params_n_estimators,params_reg_alpha,params_reg_lambda,params_subsample,state
0,0.2819877062545976,2025-10-16 23:40:24.310366,2025-10-16 23:40:25.322033,0 days 00:00:01.011667,0.6780896042090152,1.036436393296083,0.020799486896812477,5,5.162809426626999,400,6.566580778968677,3.2088593698753876,0.6140913161586421,COMPLETE
1,0.7444449776043414,2025-10-16 23:40:25.322509,2025-10-16 23:40:26.002863,0 days 00:00:00.680354,0.9289421773012069,2.9534236956381816,0.0031000033583200226,5,5.083924070500512,250,0.4875872362128142,2.757918231039993,0.716570095769357,COMPLETE
2,0.6610674917388395,2025-10-16 23:40:26.003289,2025-10-16 23:40:27.408326,0 days 00:00:01.405037,0.8669628006920831,0.08442912590837848,0.003616917604328035,10,5.429034572673931,250,9.155018366429665,0.9739970377802254,0.5650859454199562,COMPLETE
3,0.29762759934355293,2025-10-16 23:40:27.408732,2025-10-16 23:40:28.066162,0 days 00:00:00.657430,0.75179286813152,3.0570381903443455,0.04276400188677547,4,3.1291539847129677,400,4.1370607268999375,8.289207982824223,0.5546510152055767,COMPLETE
4,0.2565514762405853,2025-10-16 23:40:28.066566,2025-10-16 23:40:28.476118,0 days 00:00:00.409552,0.6686881451775524,1.725600622154602,0.10959832699493004,9,0.7199140034472453,200,4.927530190413933,3.737023959394654,0.9134753875003829,COMPLETE
5,0.28504289699514385,2025-10-16 23:40:28.476529,2025-10-16 23:40:29.029264,0 days 00:00:00.552735,0.6472512330395144,1.0759276514950926,0.15934920721929022,4,5.880431394262975,400,4.4952245167127085,4.068882333728435,0.7384851908678113,COMPLETE
6,1.1703013217122245,2025-10-16 23:40:29.029655,2025-10-16 23:40:29.388075,0 days 00:00:00.358420,0.5520334998799344,3.3128586256907417,0.0016238118297425448,4,5.223185972620381,150,6.223851374967606,0.9759736402815722,0.6332858436196063,COMPLETE
7,0.6298617810427201,2025-10-16 23:40:29.388468,2025-10-16 23:40:31.440718,0 days 00:00:02.052250,0.97042060351875,0.4595828954530018,0.0024099788819533095,9,2.4717242834173816,400,8.771144517229239,4.354497317771098,0.6734052502628861,COMPLETE
8,0.28015177940720626,2025-10-16 23:40:31.441121,2025-10-16 23:40:32.186912,0 days 00:00:00.745791,0.6036850290144343,2.911609766360494,0.041942778541865226,10,9.154019573849833,350,7.445717358579732,9.747211499192357,0.5758189399639584,COMPLETE
9,1.3361866144289507,2025-10-16 23:40:32.187300,2025-10-16 23:40:32.464331,0 days 00:00:00.277031,0.5306508468070018,0.854966018611083,0.0015927347372058408,9,3.7729504681767927,50,7.880884939956188,2.8845490293603007,0.7861630476215895,COMPLETE
10,0.2805098091822571,2025-10-16 23:40:32.464746,2025-10-16 23:40:33.037130,0 days 00:00:00.572384,0.768294340144504,4.570271858033978,0.24666038996671802,7,0.8134528785412872,500,2.758195774330459,6.382761559978311,0.9466402160095465,COMPLETE
11,0.263401740827217,2025-10-16 23:40:33.037525,2025-10-16 23:40:33.490367,0 days 00:00:00.452842,0.6308381358844335,1.822223979567951,0.0627432126826894,8,9.586092595873623,150,6.846670557523834,9.513935980474795,0.8782947062131401,COMPLETE
12,0.2638096061128484,2025-10-16 23:40:33.490775,2025-10-16 23:40:33.837064,0 days 00:00:00.346289,0.6815635885517125,1.9042640954091834,0.09412269201254315,7,9.778649371118174,150,2.604218486712157,6.221447829275583,0.9183712658853848,COMPLETE
13,0.2580138778262369,2025-10-16 23:40:33.837465,2025-10-16 23:40:34.250683,0 days 00:00:00.413218,0.7934093046638456,1.868795205687929,0.073659398197932,8,7.514368072566148,150,5.532068777118841,6.464402835759469,0.8488530775602576,COMPLETE
14,0.6047031361137889,2025-10-16 23:40:34.251068,2025-10-16 23:40:34.719500,0 days 00:00:00.468432,0.8266107746253861,2.14144523145497,0.010195171491403936,8,7.617110794585053,100,5.250067724100878,5.9668831176054224,0.8261833923802026,COMPLETE
15,0.2736106188294188,2025-10-16 23:40:34.719903,2025-10-16 23:40:35.515631,0 days 00:00:00.795728,0.8233939392990772,4.034232973634545,0.017967353787942595,8,7.120165588012183,200,3.1248241406994985,7.601766215818308,0.9860446055501912,COMPLETE
16,0.2717556455766231,2025-10-16 23:40:35.516053,2025-10-16 23:40:35.990135,0 days 00:00:00.474082,0.7168084794925039,1.5478009653660092,0.10795355593491393,6,0.8338515927189103,300,5.440058683128349,5.5454194771414675,0.8396864433352501,COMPLETE
17,0.2585531490987311,2025-10-16 23:40:35.990525,2025-10-16 23:40:36.152513,0 days 00:00:00.161988,0.788084569616789,2.2918127336670735,0.27176148972390013,9,7.923992275873293,50,1.4032947430175877,7.624440484021553,0.8923935300919288,COMPLETE
18,0.4508632082950533,2025-10-16 23:40:36.152920,2025-10-16 23:40:36.797859,0 days 00:00:00.644939,0.8855774224757487,1.421109138006619,0.0076601482426587805,6,6.574310252324203,200,3.97847185736672,1.7642877371794885,0.9946739421358497,COMPLETE
19,0.2876636966858294,2025-10-16 23:40:36.798262,2025-10-16 23:40:37.270983,0 days 00:00:00.472721,0.5822554833827656,2.4971117268042877,0.033704336811154756,10,8.521728518174287,100,5.684163903707824,4.666570067317785,0.7995792811006684,COMPLETE
20,0.28181397001501096,2025-10-16 23:40:37.271387,2025-10-16 23:40:37.710504,0 days 00:00:00.439117,0.722167468078776,4.998836907441801,0.12834433837887443,8,1.8860613735535088,300,9.972627716166237,0.09644439558168649,0.8970220609786488,COMPLETE
21,0.2593983226079979,2025-10-16 23:40:37.710919,2025-10-16 23:40:37.869795,0 days 00:00:00.158876,0.795821394938717,2.3246537311407547,0.2947238639357185,9,7.8463032449434,50,1.0546772002874838,7.562586073611502,0.861753665973704,COMPLETE
22,0.2591864934974851,2025-10-16 23:40:37.870209,2025-10-16 23:40:38.102389,0 days 00:00:00.232180,0.787982523821911,3.5595077746655157,0.1792603008377769,9,8.631940497589246,100,1.4917500348265527,7.129174684906454,0.9414993466140956,COMPLETE
23,0.2580838942414412,2025-10-16 23:40:38.102790,2025-10-16 23:40:38.546907,0 days 00:00:00.444117,0.6979945804327126,1.538939222709059,0.07715473089873608,7,6.7587721130177965,200,0.004854813971046035,8.999766328002764,0.7753287121865139,COMPLETE
24,0.25880767467434335,2025-10-16 23:40:38.547300,2025-10-16 23:40:39.019192,0 days 00:00:00.471892,0.7009681722757992,1.6502228858679597,0.0656387543037662,7,3.9526696337319787,200,0.04366736834274396,8.58377248198251,0.7762612714567434,COMPLETE
25,0.2636336404841392,2025-10-16 23:40:39.019607,2025-10-16 23:40:39.479977,0 days 00:00:00.460370,0.6386274529161249,1.33783107003897,0.07579812926745376,7,6.4308396122597165,200,3.382228407547391,8.841951437658185,0.701897732850108,COMPLETE
26,0.263121433030006,2025-10-16 23:40:39.480389,2025-10-16 23:40:40.234851,0 days 00:00:00.754462,0.7378534305025142,0.9108476130138208,0.030029902314816396,6,6.752602199919066,250,2.0480916538019773,5.3106142003665955,0.8321379824187398,COMPLETE
27,0.3208369404519828,2025-10-16 23:40:40.235260,2025-10-16 23:40:40.538419,0 days 00:00:00.303159,0.8480689661784554,2.026024938550445,0.05191999221890467,3,4.476509617801582,150,4.443290873665463,7.061458264883468,0.7479962434335667,COMPLETE
28,0.2736135733332815,2025-10-16 23:40:40.538824,2025-10-16 23:40:41.772080,0 days 00:00:01.233256,0.6788829229921266,0.5124133291136022,0.012003465235342209,8,6.03690403266673,300,7.64701312949656,3.566390229629855,0.8089698443695837,COMPLETE
29,0.2657846644124483,2025-10-16 23:40:41.772489,2025-10-16 23:40:42.474251,0 days 00:00:00.701762,0.6611159607126343,1.1768073989579833,0.027203895053686818,7,7.100664488205847,200,6.534712761760842,2.0836793577758876,0.9572904702787565,COMPLETE
30,0.29814216320448117,2025-10-16 23:40:42.474652,2025-10-16 23:40:43.081180,0 days 00:00:00.606528,0.5891812482563688,2.7694923394003528,0.19004933435589738,5,1.4932274057412371,500,6.087436634654374,3.6383724381296316,0.6670542836512908,COMPLETE
31,0.2502813841854769,2025-10-16 23:40:43.081589,2025-10-16 23:40:43.310978,0 days 00:00:00.229389,0.7762800572486639,2.2381820563372177,0.12845699018164655,9,7.996318113533627,50,1.1895970011421346,9.116347459941606,0.8961476541288053,COMPLETE
32,0.2529054431268436,2025-10-16 23:40:43.311371,2025-10-16 23:40:43.644680,0 days 00:00:00.333309,0.6972081701639451,1.7052832390593253,0.09051195786867203,8,8.374661246068415,100,0.649686510834131,9.06324141465996,0.8665960982930401,COMPLETE
33,0.25082692832521114,2025-10-16 23:40:43.645090,2025-10-16 23:40:43.940039,0 days 00:00:00.294949,0.7447048326627838,2.5852616043422736,0.12034167444935372,10,8.474417390287666,100,0.7887250768003594,9.998557230912462,0.9166888098673847,COMPLETE
34,0.2656299786942579,2025-10-16 23:40:43.940436,2025-10-16 23:40:44.210951,0 days 00:00:00.270515,0.7506743933991455,2.6385604640665594,0.12600455220691537,10,8.566304432637022,100,0.650619660491399,9.755720563606584,0.5079454685076942,COMPLETE
35,0.25144668069075815,2025-10-16 23:40:44.211383,2025-10-16 23:40:44.420704,0 days 00:00:00.209321,0.9169865665508742,3.2892577869247095,0.1517821207956268,10,8.2452018733108,50,1.9843999108900192,7.992819562325617,0.9121299596391682,COMPLETE
36,0.25307732768956803,2025-10-16 23:40:44.421114,2025-10-16 23:40:44.613422,0 days 00:00:00.192308,0.9289754028061485,3.700918938634393,0.1771087669077138,10,9.093484797961974,50,1.8829593769641566,9.11807914307831,0.9690372777872911,COMPLETE
37,0.24677411897376628,2025-10-16 23:40:44.613835,2025-10-16 23:40:44.885647,0 days 00:00:00.271812,0.9998849638576658,3.2476528618853147,0.13937846458929876,10,8.297905546185657,100,0.9253056265257966,8.275159786273957,0.9196952896700143,COMPLETE
38,0.24804834680796428,2025-10-16 23:40:44.886052,2025-10-16 23:40:45.117523,0 days 00:00:00.231471,0.9961023598412201,3.1744011938796097,0.13719224060514768,10,9.97798334473444,50,1.9819180217207766,8.040914734034056,0.9337374818455492,COMPLETE
39,0.909453550531494,2025-10-16 23:40:45.117935,2025-10-16 23:40:45.747314,0 days 00:00:00.629379,0.9879250529851016,3.12799313997858,0.004991741480948944,10,9.263419709699114,100,1.137547101160273,8.524152045123193,0.9378602596633162,COMPLETE
40,0.30587864616553007,2025-10-16 23:40:45.747730,2025-10-16 23:40:46.044003,0 days 00:00:00.296273,0.9520471884868479,3.8450809117245406,0.046763880134100204,10,9.901660520053332,50,2.342828735764873,9.434209959407944,0.9198626296029757,COMPLETE
41,0.25045096433605807,2025-10-16 23:40:46.044430,2025-10-16 23:40:46.261319,0 days 00:00:00.216889,0.9975419374706065,3.3411876037150914,0.14628233236757454,10,8.119123923432253,50,1.7766514384742669,8.076181473265562,0.9033879227490427,COMPLETE
42,0.24852380932759752,2025-10-16 23:40:46.261738,2025-10-16 23:40:46.443596,0 days 00:00:00.181858,0.9815609419550165,2.9964585585536794,0.1996119740353841,9,9.158398875295,50,0.7639878571877853,8.30024831409719,0.9767532639328028,COMPLETE
43,0.251703523119669,2025-10-16 23:40:46.444020,2025-10-16 23:40:46.619828,0 days 00:00:00.175808,0.9803892335417196,3.442200532493076,0.2057184403274646,9,9.16649673688051,50,1.5669524234336445,8.173450166999784,0.9758350967251688,COMPLETE
44,0.2622278301152118,2025-10-16 23:40:46.620231,2025-10-16 23:40:46.779052,0 days 00:00:00.158821,0.9554411199530711,4.248742698758122,0.25313360550530134,9,8.885698833732391,50,3.426576398900497,8.048399867910867,0.997995075378066,COMPLETE
45,1.3619406593184227,2025-10-16 23:40:46.779465,2025-10-16 23:40:47.106491,0 days 00:00:00.327026,0.9993779106849482,2.9668858493996253,0.0010991339892095343,9,9.98555096521801,50,0.326347949714338,6.9450941317633434,0.8851218447868062,COMPLETE
46,0.25291413366148063,2025-10-16 23:40:47.106906,2025-10-16 23:40:47.363749,0 days 00:00:00.256843,0.9173264119717904,3.092595553732773,0.15476876756584396,10,9.36195781602171,100,2.753263395731476,8.40705929270752,0.9555354392388119,COMPLETE
47,0.2500740329082292,2025-10-16 23:40:47.364147,2025-10-16 23:40:48.015366,0 days 00:00:00.651219,0.9614900968124259,3.2552339199281075,0.09725627952090592,9,7.261609568900099,450,1.2126064461436719,7.721716974414082,0.938455389575096,COMPLETE
48,0.24692669942799572,2025-10-16 23:40:48.015765,2025-10-16 23:40:48.666675,0 days 00:00:00.650910,0.8912150045065058,2.827965549203781,0.09899926821280969,9,7.344801389763812,450,1.19188508620775,6.776418850060503,0.9439149574861705,COMPLETE
49,0.26038135607062957,2025-10-16 23:40:48.667089,2025-10-16 23:40:49.219980,0 days 00:00:00.552891,0.9542285858599364,3.792528107414451,0.22696233813645683,9,5.638576389095574,450,2.3636832816647564,6.698215788717709,0.927901571336244,COMPLETE
50,0.24478699378700666,2025-10-16 23:40:49.220379,2025-10-16 23:40:49.777048,0 days 00:00:00.556669,0.889203016234769,2.8214088739839545,0.09668602666902136,9,4.924908675155798,350,0.8941316040796448,7.420889734490654,0.9692561508801723,COMPLETE
51,0.24446323442143492,2025-10-16 23:40:49.777462,2025-10-16 23:40:50.574106,0 days 00:00:00.796644,0.8910315788787697,2.814393412587746,0.05389959065326534,9,4.827710373386629,450,0.49272984625885674,5.9606914191194935,0.9697314027450471,COMPLETE
52,0.24407511022815914,2025-10-16 23:40:50.574518,2025-10-16 23:40:51.344336,0 days 00:00:00.769818,0.8871440706822115,2.8094587868916676,0.05660968447550236,9,4.883551503569977,450,0.46341487681128435,5.832195031849321,0.9783105796536677,COMPLETE
53,0.24166422118533606,2025-10-16 23:40:51.344746,2025-10-16 23:40:52.140245,0 days 00:00:00.795499,0.8822553284467454,2.788640525276582,0.0563158244240601,10,4.7192167332084445,450,0.4583047814847329,5.356923502149481,0.9610958793023479,COMPLETE
54,0.24866055995259334,2025-10-16 23:40:52.140671,2025-10-16 23:40:52.875933,0 days 00:00:00.735262,0.8879407063229641,2.8137451659691393,0.05807865720058532,8,4.762238779396164,450,0.23998120551429702,5.842306244792415,0.9685922060806335,COMPLETE
55,0.24071143629068165,2025-10-16 23:40:52.876343,2025-10-16 23:40:53.700873,0 days 00:00:00.824530,0.8710417821784716,2.430901758429485,0.044038744586573746,9,3.5345552410995342,400,0.4299696422857117,4.988896083482872,0.9940937276342834,COMPLETE
56,0.2374197755390016,2025-10-16 23:40:53.701288,2025-10-16 23:40:54.877483,0 days 00:00:01.176195,0.856751681380419,2.4493777109160035,0.023419274213054897,10,3.3960215478520297,350,0.4104782885426598,4.94330092442694,0.9990510863831706,COMPLETE
57,0.24676373274010074,2025-10-16 23:40:54.877892,2025-10-16 23:40:55.664707,0 days 00:00:00.786815,0.8635042385154351,2.4214913801809814,0.03894515443716134,8,3.0393976109386873,350,0.3918398797667613,4.70406130911169,0.9785694784077499,COMPLETE
58,0.2368022167241401,2025-10-16 23:40:55.665109,2025-10-16 23:40:56.845103,0 days 00:00:01.179994,0.8276929497637173,2.0718875424028997,0.023312185677019752,9,3.9537392853606503,400,0.010966143277349294,4.187900415312459,0.9992499946932255,COMPLETE
59,0.24279963903598648,2025-10-16 23:40:56.845513,2025-10-16 23:40:57.972195,0 days 00:00:01.126682,0.8242471705855159,2.116607033980265,0.022578190103529377,8,3.9190341413208816,400,0.03153471886686479,4.178612467748058,0.9974299615345269,COMPLETE
60,0.2434045299685238,2025-10-16 23:40:57.972594,2025-10-16 23:40:59.163772,0 days 00:00:01.191178,0.8170666495558269,1.9757303807946602,0.020776392770636073,8,3.6125035166092827,400,0.43686598628275264,4.139786680331917,0.9993850433010246,COMPLETE
61,0.24205007037875093,2025-10-16 23:40:59.164187,2025-10-16 23:41:00.281513,0 days 00:00:01.117326,0.8423973244244373,2.058966136258018,0.02322491201023749,8,3.5701248497403433,400,0.0059682143692726085,4.094883148660353,0.9994432255938187,COMPLETE
62,0.2439691857170005,2025-10-16 23:41:00.281933,2025-10-16 23:41:01.394020,0 days 00:00:01.112087,0.8205087281956503,2.061102616594981,0.023091010509308618,8,3.366899588764066,400,0.2916353013938907,4.144906344303193,0.9933330840337212,COMPLETE
63,0.240576972751047,2025-10-16 23:41:01.394441,2025-10-16 23:41:02.924235,0 days 00:00:01.529794,0.845556180509072,1.8994456945921547,0.01412821698780346,8,4.097037652749146,400,0.03769236968818666,3.147315838505405,0.9901163259613406,COMPLETE
64,0.25424021252217094,2025-10-16 23:41:02.924633,2025-10-16 23:41:04.309535,0 days 00:00:01.384902,0.84193363825403,2.1889371669537137,0.013090625161586622,7,4.149990887967972,400,0.04771252079602001,2.836233951222747,0.9555619613175087,COMPLETE
65,0.24441622627791762,2025-10-16 23:41:04.309950,2025-10-16 23:41:05.613725,0 days 00:00:01.303775,0.8610676699678195,2.346848149576351,0.01666551950122396,8,2.7836281220053025,350,0.05012366355526839,4.89382530416707,0.9867396832444284,COMPLETE
66,0.25603189548805433,2025-10-16 23:41:05.614144,2025-10-16 23:41:07.325023,0 days 00:00:01.710879,0.8036854794285481,1.8197998304697707,0.00849823877624369,8,4.356336758180258,400,0.003258556439819184,3.14634871361731,0.9580534161908775,COMPLETE
67,0.2697464318936575,2025-10-16 23:41:07.325433,2025-10-16 23:41:08.368895,0 days 00:00:01.043462,0.8424864575341343,2.5479451820221,0.01607560372538162,6,2.2952787407035347,350,1.5184043793457271,5.168103811544402,0.9992695308758188,COMPLETE
68,0.25580144910804564,2025-10-16 23:41:08.369308,2025-10-16 23:41:09.417545,0 days 00:00:01.048237,0.8727869989375372,2.1218173247937253,0.025776257252848857,8,3.7549018228031343,400,8.589374669298168,4.461527580105904,0.9555018578137596,COMPLETE
69,0.23274595442461182,2025-10-16 23:41:09.417962,2025-10-16 23:41:10.483247,0 days 00:00:01.065285,0.7705785692167342,1.3546055894770097,0.03554877251091303,9,3.393112054493246,500,0.7203155494054634,2.270869047352688,0.9860998166543662,COMPLETE
70,0.23028828133843574,2025-10-16 23:41:10.483661,2025-10-16 23:41:11.592180,0 days 00:00:01.108519,0.7650807457142562,1.1223536744990006,0.03497237622118526,9,3.3693679639928646,500,0.6735325532782692,2.478967889347114,0.9839051443193166,COMPLETE
71,0.22283666395423313,2025-10-16 23:41:11.592600,2025-10-16 23:41:12.727179,0 days 00:00:01.134579,0.7687159626161928,0.7038901340682169,0.037983330776730204,9,3.3119080201022832,500,0.7180702260693599,2.2704999123108505,0.9859237571026478,COMPLETE
72,0.21666295838544944,2025-10-16 23:41:12.727590,2025-10-16 23:41:14.035649,0 days 00:00:01.308059,0.7769445325636456,0.6362547980354996,0.03387381271716297,10,3.164680752074861,500,0.7544090168558983,2.2633928469483293,0.9824679836396715,COMPLETE
73,0.22174250347116417,2025-10-16 23:41:14.036077,2025-10-16 23:41:15.295128,0 days 00:00:01.259051,0.7760052500875617,0.5953555553230439,0.03304385116216576,9,2.6918761071363417,500,0.8978890614528812,2.4291399281783694,0.9829611455234951,COMPLETE
74,0.2264335034897184,2025-10-16 23:41:15.295552,2025-10-16 23:41:16.565476,0 days 00:00:01.269924,0.7646707852986003,0.6034571077300157,0.033993234479661794,9,2.526808351117187,500,0.966748820926862,2.4548604826354112,0.615154149965102,COMPLETE
75,0.22444461086707534,2025-10-16 23:41:16.565891,2025-10-16 23:41:17.915994,0 days 00:00:01.350103,0.7669878478837291,0.5636859576284751,0.03447255070090783,10,2.4458788948394377,500,1.3546962439583314,2.379591763715419,0.5961200624915028,COMPLETE
76,0.22768428572261068,2025-10-16 23:41:17.916410,2025-10-16 23:41:19.283248,0 days 00:00:01.366838,0.7669139323854469,0.5552255603647515,0.030924352485925115,9,2.211485094396186,500,1.4109104757251485,2.232139872589031,0.5786606608942639,COMPLETE
77,0.21072280518896638,2025-10-16 23:41:19.283654,2025-10-16 23:41:21.567369,0 days 00:00:02.283715,0.7658027937388443,0.09612071018211754,0.037006422290351774,9,1.8263350338796909,500,1.66410035741706,2.307449542333877,0.6015412089913368,COMPLETE
78,0.2114134910482453,2025-10-16 23:41:21.567795,2025-10-16 23:41:24.152579,0 days 00:00:02.584784,0.7334529727091903,0.09401676004899273,0.031915812976398034,10,1.8063006071032492,500,2.2572489146579113,1.4087045113737071,0.6092509346864523,COMPLETE
79,0.20892013025785622,2025-10-16 23:41:24.152996,2025-10-16 23:41:27.255133,0 days 00:00:03.102137,0.7253291971057847,0.030020465332015592,0.030048959817931663,10,1.4130134822127165,500,2.264235816425863,1.3736266196538482,0.6003044692370707,COMPLETE
80,0.2094870342308642,2025-10-16 23:41:27.255539,2025-10-16 23:41:30.264449,0 days 00:00:03.008910,0.7252395564955323,0.04293661945311746,0.028968867188149963,10,1.2668100455529998,500,2.334842828759665,1.3583853219784254,0.6153042767594593,COMPLETE
81,0.20977038230687126,2025-10-16 23:41:30.264865,2025-10-16 23:41:32.894762,0 days 00:00:02.629897,0.7183922969476525,0.06880487575923899,0.038537490548494216,10,1.2770164108776658,500,2.3585388183343357,1.3313004489840554,0.6257844513277747,COMPLETE
82,0.21006435242743823,2025-10-16 23:41:32.895172,2025-10-16 23:41:35.664418,0 days 00:00:02.769246,0.7291455671344883,0.07821116476336377,0.02828882838249727,10,1.2816849355586335,500,2.358398304964778,1.5187344816143917,0.6544098413752215,COMPLETE
83,0.21478742381313598,2025-10-16 23:41:35.664830,2025-10-16 23:41:38.627539,0 days 00:00:02.962709,0.728142195270916,0.07227929729926685,0.01966230824945458,10,1.3406954534832798,500,2.9764493324345276,1.35740473038528,0.6542311494778487,COMPLETE
84,0.21641716912330855,2025-10-16 23:41:38.627955,2025-10-16 23:41:41.772463,0 days 00:00:03.144508,0.7267530953295223,0.026092912509066857,0.01867628060024174,10,1.1547355584551042,500,3.2385796568665675,1.3391827140897716,0.6537203236827609,COMPLETE
85,0.21702613393357484,2025-10-16 23:41:41.772869,2025-10-16 23:41:44.756348,0 days 00:00:02.983479,0.7240138946447983,0.07233066143682162,0.018564402881619462,10,1.1384912774034674,500,3.0689387193181723,1.2302356115147133,0.6396016623646884,COMPLETE
86,0.22575847418458728,2025-10-16 23:41:44.756759,2025-10-16 23:41:46.653245,0 days 00:00:01.896486,0.7072686473861088,0.2883215482060343,0.02803861891606944,10,0.5972924539674944,500,3.701215651821255,0.46038434363064185,0.6538211581175796,COMPLETE
