number,value,datetime_start,datetime_complete,duration,params_colsample_bytree,params_gamma,params_learning_rate,params_max_depth,params_min_child_weight,params_n_estimators,params_reg_alpha,params_reg_lambda,params_subsample,state
87,0.5300883372853377,2025-11-19 00:01:41.762546,2025-11-19 00:01:42.882521,0 days 00:00:01.119975,0.5424985390672477,0.37549369518597614,0.11997745757371886,5,5.518108640529267,500,2.7417056719460313,2.8313204760274373,0.9075842328451119,COMPLETE
88,0.5456525746065322,2025-11-19 00:01:42.882934,2025-11-19 00:01:44.069075,0 days 00:00:01.186141,0.5814560915204819,0.17102750748883067,0.21996188069879935,5,6.449809751601284,500,2.468766947583939,2.3107216484734474,0.9272163359561206,COMPLETE
89,0.5313381115868225,2025-11-19 00:01:44.069465,2025-11-19 00:01:45.084606,0 days 00:00:01.015141,0.5319363302308566,0.5783430116865347,0.0862236130274402,4,6.741567343026239,500,1.9400958557755956,1.9785484432486387,0.867686284205474,COMPLETE
90,0.5305876195846672,2025-11-19 00:01:45.085000,2025-11-19 00:01:46.066122,0 days 00:00:00.981122,0.5543593406130816,0.2993628797118043,0.1401487499676759,5,6.127081250953254,450,3.226919357623937,1.8282133391783093,0.9545974264650982,COMPLETE
91,0.5294197252303547,2025-11-19 00:01:46.066525,2025-11-19 00:01:47.267628,0 days 00:00:01.201103,0.5240156061988409,0.4708369234058438,0.0435981074438529,5,5.747952892886414,500,2.9787348758958547,2.309118820358422,0.930036213718052,COMPLETE
92,0.5279863424616549,2025-11-19 00:01:47.268018,2025-11-19 00:01:48.215880,0 days 00:00:00.947862,0.5135072398974787,0.8143328972656272,0.06601691817522123,5,5.450484706704381,450,3.7707443777710816,1.2714631311695783,0.9084957061946216,COMPLETE
93,0.5290322527673335,2025-11-19 00:01:48.216279,2025-11-19 00:01:49.156027,0 days 00:00:00.939748,0.5071838484405533,0.802422953568359,0.06715060519565229,5,5.376837284865154,450,3.7466178255359455,1.2859329589494775,0.9040278114764494,COMPLETE
94,0.5294265353225995,2025-11-19 00:01:49.156431,2025-11-19 00:01:50.180060,0 days 00:00:01.023629,0.5748841487470983,0.5980375198874643,0.10989915549428751,5,4.6434013556730225,500,1.7279073905099764,1.812507481304399,0.8854485705416808,COMPLETE
95,0.5500409917621427,2025-11-19 00:01:50.180475,2025-11-19 00:01:50.796325,0 days 00:00:00.615850,0.5417753940205927,4.279101183184578,0.08680129341355916,3,5.168781807521021,450,2.6755676589350843,1.138774754941526,0.9840407806695914,COMPLETE
96,0.5308210808163693,2025-11-19 00:01:50.796736,2025-11-19 00:01:51.818307,0 days 00:00:01.021571,0.5923582208546448,0.39904703615869735,0.06691402718790757,4,6.385647359468541,500,2.305237929144221,0.5874443502988276,0.9392098414593274,COMPLETE
97,0.5291354451919906,2025-11-19 00:01:51.818744,2025-11-19 00:01:52.900850,0 days 00:00:01.082106,0.5159923067874966,0.48884285856170845,0.05663709951306197,5,5.542704807297945,450,4.516755928425554,1.6715452612147956,0.9173634225499857,COMPLETE
98,0.529372015050666,2025-11-19 00:01:52.901264,2025-11-19 00:01:54.010322,0 days 00:00:01.109058,0.5578586424025777,0.6802861457188633,0.07927533280502798,5,6.0424012543698105,500,3.9073011526221126,2.4031841952769186,0.8300466344663535,COMPLETE
99,0.5303518287388016,2025-11-19 00:01:54.010749,2025-11-19 00:01:55.224395,0 days 00:00:01.213646,0.5000981036552397,0.20567066169303522,0.03756991246173308,5,6.8211164606384775,500,3.512907172310589,1.3679928884183545,0.8082571637901708,COMPLETE
