number,value,datetime_start,datetime_complete,duration,params_colsample_bytree,params_gamma,params_learning_rate,params_max_depth,params_min_child_weight,params_n_estimators,params_reg_alpha,params_reg_lambda,params_subsample,state
87,0.21063457035711974,2025-10-23 20:21:09.417875,2025-10-23 20:21:12.093544,0 days 00:00:02.675669,0.7480921667876358,0.13443661612507196,0.013687784026928307,10,4.914256366683036,400,0.7105385025190273,1.3519358130376928,0.6932426631173667,COMPLETE
88,0.22653399485460285,2025-10-23 20:21:12.093959,2025-10-23 20:21:14.743075,0 days 00:00:02.649116,0.6814457540434781,0.146276164142449,0.01042311740739494,10,5.044826461800575,400,0.6721736908882404,2.4822395485888986,0.6928612827579959,COMPLETE
89,0.2366670432445951,2025-10-23 20:21:14.743478,2025-10-23 20:21:17.223290,0 days 00:00:02.479812,0.7467856977641762,0.5582127713948681,0.008234161979981036,10,3.7419112626293756,400,0.8580092586082901,1.3486112914441113,0.751221888636263,COMPLETE
90,0.21962629785680743,2025-10-23 20:21:17.223709,2025-10-23 20:21:19.186532,0 days 00:00:01.962823,0.7155869416127842,0.2830157119955643,0.018456494741798852,10,4.387049156134056,350,1.360429028701164,2.5875213332972438,0.6538951403633643,COMPLETE
91,0.2167922526373695,2025-10-23 20:21:19.186941,2025-10-23 20:21:21.445780,0 days 00:00:02.258839,0.7504042847544281,0.47451650527773154,0.01351924316047725,10,4.518208393362106,400,0.3654453051739924,2.868078348029779,0.7960974494584957,COMPLETE
92,0.20661227098431847,2025-10-23 20:21:21.446207,2025-10-23 20:21:24.183181,0 days 00:00:02.736974,0.776720875985481,0.13457087206309895,0.014970412931588633,10,4.902453552868421,400,0.30703930757259773,2.2141666479024424,0.7057141876209874,COMPLETE
93,0.21740717515725283,2025-10-23 20:21:24.183601,2025-10-23 20:21:26.721381,0 days 00:00:02.537780,0.7525815671374254,0.14585582479464385,0.011393802981433226,10,4.886098612902785,350,0.2039773835930611,1.8174307548131394,0.6980886284048158,COMPLETE
94,0.21278173829301508,2025-10-23 20:21:26.721815,2025-10-23 20:21:28.938829,0 days 00:00:02.217014,0.7706566102914795,0.28728139578322365,0.017071066104902808,10,5.224296330277195,400,1.0563707166898078,1.52862737472309,0.7395380900510852,COMPLETE
95,0.20576034784426106,2025-10-23 20:21:28.939251,2025-10-23 20:21:31.754958,0 days 00:00:02.815707,0.782171877932414,0.11145030900727779,0.015041783724407832,10,4.256522871552416,400,0.0012072676555535886,2.877724164517109,0.7149551322779071,COMPLETE
96,0.24279452207036353,2025-10-23 20:21:31.755375,2025-10-23 20:21:34.591698,0 days 00:00:02.836323,0.7785952908135501,0.1255958687966191,0.007365065207608061,10,4.083490953251454,400,0.7019647680652025,2.942941140952179,0.707924236640908,COMPLETE
97,0.21912154082295088,2025-10-23 20:21:34.592109,2025-10-23 20:21:36.727456,0 days 00:00:02.135347,0.73045718089983,0.47905679675595436,0.01544566744401771,10,4.945187778488066,400,0.008860449397446048,3.752776905146734,0.6557675401004288,COMPLETE
98,0.24196747814564973,2025-10-23 20:21:36.727883,2025-10-23 20:21:38.947410,0 days 00:00:02.219527,0.713412224168229,0.6220765856133115,0.009192192766713533,10,5.2934761439544005,350,0.5372291276786028,2.3987880029772373,0.8124549568237401,COMPLETE
99,0.26354696352665385,2025-10-23 20:21:38.947838,2025-10-23 20:21:40.632907,0 days 00:00:01.685069,0.6903656336214915,4.323688231105946,0.011574757512400884,10,3.5681519474180714,450,0.9056500625841624,2.044378245782939,0.7558987085032899,COMPLETE
100,0.30206174882968645,2025-10-23 20:21:40.633331,2025-10-23 20:21:43.394499,0 days 00:00:02.761168,0.6595650445315205,0.24923060273584827,0.0053542603296416885,10,5.769752117278944,400,0.7053658222376347,0.4741753850443253,0.7879353713958963,COMPLETE
101,0.2064849014362115,2025-10-23 20:21:43.394928,2025-10-23 20:21:46.411024,0 days 00:00:03.016096,0.7965578682690634,0.006777564100667266,0.01423720237201209,10,4.224064368942899,400,0.19173605362031068,2.7012536452898956,0.7200049474359652,COMPLETE
102,0.20592887255436004,2025-10-23 20:21:46.411619,2025-10-23 20:21:49.559384,0 days 00:00:03.147765,0.7853016533129318,0.0014674995962639936,0.01405724621267587,10,3.2224955172805982,400,0.0018250159535949106,3.2776996359009423,0.7205452683270044,COMPLETE
103,0.20382797119848342,2025-10-23 20:21:49.559805,2025-10-23 20:21:52.415790,0 days 00:00:02.855985,0.7970537586286405,0.08755212251306882,0.016939610651479614,10,3.279155765996759,400,0.05590936098524307,3.133442415761576,0.7177827966304595,COMPLETE
104,0.2077339411082189,2025-10-23 20:21:52.416210,2025-10-23 20:21:55.124576,0 days 00:00:02.708366,0.7927633503345382,0.011613265570690923,0.015538496579171382,10,3.4085565419949297,350,0.16217913220978125,3.30953976412021,0.7149212269107116,COMPLETE
105,0.21009651065325072,2025-10-23 20:21:55.124994,2025-10-23 20:21:57.292006,0 days 00:00:02.167012,0.7919232192773532,0.28866193743757806,0.016996337349830942,10,3.307326273189661,350,0.2023309253622278,3.0873943470599907,0.7169592048983386,COMPLETE
106,0.20625748078911377,2025-10-23 20:21:57.292424,2025-10-23 20:22:00.002768,0 days 00:00:02.710344,0.7915335733700756,0.0010275643236645586,0.017056935712667205,10,3.264482040048841,350,0.19507037020925883,3.2771053930561345,0.720282386865094,COMPLETE
107,0.21644452820343033,2025-10-23 20:22:00.003170,2025-10-23 20:22:02.712572,0 days 00:00:02.709402,0.7841042839036049,0.0036471028741813377,0.01203868652619311,10,3.1846489686190904,350,0.20488846833069957,3.3186862326833335,0.6808859975344245,COMPLETE
108,0.6372446801766828,2025-10-23 20:22:02.712989,2025-10-23 20:22:04.807212,0 days 00:00:02.094223,0.7982134758295915,0.4086430804384959,0.003063895535515851,10,3.924015661966103,300,0.47304108302824727,3.5451669493016635,0.7210578583194468,COMPLETE
109,0.20289093984080767,2025-10-23 20:22:04.807636,2025-10-23 20:22:08.070675,0 days 00:00:03.263039,0.7686945063932967,0.00557406533777593,0.02318549111956028,10,2.9213773247889177,450,1.0223862353024804,3.0223349095304033,0.7065607536455167,COMPLETE
110,0.20496451546141678,2025-10-23 20:22:08.071094,2025-10-23 20:22:10.163710,0 days 00:00:02.092616,0.7717256653961114,0.22089500897840117,0.02433870315590864,10,2.962111594961014,450,0.0037351963569967894,3.6419260869835264,0.7066902448191242,COMPLETE
111,0.2065979543952541,2025-10-23 20:22:10.164129,2025-10-23 20:22:12.507741,0 days 00:00:02.343612,0.7748544184781158,0.23842331728084273,0.02017379562370518,10,2.9420798102256374,450,0.10605769828082928,4.126581298256404,0.7069799105792777,COMPLETE
112,0.2080340659896601,2025-10-23 20:22:12.508149,2025-10-23 20:22:14.800826,0 days 00:00:02.292677,0.7701588893426996,0.2374746278632297,0.020306221871319086,10,2.8756714687352924,450,0.022403398720730827,3.6360867724751924,0.6695881333263363,COMPLETE
113,0.21314958693455138,2025-10-23 20:22:14.801252,2025-10-23 20:22:16.791042,0 days 00:00:01.989790,0.7787215447623994,0.315600648581115,0.0223127656201899,10,2.103603508326467,450,0.9973584751886071,4.043078187903555,0.700603961141783,COMPLETE
114,0.21573985226824852,2025-10-23 20:22:16.791465,2025-10-23 20:22:18.496071,0 days 00:00:01.704606,0.8061725046890899,0.4951751655792807,0.02398829406898909,10,2.5752351870764563,450,0.5255867050575168,3.0996236841849254,0.6300742591172237,COMPLETE
115,0.2038912807830875,2025-10-23 20:22:18.496487,2025-10-23 20:22:21.018334,0 days 00:00:02.521847,0.7721874182315144,0.2174986308803923,0.018359681608021514,10,3.1271994102187857,450,0.014961207925551223,2.5057163737622594,0.7407079747111529,COMPLETE
116,0.22117627325774844,2025-10-23 20:22:21.018757,2025-10-23 20:22:22.877274,0 days 00:00:01.858517,0.7702209400118335,0.7379698858427013,0.018216106851193698,10,3.0963741700411895,450,0.24630939901756255,4.1450610127230005,0.76712684718842,COMPLETE
117,0.22041602576895156,2025-10-23 20:22:22.877692,2025-10-23 20:22:24.799094,0 days 00:00:01.921402,0.7844106282794214,0.2243773598629533,0.02780287519946091,10,2.895078375590945,450,3.584421271666783,3.6999866710641727,0.7043786363589446,COMPLETE
118,0.21933216726947052,2025-10-23 20:22:24.799518,2025-10-23 20:22:26.895140,0 days 00:00:02.095622,0.7957809910314602,0.6229253418150653,0.016562668776397234,10,3.6524760235854696,450,0.8946129593824363,2.4403189284212297,0.7401442237051892,COMPLETE
119,0.2153168324753004,2025-10-23 20:22:26.895568,2025-10-23 20:22:28.676771,0 days 00:00:01.781203,0.7749557619082562,0.4134609677377813,0.023734324703369263,10,2.6567818605717877,450,1.2342149338103108,3.0666711261265744,0.735655083049626,COMPLETE
120,0.21086940725968017,2025-10-23 20:22:28.677193,2025-10-23 20:22:32.216995,0 days 00:00:03.539802,0.8180725029672072,0.05358009460695352,0.010632702165139538,10,2.25357341958214,450,0.4413320233930986,3.501256690759897,0.7255130400688906,COMPLETE
121,0.20137147353131438,2025-10-23 20:22:32.217421,2025-10-23 20:22:35.297522,0 days 00:00:03.080101,0.7616949385797861,0.08518367171984592,0.01992727424222072,10,3.81359067085453,450,0.03572279034185394,2.7354524822032396,0.6879927591681614,COMPLETE
122,0.20032937747952667,2025-10-23 20:22:35.297935,2025-10-23 20:22:38.723332,0 days 00:00:03.425397,0.7878005903332815,0.006192548532584788,0.019712962112340526,10,3.3428950596864744,450,0.18341005236886784,3.289736492754348,0.6879092769280938,COMPLETE
123,0.2012167204712903,2025-10-23 20:22:38.723755,2025-10-23 20:22:42.169107,0 days 00:00:03.445352,0.7656042797750121,0.0013670787954710856,0.020703574272196452,10,3.3355954558047056,450,0.16763167416847108,3.2304388535874105,0.6880979606693346,COMPLETE
124,0.20508745263094996,2025-10-23 20:22:42.169535,2025-10-23 20:22:45.441136,0 days 00:00:03.271601,0.7630356833121446,0.01504352522147714,0.01748363150260754,10,3.2977928612253518,450,0.5926504559205075,3.319563575632582,0.6708693589263727,COMPLETE
125,0.21422389517461493,2025-10-23 20:22:45.441556,2025-10-23 20:22:47.716756,0 days 00:00:02.275200,0.7611514861006605,0.34711309865253126,0.017695320837042408,10,3.317724417545774,450,0.6697113537797399,3.2503725325811947,0.6702269447333855,COMPLETE
126,0.20653627713954278,2025-10-23 20:22:47.717170,2025-10-23 20:22:49.770991,0 days 00:00:02.053821,0.8075465556110534,0.20584298517957345,0.027079273801185282,10,3.5756888325397127,450,0.5582044569386068,2.9717686159672385,0.6781466362746258,COMPLETE
127,0.20161652728061452,2025-10-23 20:22:49.771440,2025-10-23 20:22:53.113495,0 days 00:00:03.342055,0.7888551949901428,0.009430600142618019,0.02213269012648537,10,3.7737927503481954,450,0.020972527429755153,3.832165604263235,0.6344054580677475,COMPLETE
128,0.20548159555523954,2025-10-23 20:22:53.113905,2025-10-23 20:22:55.985869,0 days 00:00:02.871964,0.7239674274257415,0.08901865340237318,0.022855493836522186,10,3.969493171136751,450,0.05199682369221371,3.8951724600868785,0.6230755945553491,COMPLETE
129,0.21059774481395957,2025-10-23 20:22:55.986283,2025-10-23 20:22:58.464754,0 days 00:00:02.478471,0.7240132113236427,0.07477184747064552,0.02136243038243835,9,3.8070374755811986,450,0.02474319511168372,3.847363540578468,0.6352187713401247,COMPLETE
130,0.3046507813262875,2025-10-23 20:22:58.465174,2025-10-23 20:22:59.353992,0 days 00:00:00.888818,0.7605543248063452,0.32350004298498014,0.024328363694065835,3,3.0962382939661235,500,1.39751926631322,3.517719262427351,0.5958037571720436,COMPLETE
131,0.21275931867380757,2025-10-23 20:22:59.354413,2025-10-23 20:23:01.771731,0 days 00:00:02.417318,0.7381673762727144,0.22144367199935405,0.01922404822290165,10,3.933122659241535,450,0.40084578993731107,4.558545128548184,0.593916852893229,COMPLETE
132,0.22962282399043088,2025-10-23 20:23:01.772151,2025-10-23 20:23:03.987291,0 days 00:00:02.215140,0.7679425646815716,0.10282182827316497,0.029250182713663826,10,2.787507585523684,450,8.793576124788382,3.716091463173031,0.6874650130970725,COMPLETE
133,0.2093233585724758,2025-10-23 20:23:03.987708,2025-10-23 20:23:06.182301,0 days 00:00:02.194593,0.7870144453467653,0.21137096588058918,0.023000254180135824,10,3.5060763548538496,450,0.3997525422111794,4.346619433768574,0.6183972297361108,COMPLETE
134,0.20395841552400215,2025-10-23 20:23:06.182725,2025-10-23 20:23:08.856992,0 days 00:00:02.674267,0.757436774592124,0.08407860990802575,0.02616607903876851,10,3.664051377967306,450,0.7982324708467463,2.9435548228170485,0.6515105979459467,COMPLETE
135,0.21962509355505055,2025-10-23 20:23:08.857419,2025-10-23 20:23:10.504318,0 days 00:00:01.646899,0.7589291296549402,0.44743600069403594,0.025630541229400835,10,3.0426604232697168,450,0.925216571532965,3.880122263374153,0.639431745670949,COMPLETE
136,0.19717935998743497,2025-10-23 20:23:10.504738,2025-10-23 20:23:14.179218,0 days 00:00:03.674480,0.8026658144027513,0.003735008636725906,0.03158526935259569,10,3.8106849858052514,500,0.5328356052206293,3.1625279574940595,0.6488445613740134,COMPLETE
137,0.20907512370088452,2025-10-23 20:23:14.179654,2025-10-23 20:23:16.549519,0 days 00:00:02.369865,0.741811471425594,0.08521475428995386,0.03441084526486687,9,3.752792933417169,500,1.0970050224837664,2.499475681220894,0.6463675571125229,COMPLETE
138,0.21740638694194095,2025-10-23 20:23:16.549945,2025-10-23 20:23:18.186841,0 days 00:00:01.636896,0.7997360861021843,0.34855007623181494,0.03185707953282344,10,3.945149303342923,500,0.5914777448375819,9.529298829240854,0.6607205125872018,COMPLETE
139,0.20601297471587937,2025-10-23 20:23:18.187281,2025-10-23 20:23:20.251486,0 days 00:00:02.064205,0.8316927706951683,0.20030424545022033,0.029076695618454038,10,3.6633912648952824,500,0.8238904874704958,3.0744715737663784,0.6169484836814244,COMPLETE
140,0.2035622201103041,2025-10-23 20:23:20.251912,2025-10-23 20:23:23.638882,0 days 00:00:03.386970,0.7678941063051161,0.0001279511098061549,0.02078860995012594,10,3.417856582143873,450,0.5800887812544919,3.4440989548136938,0.6723601388061248,COMPLETE
141,0.2062699337198546,2025-10-23 20:23:23.639296,2025-10-23 20:23:26.248404,0 days 00:00:02.609108,0.7661410709656071,0.13560373178828855,0.021108272466449796,10,3.454024149076444,450,0.5892712727459024,3.444723392399033,0.672039794111515,COMPLETE
142,0.21106953374005472,2025-10-23 20:23:26.248820,2025-10-23 20:23:29.029558,0 days 00:00:02.780738,0.5984271991411761,0.07466104508439073,0.02649825610561758,10,4.024579561314179,450,0.29468966094765126,2.8969878481193927,0.6421635994261976,COMPLETE
143,0.24969976994202525,2025-10-23 20:23:29.029978,2025-10-23 20:23:30.386502,0 days 00:00:01.356524,0.7297907610110208,2.3120332694691865,0.019663809297342565,10,3.725225905654076,450,0.7746878415252263,3.191503281232466,0.653631959543247,COMPLETE
144,0.20727841001003125,2025-10-23 20:23:30.386932,2025-10-23 20:23:32.431200,0 days 00:00:02.044268,0.7511007901240567,0.27446773092499044,0.023840076929540325,10,2.4632692327038654,500,1.5061161337891205e-05,2.6273817201612135,0.6893859255785221,COMPLETE
145,0.20332355148564463,2025-10-23 20:23:32.431630,2025-10-23 20:23:35.046966,0 days 00:00:02.615336,0.7771550072636452,0.0022041122136714866,0.03192128892192921,9,3.369757221452206,450,0.36839809531296075,3.5054725335418837,0.6749539384046831,COMPLETE
146,0.1979775376992654,2025-10-23 20:23:35.047375,2025-10-23 20:23:38.208246,0 days 00:00:03.160871,0.8081818545939717,0.028148288790141536,0.029946963879179198,10,3.3777724225525247,450,0.47568449219989994,3.659374830768682,0.667287721111703,COMPLETE
147,0.2004931676448464,2025-10-23 20:23:38.208659,2025-10-23 20:23:41.444955,0 days 00:00:03.236296,0.8156162892562941,0.0038961467113324123,0.030911460399969476,10,3.4106101943852223,450,1.0603294788252426,3.6538727589890536,0.6668977191085872,COMPLETE
148,0.20498361680519916,2025-10-23 20:23:41.445381,2025-10-23 20:23:44.462250,0 days 00:00:03.016869,0.8127239955216439,0.010093142306657824,0.030306406249777845,10,3.3751908225474483,450,2.225626802084321,3.5947320482515046,0.6729557888482517,COMPLETE
149,0.21079144896426713,2025-10-23 20:23:44.462682,2025-10-23 20:23:46.371194,0 days 00:00:01.908512,0.809656285321086,0.20021762773839297,0.03225481205549133,10,2.7090422764862527,500,1.8370967383016221,3.698223762921061,0.6492162940675157,COMPLETE
150,0.20727380003841178,2025-10-23 20:23:46.371622,2025-10-23 20:23:48.934566,0 days 00:00:02.562944,0.8201614639789807,0.006630328457719424,0.03003448598939258,9,3.056778938248224,450,1.4956482322754718,4.265235448358196,0.6786785580086487,COMPLETE
151,0.20560809186217177,2025-10-23 20:23:48.934995,2025-10-23 20:23:51.899895,0 days 00:00:02.964900,0.825214337960629,0.021768614760884764,0.026398541419385663,10,3.33957715048932,450,2.241904600735256,3.5640854060407032,0.665000655402879,COMPLETE
152,0.25642844244152607,2025-10-23 20:23:51.900365,2025-10-23 20:23:52.777591,0 days 00:00:00.877226,0.801551844697006,3.398009748936945,0.04053557474186667,10,3.3338994770161987,450,1.185197375012546,3.4064720765391145,0.6601937591380792,COMPLETE
153,0.21151915464001564,2025-10-23 20:23:52.778004,2025-10-23 20:23:54.294132,0 days 00:00:01.516128,0.8421302285068009,0.3182051664460844,0.03519994808482346,10,2.9454114711194292,450,0.91529536949902,3.1667697003116735,0.6857646148415041,COMPLETE
154,0.29077325239052376,2025-10-23 20:23:54.294553,2025-10-23 20:23:55.148475,0 days 00:00:00.853922,0.8151861894056048,2.6333769292627944,0.028391166246581626,4,3.5033032415574326,450,0.6159107475853962,4.034649550975192,0.6751274118476249,COMPLETE
155,0.20519946913446016,2025-10-23 20:23:55.148885,2025-10-23 20:23:58.351610,0 days 00:00:03.202725,0.7785591752446064,0.014133568771193239,0.020173657270636452,10,3.2644600419821983,450,1.1169442334801594,3.6535288577730585,0.665500393298639,COMPLETE
156,0.20565236847209453,2025-10-23 20:23:58.352037,2025-10-23 20:24:00.660518,0 days 00:00:02.308481,0.7913245595623998,0.18887898811266346,0.022169578400600392,10,3.6159371849427697,450,0.4519384376206475,2.7572535846466284,0.6875315449573712,COMPLETE
157,0.1984956933846753,2025-10-23 20:24:00.660941,2025-10-23 20:24:04.376169,0 days 00:00:03.715228,0.8045231118647399,0.002507313117675186,0.025108968469222743,10,3.166783341441623,500,0.7992018554282054,3.0627460765379158,0.6985809383003467,COMPLETE
158,0.25813725276157684,2025-10-23 20:24:04.376595,2025-10-23 20:24:05.619006,0 days 00:00:01.242411,0.8390781263402189,0.19267265073020384,0.03188513821575233,5,3.125915760681155,500,0.8354762355040924,3.0091763038513366,0.6975954101533645,COMPLETE
159,0.21847307182973236,2025-10-23 20:24:05.619426,2025-10-23 20:24:07.564522,0 days 00:00:01.945096,0.799075775575709,0.29159530708485853,0.02495372919365128,10,2.5556902655074496,500,2.4825266841880156,3.5389360829268517,0.6968002426806374,COMPLETE
160,0.210447032589632,2025-10-23 20:24:07.564951,2025-10-23 20:24:09.639130,0 days 00:00:02.074179,0.6142858692427796,0.11485922314597695,0.0414331841721262,10,2.7703372353104583,500,0.2788726223284008,3.7991634527067855,0.6475444460453736,COMPLETE
161,0.2017408121928758,2025-10-23 20:24:09.639556,2025-10-23 20:24:12.958836,0 days 00:00:03.319280,0.8100463302707696,0.014536577728741798,0.0188913954182762,10,3.4101683902985798,450,0.5634573188222487,3.2979382697286934,0.6756663257770739,COMPLETE
162,0.19813133297314384,2025-10-23 20:24:12.959250,2025-10-23 20:24:16.614568,0 days 00:00:03.655318,0.8121443033581491,0.009641175165580995,0.025855613924704094,10,3.711198098341269,500,0.45089219133721,3.1368824648126465,0.6784191014199528,COMPLETE
163,0.2018712396094321,2025-10-23 20:24:16.614990,2025-10-23 20:24:19.538652,0 days 00:00:02.923662,0.8041851407421203,0.12387685756505798,0.019220311754678063,10,3.779263555669175,500,0.4111563048727062,3.063137789089349,0.6826342525394463,COMPLETE
164,0.20287569959852458,2025-10-23 20:24:19.539065,2025-10-23 20:24:22.646941,0 days 00:00:03.107876,0.8300094108621243,0.09649157671941497,0.018892125034352603,10,3.76792061206198,500,1.0225118430452942,3.0544271235105116,0.6605963554910583,COMPLETE
165,0.20451298000430215,2025-10-23 20:24:22.647363,2025-10-23 20:24:25.414260,0 days 00:00:02.766897,0.8536997739892209,0.14886059985222294,0.019831010648588717,10,3.8507786800573003,500,1.0426686196857415,3.156760437390816,0.6825661939158161,COMPLETE
166,0.19770198187425606,2025-10-23 20:24:25.414687,2025-10-23 20:24:29.228641,0 days 00:00:03.813954,0.8359297561504432,0.004767823678763129,0.018166118274029086,10,3.512198742143522,500,0.4175037913905837,2.5680866590400253,0.6953113632294412,COMPLETE
167,0.2004942731895602,2025-10-23 20:24:29.229067,2025-10-23 20:24:32.982354,0 days 00:00:03.753287,0.8345088539627927,0.00862802755267419,0.016698224381661422,10,3.5055925336285005,500,0.46385737369516034,3.218448905225979,0.6611721553066106,COMPLETE
168,0.2024691704841224,2025-10-23 20:24:32.982776,2025-10-23 20:24:36.631288,0 days 00:00:03.648512,0.8344173317823236,0.00048074056934624626,0.02051555031214305,10,3.558846871280024,500,1.3361541083481527,2.7236728825522047,0.633074993662839,COMPLETE
169,0.21442966437081667,2025-10-23 20:24:36.631731,2025-10-23 20:24:38.714484,0 days 00:00:02.082753,0.8309540012133725,0.35272585674488116,0.021889570016381265,10,3.5971069281948047,500,1.3404022923859722,2.707183191662839,0.6602799263841994,COMPLETE
170,0.20703471378811672,2025-10-23 20:24:38.714908,2025-10-23 20:24:42.313683,0 days 00:00:03.598775,0.8470816948092205,0.003434455342184055,0.016216172012354355,10,3.7696181075066812,500,1.737967682054109,2.790886157134077,0.6296166633654378,COMPLETE
171,0.20333223591929175,2025-10-23 20:24:42.314097,2025-10-23 20:24:45.365834,0 days 00:00:03.051737,0.8276894006394884,0.11561346268292862,0.019083542400281654,10,3.4717311260010284,500,0.4776410385061096,3.364772835710727,0.6361990766165806,COMPLETE
172,0.20439501934111703,2025-10-23 20:24:45.366257,2025-10-23 20:24:48.309751,0 days 00:00:02.943494,0.8352694281658333,0.12218866391707515,0.020136339747776066,10,3.5097893541741905,500,1.034578913605222,2.991709498477935,0.6378802806835749,COMPLETE
