number,value,datetime_start,datetime_complete,duration,params_colsample_bytree,params_gamma,params_learning_rate,params_max_depth,params_min_child_weight,params_n_estimators,params_reg_alpha,params_reg_lambda,params_subsample,state
173,0.20516023354537866,2025-10-23 20:24:48.310179,2025-10-23 20:24:51.198305,0 days 00:00:02.888126,0.8248734907460396,0.15238915835692807,0.018239868156476168,10,3.815088557066027,500,0.4407992091911145,3.320145345929568,0.6056929214273579,COMPLETE
174,0.20869417630518483,2025-10-23 20:24:51.198727,2025-10-23 20:24:53.349674,0 days 00:00:02.150947,0.8227201920228076,0.26352069708445774,0.02284471365446387,10,4.388079817352887,500,0.7458914605458156,2.6330502418854036,0.6609367104163687,COMPLETE
175,0.20910267734640153,2025-10-23 20:24:53.350102,2025-10-23 20:24:56.648655,0 days 00:00:03.298553,0.8098833664177755,0.11135593331107504,0.012753551362063104,10,4.069251954475472,500,1.2146552180571561,2.3230730314827905,0.6905607758044391,COMPLETE
176,0.19944326054362765,2025-10-23 20:24:56.649075,2025-10-23 20:24:59.420698,0 days 00:00:02.771623,0.8376138944141713,0.0871572535909231,0.027195070001496412,10,3.5898574978165776,500,0.39439442790786805,3.1991775691290973,0.6437987976832368,COMPLETE
177,0.23704913000867647,2025-10-23 20:24:59.421129,2025-10-23 20:25:00.515403,0 days 00:00:01.094274,0.8552698251168024,1.8358211073435335,0.03494837768276532,10,3.683464972786966,500,0.30051598376134925,3.0729989036523886,0.6794396750174053,COMPLETE
178,0.19756464437439072,2025-10-23 20:25:00.515823,2025-10-23 20:25:04.226891,0 days 00:00:03.711068,0.844985196425226,0.007578767917369179,0.027577142500485284,10,3.867865324716216,500,0.704618284592202,3.2094867186257288,0.6481359624095757,COMPLETE
179,0.20883443391163103,2025-10-23 20:25:04.227320,2025-10-23 20:25:06.131258,0 days 00:00:01.903938,0.8450902079605676,0.26263157267276205,0.027685545948225698,10,4.020017358613913,500,0.9296153770880308,2.87810910186,0.6414616263952814,COMPLETE
180,0.21182932236134597,2025-10-23 20:25:06.131687,2025-10-23 20:25:07.959819,0 days 00:00:01.828132,0.8686368711999057,0.3995697059907214,0.025222780812127713,10,3.845576293203573,500,0.7503715109776192,2.4362883383085068,0.6280183728258117,COMPLETE
181,0.19668438705996816,2025-10-23 20:25:07.960248,2025-10-23 20:25:11.576528,0 days 00:00:03.616280,0.837234744105916,0.017908547489167377,0.02999294257061574,10,3.170734226060747,500,0.4092962185910813,3.11581828954837,0.6527045362739878,COMPLETE
182,0.19840126044602188,2025-10-23 20:25:11.576935,2025-10-23 20:25:15.414474,0 days 00:00:03.837539,0.8375990214593244,8.887103266905054e-05,0.022896321433362406,10,3.1298272215496916,500,0.6417503246934283,3.1657214169354155,0.6541634289435042,COMPLETE
183,0.24154570357047708,2025-10-23 20:25:15.414900,2025-10-23 20:25:16.924708,0 days 00:00:01.509808,0.8355511940524326,0.09883849750419223,0.02765271073460942,6,3.5672941031260916,500,0.5970219075059895,3.231232633841315,0.6541647579412359,COMPLETE
184,0.2058813803563667,2025-10-23 20:25:16.925143,2025-10-23 20:25:19.851296,0 days 00:00:02.926153,0.8488071898855104,0.18765993188851227,0.01603504601693611,10,3.185465361561822,500,0.6952290608541758,2.781294234756657,0.6455643625299192,COMPLETE
185,0.19880222271747883,2025-10-23 20:25:19.851710,2025-10-23 20:25:22.174537,0 days 00:00:02.322827,0.8391122459180536,0.08964897193078128,0.036323542851833354,10,3.745354562451982,500,0.26179670157413104,3.2394101179006047,0.660636708392589,COMPLETE
186,0.19562571207044882,2025-10-23 20:25:22.174952,2025-10-23 20:25:25.970405,0 days 00:00:03.795453,0.8394753774910583,0.0010199460546843637,0.035497325208145046,10,3.087823328499267,500,0.2171674795368243,3.279415600363361,0.6182645404943953,COMPLETE
187,0.20523640110684244,2025-10-23 20:25:25.970825,2025-10-23 20:25:27.385237,0 days 00:00:01.414412,0.8597389370024796,0.20165172512432294,0.05382188161982867,10,3.127655019032891,500,0.2748259594378447,3.3132695478842376,0.6114363058576348,COMPLETE
188,0.20911381180186636,2025-10-23 20:25:27.385651,2025-10-23 20:25:28.914087,0 days 00:00:01.528436,0.8170145958813679,0.2918805839423153,0.03773503121969182,10,4.19908003583698,500,0.2645440968518792,3.238025316027231,0.6512589888170518,COMPLETE
189,0.19588411607811768,2025-10-23 20:25:28.914519,2025-10-23 20:25:32.766496,0 days 00:00:03.851977,0.8415327864730431,0.0012915579363568111,0.046346822526072105,10,3.180135072213229,500,0.4285436116466178,3.153190748583796,0.6655206951238863,COMPLETE
190,0.1963988324587812,2025-10-23 20:25:32.766921,2025-10-23 20:25:36.630932,0 days 00:00:03.864011,0.8431418584683844,0.0011518462220688752,0.04581695468822449,10,2.9857676247446143,500,0.20578678181325694,3.7667062242703317,0.5952091583095007,COMPLETE
191,0.19932106606971944,2025-10-23 20:25:36.631355,2025-10-23 20:25:38.772594,0 days 00:00:02.141239,0.8447283099097886,0.080722978050091,0.047618582527052665,10,2.9956766498662564,500,0.248804910009647,3.7220571572570162,0.6201013129576615,COMPLETE
192,0.19541350613934522,2025-10-23 20:25:38.773012,2025-10-23 20:25:42.643859,0 days 00:00:03.870847,0.8438818609935257,0.002363337572098667,0.04708941490274074,10,2.979860016853774,500,0.1972571625407096,3.8683909189674197,0.621783019496804,COMPLETE
193,0.20085051711027524,2025-10-23 20:25:42.644281,2025-10-23 20:25:44.714604,0 days 00:00:02.070323,0.8653730597858234,0.09925948864748352,0.04810293654955796,10,2.8125236474805066,500,0.22753635374551792,3.867433180938321,0.5723306856475389,COMPLETE
194,0.20539803756739353,2025-10-23 20:25:44.715011,2025-10-23 20:25:46.307045,0 days 00:00:01.592034,0.8760159524215473,0.18035994990873105,0.049054910247229244,10,2.7058531578383946,500,0.22643516196475022,3.971450715220204,0.5750067821547138,COMPLETE
195,0.20181984847823223,2025-10-23 20:25:46.307471,2025-10-23 20:25:48.503602,0 days 00:00:02.196131,0.857523149539899,0.09767574379720574,0.045652927048869134,10,2.8038525387672553,500,0.43232107634685557,3.750304687323925,0.5640936725987139,COMPLETE
196,0.20627937902380208,2025-10-23 20:25:48.504047,2025-10-23 20:25:49.911372,0 days 00:00:01.407325,0.8426503853535698,0.19265496863474055,0.05813226540974025,10,2.993492740209733,500,0.2457346499178819,3.519706815435395,0.5934115300152659,COMPLETE
197,0.1994354714792843,2025-10-23 20:25:49.911778,2025-10-23 20:25:53.736716,0 days 00:00:03.824938,0.8688128084343414,0.0038375854207280914,0.04734665371228122,10,2.370995327049905,500,0.601442316091483,4.14689255443826,0.5452916136715359,COMPLETE
198,0.20405335290454046,2025-10-23 20:25:53.737139,2025-10-23 20:25:55.757253,0 days 00:00:02.020114,0.8923232817748783,0.10727703125537799,0.053064289554803065,10,1.9875428245443418,500,0.6717952638630501,4.097668031969229,0.543006755082263,COMPLETE
199,0.21048463669412976,2025-10-23 20:25:55.757673,2025-10-23 20:25:57.395258,0 days 00:00:01.637585,0.8619929842907064,0.26698037991037793,0.03822004482573317,10,2.330650306592325,500,0.49995293239008015,7.864985147987454,0.5826094933263916,COMPLETE
