number,value,datetime_start,datetime_complete,duration,params_colsample_bytree,params_gamma,params_learning_rate,params_max_depth,params_min_child_weight,params_n_estimators,params_reg_alpha,params_reg_lambda,params_subsample,state
0,0.9625399184928541,2025-11-18 20:25:29.323029,2025-11-18 20:25:31.060106,0 days 00:00:01.737077,0.963866239647349,3.637511068066384,0.0011021317943592161,8,6.108822700012761,400,8.35143086757901,2.575069820550447,0.9513697401156165,COMPLETE
1,0.31816098403143867,2025-11-18 20:25:31.060819,2025-11-18 20:25:31.430667,0 days 00:00:00.369848,0.5007905087026354,0.4586176528699587,0.058630703197998346,3,8.085859320043012,200,9.334354805030204,1.3282615160093436,0.656549345262958,COMPLETE
2,0.30355583228991434,2025-11-18 20:25:31.431079,2025-11-18 20:25:31.787128,0 days 00:00:00.356049,0.6623883553066574,2.0123618797736915,0.08533455416648524,3,6.327373465955529,200,1.3632361607888,4.149819065039287,0.9039831496365098,COMPLETE
3,0.8897223331987154,2025-11-18 20:25:31.787511,2025-11-18 20:25:32.169923,0 days 00:00:00.382412,0.7791308907494372,1.3780717208784399,0.0029190755222375975,3,1.5333401921770577,200,0.017537728579652967,7.576936453703256,0.9006380273328634,COMPLETE
4,0.27490158487489613,2025-11-18 20:25:32.170296,2025-11-18 20:25:33.784039,0 days 00:00:01.613743,0.7695337916706739,4.558081010032153,0.01036557311147543,9,4.861477551609372,500,2.7379254351244278,2.64492412523348,0.5593436062816717,COMPLETE
5,0.2906114087977358,2025-11-18 20:25:33.784424,2025-11-18 20:25:34.251835,0 days 00:00:00.467411,0.6870571523353359,0.7353440285287466,0.14831737929381258,3,9.99525941367751,300,8.4186809073366,5.037366998480004,0.833494905721732,COMPLETE
6,0.2737566720027523,2025-11-18 20:25:34.252226,2025-11-18 20:25:34.523353,0 days 00:00:00.271127,0.8486946500747297,4.9797249669726975,0.1523084740075778,9,2.2205100219682867,150,4.513463329492703,5.870323668905649,0.677939140819912,COMPLETE
7,0.3012424994757709,2025-11-18 20:25:34.523746,2025-11-18 20:25:35.133523,0 days 00:00:00.609777,0.9138309893875762,3.9843265461110127,0.03697775900943725,4,5.820862573438484,350,8.452566976422297,5.895716888072555,0.5274243091471182,COMPLETE
8,0.2819819462759788,2025-11-18 20:25:35.133925,2025-11-18 20:25:35.724453,0 days 00:00:00.590528,0.9747954225245006,3.1222541664359778,0.1876765543063135,5,9.316162689800827,500,4.9013543636143435,4.243602114832386,0.956793704996691,COMPLETE
9,1.2296028602486169,2025-11-18 20:25:35.724859,2025-11-18 20:25:36.029621,0 days 00:00:00.304762,0.6413549508157177,4.442135596600282,0.0012354818768488657,3,5.1804397472464006,150,5.006642472190008,3.699512336386751,0.6702370566302579,COMPLETE
10,0.741763465615122,2025-11-18 20:25:36.030024,2025-11-18 20:25:36.342239,0 days 00:00:00.312215,0.8541169274781611,2.6111940560634475,0.015034462987869314,10,0.5694329387040575,50,5.481166856410875,9.233438570766307,0.7664001515485039,COMPLETE
11,0.27613420404884126,2025-11-18 20:25:36.342632,2025-11-18 20:25:37.939927,0 days 00:00:01.597295,0.8055261972374623,4.943188634232166,0.010440872826148643,9,3.356748611369463,500,2.78607732737659,0.6018022912170036,0.5121555948089195,COMPLETE
12,1.074565706575644,2025-11-18 20:25:37.940319,2025-11-18 20:25:38.166309,0 days 00:00:00.225990,0.8653743831512921,4.900044507540337,0.006400447466748883,7,3.3018143149237638,50,3.4746248240581536,6.293799605906446,0.6228478128180419,COMPLETE
13,0.2771096248749262,2025-11-18 20:25:38.166704,2025-11-18 20:25:39.076980,0 days 00:00:00.910276,0.7367799454419266,3.889470055454435,0.027608672016088198,10,3.588632811339031,400,6.320643957629729,2.259626202012966,0.5943633822199642,COMPLETE
14,0.8506184866247325,2025-11-18 20:25:39.077374,2025-11-18 20:25:39.540359,0 days 00:00:00.462985,0.8468238709939889,3.165585529376484,0.005884853328857863,8,1.9200226922648382,100,3.279068267323615,8.25898532769705,0.7225982603362846,COMPLETE
15,0.30119038288726024,2025-11-18 20:25:39.540730,2025-11-18 20:25:39.872550,0 days 00:00:00.331820,0.5923339492946986,4.403410091584818,0.25036480579296505,6,4.6538647082461075,250,1.7649611808480987,6.849634811760601,0.566111092108735,COMPLETE
16,0.2746881222853485,2025-11-18 20:25:39.872932,2025-11-18 20:25:40.700818,0 days 00:00:00.827886,0.7442022362146579,4.511739848925628,0.03602344296275917,9,7.3424829405398135,450,6.180456832481505,2.6859864724194513,0.7126367860725202,COMPLETE
17,0.27790835493708943,2025-11-18 20:25:40.701200,2025-11-18 20:25:41.153611,0 days 00:00:00.452411,0.7242686841439838,3.3339969103202938,0.10145815023760855,7,7.204749125929712,300,6.656456449493529,9.966545806265218,0.764000257866913,COMPLETE
18,0.25987684407297806,2025-11-18 20:25:41.154003,2025-11-18 20:25:42.007069,0 days 00:00:00.853066,0.8977635476109745,2.473768611611716,0.03696637515314868,9,8.091560824508296,400,6.833910102563828,5.067294898996584,0.7043137120119389,COMPLETE
19,0.260161506897564,2025-11-18 20:25:42.007456,2025-11-18 20:25:42.596961,0 days 00:00:00.589505,0.9129755566913659,2.3604811319929393,0.07284121454835576,8,8.611225439240258,350,7.286172596071668,5.466859602868965,0.8405853467145477,COMPLETE
20,0.2539410347219563,2025-11-18 20:25:42.597435,2025-11-18 20:25:43.237866,0 days 00:00:00.640431,0.998409762105585,2.0069633799756645,0.061271176606760444,8,8.585238855032628,350,7.641684957343654,4.983126497293157,0.8136214278591195,COMPLETE
21,0.25546647983673937,2025-11-18 20:25:43.238270,2025-11-18 20:25:43.889605,0 days 00:00:00.651335,0.9256026007759853,2.113909640775743,0.06147300672883154,8,8.797010212383658,350,7.409968414450897,4.683285269145816,0.8175953576270418,COMPLETE
22,0.2566967285936391,2025-11-18 20:25:43.889999,2025-11-18 20:25:44.949843,0 days 00:00:01.059844,0.986372683700937,1.6611361718394677,0.023773174762415,7,8.325263290818118,400,7.513057754815783,4.555109183460825,0.8343908553567532,COMPLETE
23,0.2592197792534057,2025-11-18 20:25:44.950234,2025-11-18 20:25:46.072567,0 days 00:00:01.122333,0.9976311844304575,1.5757204893867298,0.019813834212097252,7,9.196117723815805,350,9.889150410129819,3.5753807476431567,0.8136459137921485,COMPLETE
24,0.2612647346055704,2025-11-18 20:25:46.072966,2025-11-18 20:25:46.837695,0 days 00:00:00.764729,0.9518577412635971,1.2296531124518066,0.05322448823171838,6,7.421844384587335,450,7.365508228091244,4.396542017490376,0.8825902791397554,COMPLETE
25,0.2570132089793867,2025-11-18 20:25:46.838093,2025-11-18 20:25:47.929729,0 days 00:00:01.091636,0.9378522794646242,1.8796200642640855,0.01981123070316179,8,9.229496120408841,300,7.801872458024713,7.3023648839531905,0.8174443396060748,COMPLETE
26,0.2621968016946597,2025-11-18 20:25:47.930120,2025-11-18 20:25:48.678650,0 days 00:00:00.748530,0.9907298821506021,0.9596822203098734,0.05206908028457155,6,9.927154176533515,450,9.259205131545128,3.453431940182652,0.9990582033726524,COMPLETE
27,0.2779631615302648,2025-11-18 20:25:48.679050,2025-11-18 20:25:49.192254,0 days 00:00:00.513204,0.9304968219766983,2.0119405221675635,0.09398378150724727,5,6.747327048949966,350,5.533624397421987,4.851306060699007,0.783170212276803,COMPLETE
28,0.2522526815856007,2025-11-18 20:25:49.192652,2025-11-18 20:25:50.100080,0 days 00:00:00.907428,0.8846984035925681,0.11974056393314769,0.025946168832150965,7,8.230495373965185,250,7.902146422583309,6.407333503149658,0.8554274021541359,COMPLETE
29,0.2222596283356801,2025-11-18 20:25:50.100472,2025-11-18 20:25:51.065507,0 days 00:00:00.965035,0.8857014826694387,0.040004885256334055,0.12353705836689442,8,8.766491172630156,250,8.536798670020348,6.680806445358324,0.8703461289266329,COMPLETE
30,0.22291422839628663,2025-11-18 20:25:51.065898,2025-11-18 20:25:52.126241,0 days 00:00:01.060343,0.8782826622282989,0.0010938665447817048,0.2536180829199065,8,7.751803975483414,250,8.826383969163587,8.29917577361827,0.8670081688972716,COMPLETE
31,0.23129550093129478,2025-11-18 20:25:52.126652,2025-11-18 20:25:52.699546,0 days 00:00:00.572894,0.8772511646104636,0.0921087013097193,0.2658934968269883,8,7.85354903619071,250,8.925782524582647,8.350770281284124,0.8713862058272867,COMPLETE
32,0.228841589886093,2025-11-18 20:25:52.699938,2025-11-18 20:25:53.392151,0 days 00:00:00.692213,0.8784173021955142,0.052293705018936106,0.2844883149217877,7,7.4150769206251725,250,9.052066067558824,8.219078315834023,0.8719041847092427,COMPLETE
33,0.22786898290837318,2025-11-18 20:25:53.392560,2025-11-18 20:25:54.155317,0 days 00:00:00.762757,0.8010676051339981,0.034747104618453185,0.28629652478215944,8,6.136256330065763,250,9.160774774192435,8.058855920642664,0.93396921212216,COMPLETE
34,0.26080301553944285,2025-11-18 20:25:54.155717,2025-11-18 20:25:54.487431,0 days 00:00:00.331714,0.8095397244515921,0.5636263403145171,0.29617173050127227,7,6.221729149878124,200,9.98229429242072,8.266449239833843,0.9380189140557653,COMPLETE
35,0.25647090310612597,2025-11-18 20:25:54.487816,2025-11-18 20:25:54.826896,0 days 00:00:00.339080,0.8038907818290513,0.34699106118510964,0.18164648927841165,6,6.766818954507044,150,8.853800882048597,8.943551481442187,0.9183491377208122,COMPLETE
36,0.2489964414437067,2025-11-18 20:25:54.827294,2025-11-18 20:25:55.239481,0 days 00:00:00.412187,0.825183726001327,0.8884293799289059,0.11828237863696305,8,5.95120791344814,200,9.476938453687662,7.442795547171453,0.9733102122644475,COMPLETE
37,0.23914328967768608,2025-11-18 20:25:55.239855,2025-11-18 20:25:55.704218,0 days 00:00:00.464363,0.7746634769247472,0.3234374430580711,0.20695940302053195,9,6.699601815020847,250,8.306974421758596,7.846949733229653,0.9131934501353217,COMPLETE
38,0.2177394019245686,2025-11-18 20:25:55.704613,2025-11-18 20:25:56.784353,0 days 00:00:01.079740,0.8323758824537513,0.011104960804762358,0.13872420939901142,10,7.7535838841125315,200,9.313431938544328,9.196391719739179,0.8945745125044302,COMPLETE
39,0.2397198478177299,2025-11-18 20:25:56.784745,2025-11-18 20:25:57.237466,0 days 00:00:00.452721,0.840521874220828,0.6428308631516805,0.1313989557971077,10,7.763231107523483,200,8.455656753182993,9.91082335698391,0.8941390045783406,COMPLETE
40,0.2570149483192632,2025-11-18 20:25:57.237873,2025-11-18 20:25:57.582541,0 days 00:00:00.344668,0.7000565188236785,0.9981686419202069,0.16150512189655075,10,4.443224678334608,150,9.569097434272791,9.180106465658945,0.9385240631765569,COMPLETE
41,0.2302054420493883,2025-11-18 20:25:57.582922,2025-11-18 20:25:58.346596,0 days 00:00:00.763674,0.7793136852996466,0.07276780932647352,0.22535390500228064,9,5.452010010767265,300,8.972270230394155,8.749494512743265,0.8637163510002283,COMPLETE
42,0.26362576964615553,2025-11-18 20:25:58.346993,2025-11-18 20:25:58.750684,0 days 00:00:00.403691,0.885718596453632,0.3735314258869166,0.13515277469128806,5,7.047333238075359,200,8.136052180143784,6.869983027944257,0.9224882640541521,COMPLETE
43,0.22674759341532658,2025-11-18 20:25:58.751070,2025-11-18 20:25:59.487087,0 days 00:00:00.736017,0.791316395835866,0.014788501390228685,0.2809834076394819,8,7.643623447363414,250,8.726334381878528,9.542678889259905,0.9914903903366205,COMPLETE
44,0.24887670794245345,2025-11-18 20:25:59.487478,2025-11-18 20:25:59.853950,0 days 00:00:00.366472,0.824805367492876,0.7222618734633249,0.18255022369067783,9,6.4219582326888,200,9.57792771864074,9.508598574188426,0.9781817186951726,COMPLETE
45,0.23542461606898035,2025-11-18 20:25:59.854351,2025-11-18 20:26:00.504257,0 days 00:00:00.649906,0.7902335203610233,0.32229593709810517,0.10696561386767431,10,7.72505856645881,300,8.697904274855048,8.714657141604764,0.9660033311488749,COMPLETE
46,0.2546409540997619,2025-11-18 20:26:00.504660,2025-11-18 20:26:00.866668,0 days 00:00:00.362008,0.8295491402537212,1.1995015549722357,0.2287592060303824,8,9.779226611675313,250,8.196466255839637,7.949014890461348,0.9972739030417378,COMPLETE
47,0.2165922453573083,2025-11-18 20:26:00.867055,2025-11-18 20:26:01.470692,0 days 00:00:00.603637,0.7539003782863205,0.01998195165029786,0.08248425321851625,9,5.522840260785133,100,0.056703955236572234,9.560859505976188,0.9451353082114174,COMPLETE
48,0.23305359108506377,2025-11-18 20:26:01.471087,2025-11-18 20:26:01.966169,0 days 00:00:00.495082,0.7584855779139721,0.5286165232561107,0.08079507518379334,10,3.8674248109890415,100,4.586780688902771,9.485664665685261,0.8945641669542341,COMPLETE
49,1.2110230446409718,2025-11-18 20:26:01.966531,2025-11-18 20:26:02.533086,0 days 00:00:00.566555,0.6372734116709251,0.23606596783629685,0.0018738193546345501,9,5.385229783858048,100,0.6806903188451917,9.541473025575144,0.9026296308188508,COMPLETE
