number,value,datetime_start,datetime_complete,duration,params_colsample_bytree,params_gamma,params_learning_rate,params_max_depth,params_min_child_weight,params_n_estimators,params_reg_alpha,params_reg_lambda,params_subsample,state
0,0.9812770414574684,2025-10-23 20:19:24.795389,2025-10-23 20:19:26.456003,0 days 00:00:01.660614,0.885440469137827,0.929970551201944,0.0014047742869111915,10,9.594692500699425,300,3.915677690538236,8.820039873760745,0.6235245139540404,COMPLETE
1,0.26853064689537426,2025-10-23 20:19:26.456497,2025-10-23 20:19:27.260131,0 days 00:00:00.803634,0.5941171265103327,0.41634024570358474,0.1555610128398673,4,4.288419466440931,500,4.759099065082105,4.008003362878631,0.6788613048808466,COMPLETE
2,0.3037257543549608,2025-10-23 20:19:27.260538,2025-10-23 20:19:27.744681,0 days 00:00:00.484143,0.6503114013398309,0.06114465834631211,0.021260643634782028,6,5.272116827283237,150,1.6435071145701996,3.994977345078503,0.9952996960351128,COMPLETE
3,0.29861123186054794,2025-10-23 20:19:27.745087,2025-10-23 20:19:27.994444,0 days 00:00:00.249357,0.5069473271243896,2.251945434844428,0.2685271130050128,5,2.4986875418887937,150,7.00358918823813,4.3807566929961315,0.6201005848947918,COMPLETE
4,0.2585956210388537,2025-10-23 20:19:27.994847,2025-10-23 20:19:28.158418,0 days 00:00:00.163571,0.6781814198158397,2.0359567835581722,0.28311802642622447,9,2.0937400496261547,50,0.39264407829028514,5.648407406619609,0.9731250634143147,COMPLETE
5,0.6741355747445308,2025-10-23 20:19:28.158780,2025-10-23 20:19:29.341375,0 days 00:00:01.182595,0.7795295300010769,0.398196966760187,0.0020638482850438575,5,5.937572580114689,450,8.263154633096795,4.404999195423396,0.5592881603580633,COMPLETE
6,0.6274795698738362,2025-10-23 20:19:29.341794,2025-10-23 20:19:29.741618,0 days 00:00:00.399824,0.6379265023694454,0.08254516711589166,0.009978332229486297,7,1.7060664068714786,100,6.2906158410287585,3.4683260245118586,0.8822998767099188,COMPLETE
7,0.259943291848392,2025-10-23 20:19:29.742025,2025-10-23 20:19:30.138752,0 days 00:00:00.396727,0.6036047767145272,1.3032362481398363,0.09210492340156398,8,9.16449239030748,150,6.017655929767228,0.29079385076151043,0.92394737889384,COMPLETE
8,0.38439137028515336,2025-10-23 20:19:30.139151,2025-10-23 20:19:30.962487,0 days 00:00:00.823336,0.7701919198598148,2.504524466050611,0.009291580673313463,8,1.1240926561147178,200,5.582248612347378,7.470164779613425,0.5567897047676884,COMPLETE
9,0.6064133935167009,2025-10-23 20:19:30.962896,2025-10-23 20:19:32.604146,0 days 00:00:01.641250,0.7433870898397392,3.1328934550320415,0.0029178134313289006,9,2.5239381682234128,350,8.09421076441175,0.5328988021742875,0.8376434726373179,COMPLETE
10,0.3036918756813907,2025-10-23 20:19:32.604561,2025-10-23 20:19:32.895835,0 days 00:00:00.291274,0.9799895880342313,4.714260285967132,0.04815344686432397,10,7.527539407696026,50,0.3825265977591011,6.9398327860331595,0.7649255977217435,COMPLETE
11,0.26910716708412175,2025-10-23 20:19:32.896250,2025-10-23 20:19:33.133724,0 days 00:00:00.237474,0.5410612137884576,1.6861175286654673,0.10376100339494622,8,8.558811393944735,50,3.4507340563900533,0.21728610612178478,0.9907518961979582,COMPLETE
12,0.2609511263367494,2025-10-23 20:19:33.134152,2025-10-23 20:19:33.640129,0 days 00:00:00.505977,0.6968934006611658,1.4481155563806,0.06592866335110678,8,3.8238207746563715,200,9.889278444251529,2.036729424665063,0.8970190332723876,COMPLETE
13,0.2723772474163834,2025-10-23 20:19:33.640534,2025-10-23 20:19:33.803871,0 days 00:00:00.163337,0.5822152833418529,3.0554652469606696,0.26043484467341865,9,6.900990724147435,50,2.3473498107451762,6.411520687507877,0.9218740504969712,COMPLETE
14,0.2722237624573006,2025-10-23 20:19:33.804277,2025-10-23 20:19:34.372501,0 days 00:00:00.568224,0.6979119591028524,3.9220770150768343,0.04214099748834593,7,9.75331860440539,250,0.19323792746023033,5.724411779259947,0.7924052892094392,COMPLETE
15,0.24990193112433573,2025-10-23 20:19:34.372899,2025-10-23 20:19:34.713666,0 days 00:00:00.340767,0.6309840517863451,1.5252103705632456,0.13485692848050562,9,0.5075071252028267,150,2.1787294727294366,2.38141918640498,0.9432178595604567,COMPLETE
16,0.24349192840888448,2025-10-23 20:19:34.714065,2025-10-23 20:19:34.975208,0 days 00:00:00.261143,0.8483118608864896,2.346071876399359,0.1633063557995025,10,0.5258192684034451,100,1.9341603742177027,2.337571565406135,0.9530165063999533,COMPLETE
17,0.2487958803349253,2025-10-23 20:19:34.975625,2025-10-23 20:19:35.901813,0 days 00:00:00.926188,0.861240659526307,2.9486248055781736,0.026155223127359826,10,0.7791790181242355,250,2.11102612627666,2.322421976062782,0.8120450346765714,COMPLETE
18,0.310431212952743,2025-10-23 20:19:35.902212,2025-10-23 20:19:36.539697,0 days 00:00:00.637485,0.847031136993959,3.0285212495894394,0.027416567390594556,3,3.6469223480592556,350,3.2111221050873757,2.031967913414624,0.8368513647459317,COMPLETE
19,0.32028812222640857,2025-10-23 20:19:36.540113,2025-10-23 20:19:38.599524,0 days 00:00:02.059411,0.9156044230731832,3.8446446577587747,0.005390860350518797,10,0.9709009813825276,400,1.2824742551621684,2.5745504593929986,0.7428101210244322,COMPLETE
20,0.29026994602740636,2025-10-23 20:19:38.599937,2025-10-23 20:19:39.621437,0 days 00:00:01.021500,0.8287434746827744,2.640316544781504,0.012915909748763794,10,2.9864835669591927,200,4.469074722634853,1.2694913245878419,0.8311380377030448,COMPLETE
21,0.25239497630285673,2025-10-23 20:19:39.621834,2025-10-23 20:19:40.044091,0 days 00:00:00.422257,0.9455044547665743,3.6565210751258412,0.12711863339763424,9,0.5252201728490808,250,2.4774907308580563,2.986024772145409,0.9451283282372089,COMPLETE
22,0.25456344941765524,2025-10-23 20:19:40.044496,2025-10-23 20:19:40.590540,0 days 00:00:00.546044,0.8341681709401791,1.9419391306359062,0.0336474673535976,10,1.4599914361910873,100,1.5623876148324953,1.5161363492782747,0.7123216427816412,COMPLETE
23,0.25106096147384427,2025-10-23 20:19:40.590959,2025-10-23 20:19:41.033431,0 days 00:00:00.442472,0.8646826932134422,2.73544223544166,0.15960493632014425,9,0.6759113217018557,300,2.553457028087051,2.9695606563587216,0.8796413927360355,COMPLETE
24,0.22294053951819012,2025-10-23 20:19:41.033858,2025-10-23 20:19:41.553826,0 days 00:00:00.519968,0.8114178590942702,0.9495821343431101,0.06624785189905615,10,1.5817863566500296,100,1.104355721009772,1.639948797697688,0.952763509777544,COMPLETE
25,0.2578447350665934,2025-10-23 20:19:41.554234,2025-10-23 20:19:41.954331,0 days 00:00:00.400097,0.8053057507977154,4.463109856984023,0.057317280978844566,10,3.008541564247586,100,0.9088735321862063,1.1962942791817293,0.8014657139811121,COMPLETE
26,0.24915915138309327,2025-10-23 20:19:41.954743,2025-10-23 20:19:42.333524,0 days 00:00:00.378781,0.9025275569800895,0.9195948117025998,0.07484295565631666,7,1.7580441012662251,100,3.166079961195253,9.991645397748727,0.8666236705931736,COMPLETE
27,0.22999758160656902,2025-10-23 20:19:42.333924,2025-10-23 20:19:43.687223,0 days 00:00:01.353299,0.7274159652510148,1.0323133730362875,0.01831824113959545,10,1.3907857434796624,250,1.0514273669019245,0.9099005718413264,0.9557921215711416,COMPLETE
28,0.4915880761401406,2025-10-23 20:19:43.687640,2025-10-23 20:19:44.626786,0 days 00:00:00.939146,0.7582181697840107,0.9968814416006049,0.0064441519545905815,8,4.500246564527857,200,0.9923484631254119,0.9363963955386487,0.9651922822614978,COMPLETE
29,0.23525171813327295,2025-10-23 20:19:44.627205,2025-10-23 20:19:46.305513,0 days 00:00:01.678308,0.719929870599473,0.8739236894937257,0.016317458213443277,10,3.169466534448951,350,3.8884446353770143,0.027052529341322407,0.9205679870773116,COMPLETE
30,0.2717515604918384,2025-10-23 20:19:46.305918,2025-10-23 20:19:47.360717,0 days 00:00:01.054799,0.7262702540474044,0.835497879346335,0.015395495404927672,6,3.187909031032322,350,4.0746355087416095,0.0604985685011008,0.9150044267697883,COMPLETE
31,0.3591381826892366,2025-10-23 20:19:47.361135,2025-10-23 20:19:49.729011,0 days 00:00:02.367876,0.791313537200353,1.1632272398736667,0.004529305351271831,10,1.835819671362652,400,3.872470831969242,1.594491247127563,0.9656648187862015,COMPLETE
32,0.227051207839401,2025-10-23 20:19:49.729428,2025-10-23 20:19:51.278531,0 days 00:00:01.549103,0.7254792149425668,0.5959821934183537,0.016103131257836602,9,2.458068590187354,300,0.8556711531213508,0.8350780440405223,0.9437950363350951,COMPLETE
33,0.22306153571587642,2025-10-23 20:19:51.278954,2025-10-23 20:19:52.724596,0 days 00:00:01.445642,0.7202461799726678,0.5499239922198242,0.02122128042564191,9,2.3663846567969373,300,0.9029084275894061,0.8491876873317147,0.9893296979727457,COMPLETE
34,0.22352134225274045,2025-10-23 20:19:52.725006,2025-10-23 20:19:54.171267,0 days 00:00:01.446261,0.6783431802644961,0.4597371269638964,0.021800121271819246,9,2.351929531261262,300,0.8763683187114646,1.0199355591453225,0.9878713520634951,COMPLETE
35,1.0684149412109432,2025-10-23 20:19:54.171678,2025-10-23 20:19:55.857230,0 days 00:00:01.685552,0.668693999972958,0.5176567679345162,0.0010785634210449533,9,4.851027582679674,300,0.44817255093871894,0.8103512659129148,0.6633640962083001,COMPLETE
36,0.2211228236974921,2025-10-23 20:19:55.857655,2025-10-23 20:19:56.887681,0 days 00:00:01.030026,0.804980957052136,0.5377000439407175,0.03627604835376996,9,2.367733874121792,300,1.5938538617866425,3.8617947089502396,0.9978591489502183,COMPLETE
37,0.21033751849061463,2025-10-23 20:19:56.888101,2025-10-23 20:19:58.670867,0 days 00:00:01.782766,0.805128245917955,0.010015003076168316,0.03924808815748929,8,2.1617397263437987,400,0.032038424733454085,3.8327098955549848,0.9935576013461855,COMPLETE
38,0.21845084408834703,2025-10-23 20:19:58.671260,2025-10-23 20:20:00.012008,0 days 00:00:01.340748,0.8156721712846249,0.16553124698672794,0.037457189925233086,8,5.543846462061666,500,0.041448430647347934,4.868779759609019,0.9983864177078741,COMPLETE
39,0.22417047160286244,2025-10-23 20:20:00.012455,2025-10-23 20:20:01.628301,0 days 00:00:01.615846,0.8135134656390116,0.07394897764641715,0.036865266524213694,7,5.654618518923696,500,0.1425029376992663,4.736591446374935,0.9991849955192522,COMPLETE
40,0.2321672326890842,2025-10-23 20:20:01.628719,2025-10-23 20:20:02.895868,0 days 00:00:01.267149,0.8841546127559267,0.2040904389752492,0.08370521797995081,6,6.256914970052751,500,0.004372884357297824,3.886685643280834,0.5303301638337485,COMPLETE
41,0.22785865049358828,2025-10-23 20:20:02.896280,2025-10-23 20:20:03.896578,0 days 00:00:01.000298,0.7786726053546911,0.2790539838720489,0.052513522604088876,8,3.8755435869666535,450,1.5645433335941012,5.367862979716731,0.9810828480964217,COMPLETE
42,0.22922075330538827,2025-10-23 20:20:03.896991,2025-10-23 20:20:04.982328,0 days 00:00:01.085337,0.8033431384348297,0.6860722890504797,0.03547951533236002,8,4.957414834340391,450,0.5912102708458522,3.6894859135711178,0.9008923625161924,COMPLETE
43,0.228161627298169,2025-10-23 20:20:04.982739,2025-10-23 20:20:06.211900,0 days 00:00:01.229161,0.7575569925344999,0.36047472645821965,0.029450512986506965,8,2.0169650228893943,400,1.3548769587878484,4.287665488996732,0.9963807831487341,COMPLETE
44,0.2178661337321653,2025-10-23 20:20:06.212320,2025-10-23 20:20:08.223710,0 days 00:00:02.011390,0.8241009688374792,0.026247302894572277,0.02215026264739979,8,6.537141813999627,450,1.5952064264111505,3.2301583144379693,0.973133144777872,COMPLETE
45,0.24828187068575944,2025-10-23 20:20:08.224124,2025-10-23 20:20:09.885918,0 days 00:00:01.661794,0.8212597449945256,0.06694001012223971,0.011891604520501527,7,6.571460714919521,450,1.762355074185296,3.2128121157607907,0.9336596287061635,COMPLETE
46,0.21703629547581976,2025-10-23 20:20:09.886327,2025-10-23 20:20:11.856835,0 days 00:00:01.970508,0.8733181374011217,0.031375118913259836,0.04530080093926661,8,5.575462667287959,500,5.297693968867003,5.188530848058599,0.9685244111372594,COMPLETE
47,0.21875914486434744,2025-10-23 20:20:11.857255,2025-10-23 20:20:13.768302,0 days 00:00:01.911047,0.8841740208778572,0.0564049320963354,0.04844466657274916,8,5.505809885032599,500,5.430730542072504,4.964431015803978,0.8621516690056957,COMPLETE
48,0.22417097014570744,2025-10-23 20:20:13.768732,2025-10-23 20:20:15.589844,0 days 00:00:01.821112,0.930655416117345,1.5697629844213523e-05,0.04752176986283884,7,7.3031378133154154,500,5.58396943480468,6.210074205488472,0.877373891385162,COMPLETE
49,0.2982773535880111,2025-10-23 20:20:15.590267,2025-10-23 20:20:16.891186,0 days 00:00:01.300919,0.9789098299802935,0.25197546042429586,0.00868541148282575,5,5.660387882020265,500,7.171509441017813,4.941538352359796,0.9709429566613865,COMPLETE
50,0.2309428769183836,2025-10-23 20:20:16.891607,2025-10-23 20:20:17.726443,0 days 00:00:00.834836,0.8823180202971194,0.2632900470731162,0.09656221386874382,8,8.208882705385166,450,4.977338375804196,7.581557266106175,0.8469089673118677,COMPLETE
51,0.24128318198944496,2025-10-23 20:20:17.726854,2025-10-23 20:20:18.777097,0 days 00:00:01.050243,0.8586642336611837,0.6794522147637401,0.04213867351806388,8,6.032683112494561,500,6.583486043967592,4.5365846495069615,0.8995327859838578,COMPLETE
52,0.2268269491804402,2025-10-23 20:20:18.777503,2025-10-23 20:20:20.558436,0 days 00:00:01.780933,0.8968292527322741,0.015677044128457197,0.024832299524866285,8,5.107569821652756,400,5.959688040584839,5.273727838173513,0.9699987614643263,COMPLETE
53,0.23667418938644333,2025-10-23 20:20:20.558855,2025-10-23 20:20:21.741251,0 days 00:00:01.182396,0.7892367565737457,0.4617423520132298,0.03440785419903396,8,5.478485725734475,450,5.464924350354842,4.200848465947995,0.9287135467271254,COMPLETE
54,0.24165084046441243,2025-10-23 20:20:21.741665,2025-10-23 20:20:22.632940,0 days 00:00:00.891275,0.8404453198194219,0.33571598298064426,0.06000986246537787,7,4.3707328033587505,500,4.6226122865041015,5.779419158866985,0.9989808788004721,COMPLETE
55,0.24419603863314132,2025-10-23 20:20:22.633358,2025-10-23 20:20:23.678682,0 days 00:00:01.045324,0.8726118757238762,0.6937106806369735,0.04576533969238703,9,6.83332899262523,450,7.454342398379809,3.602887823672325,0.6068566889967982,COMPLETE
56,0.2588604522699241,2025-10-23 20:20:23.679087,2025-10-23 20:20:24.586879,0 days 00:00:00.907792,0.9530502914958687,1.233710901342278,0.030714826964211576,6,6.326043341280567,400,2.730673064634331,6.0995015655298666,0.9764040049228881,COMPLETE
57,0.22994158956795335,2025-10-23 20:20:24.587294,2025-10-23 20:20:26.493322,0 days 00:00:01.906028,0.9143307505050624,0.22449140717659413,0.02190437952684662,8,7.52090114681526,500,6.545955307891364,5.27982731549761,0.904907146555662,COMPLETE
58,0.23330709034503389,2025-10-23 20:20:26.493743,2025-10-23 20:20:27.409538,0 days 00:00:00.915795,0.7725181946279382,0.1730206505560927,0.12504388941163094,7,5.4337607600518,450,5.25850561667524,3.9922627549549103,0.760892924124924,COMPLETE
59,0.24834091300299144,2025-10-23 20:20:27.409960,2025-10-23 20:20:28.182696,0 days 00:00:00.772736,0.8301125171742482,1.676013980963565,0.07887939559877312,9,4.74108235666617,500,4.212284587309066,6.894075912222245,0.8566506702506616,COMPLETE
60,0.2253239418965705,2025-10-23 20:20:28.183112,2025-10-23 20:20:30.094366,0 days 00:00:01.911254,0.8514135523682391,0.0005153133045837921,0.039424287807183364,8,3.912390536671542,450,9.56041875330137,4.678538849348266,0.9395084296318739,COMPLETE
61,0.22540937672959455,2025-10-23 20:20:30.094782,2025-10-23 20:20:30.965524,0 days 00:00:00.870742,0.797350163989577,0.7553005241615771,0.07095156995147017,9,1.2642832388350458,500,0.507969690107366,3.1835240493089376,0.9572503336175353,COMPLETE
62,0.23132912016876445,2025-10-23 20:20:30.965944,2025-10-23 20:20:31.824586,0 days 00:00:00.858642,0.8278062589913141,0.40726068762917345,0.059255668403761654,9,5.887119868492579,350,5.90024582384582,5.086227395957938,0.9533977565751227,COMPLETE
63,0.2756480238287847,2025-10-23 20:20:31.824996,2025-10-23 20:20:32.622711,0 days 00:00:00.797715,0.8121047959057429,0.5323330171743128,0.05135372665488892,4,5.210139820306827,400,1.2916259043861669,2.5855183982960233,0.9755770739555978,COMPLETE
64,0.2459409860245145,2025-10-23 20:20:32.623126,2025-10-23 20:20:32.899471,0 days 00:00:00.276345,0.8438099515985406,1.416043442732561,0.21589667183559716,8,7.105638799829984,150,2.0196709649250035,3.4463364501926037,0.9205752495445403,COMPLETE
65,0.23084670127251422,2025-10-23 20:20:32.899878,2025-10-23 20:20:34.364041,0 days 00:00:01.464163,0.8980306750469124,0.21201862479560551,0.027317484687598197,7,7.928754737605361,450,0.5759450879198641,5.772293590231869,0.9834671552767097,COMPLETE
66,0.23884713095728013,2025-10-23 20:20:34.364457,2025-10-23 20:20:35.360592,0 days 00:00:00.996135,0.7434656641854871,1.1024055700463673,0.04373416332183753,9,6.547871201791654,500,2.9465449663652485,4.4022242269148695,0.9513433563890659,COMPLETE
67,0.2263442665588223,2025-10-23 20:20:35.361013,2025-10-23 20:20:35.847866,0 days 00:00:00.486853,0.78311656887229,0.36382865908571205,0.10933040623007724,8,2.848766941628339,200,0.2622588664252863,1.9647194712255973,0.9374688369589731,COMPLETE
68,0.2357077534707633,2025-10-23 20:20:35.848286,2025-10-23 20:20:36.667591,0 days 00:00:00.819305,0.8762150783510932,0.9033559859647008,0.06379416500564002,9,4.103261837592067,450,4.981980387506287,4.01375370322295,0.9998481293313422,COMPLETE
69,0.21886789176428642,2025-10-23 20:20:36.668016,2025-10-23 20:20:38.292602,0 days 00:00:01.624586,0.8623458427631612,0.13294913674333647,0.02081863917364243,8,3.446385825187,350,0.026388982422387963,2.7274397467168088,0.884011261063279,COMPLETE
70,0.24978685233339482,2025-10-23 20:20:38.293014,2025-10-23 20:20:39.434641,0 days 00:00:01.141627,0.9245579739965897,3.283394929472061,0.018925500765636843,8,3.4805969651428246,350,0.08505682514844712,3.0862980115538026,0.8895076867436289,COMPLETE
71,0.232477710332228,2025-10-23 20:20:39.435049,2025-10-23 20:20:40.907690,0 days 00:00:01.472641,0.8618328814607574,0.18217912217151042,0.023906856143213022,7,1.6218202884194992,400,0.6916409071750299,4.872351601657628,0.8168714490786655,COMPLETE
72,0.24871436742062453,2025-10-23 20:20:40.908115,2025-10-23 20:20:42.315217,0 days 00:00:01.407102,0.817046782845958,2.0624462053843544,0.013118100006813621,8,1.0357198925858995,350,1.2081549093019923,2.8019553743621777,0.958949686786033,COMPLETE
73,0.24624798497958586,2025-10-23 20:20:42.315643,2025-10-23 20:20:43.309924,0 days 00:00:00.994281,0.5088809890777434,0.6143342439605448,0.02990824395972413,8,2.7026034177901175,250,1.6531983107214179,1.7313956185735602,0.9732410101217271,COMPLETE
74,0.20748096780933314,2025-10-23 20:20:43.310346,2025-10-23 20:20:44.774028,0 days 00:00:01.463682,0.7600099207322282,0.10448403203787088,0.039162777672622974,9,4.699716005949197,400,0.0030985142936653352,2.694924867875293,0.981202121561738,COMPLETE
75,0.20590665661541113,2025-10-23 20:20:44.774436,2025-10-23 20:20:46.480855,0 days 00:00:01.706419,0.7613820642386552,0.1082855316165326,0.0377415503509758,9,4.7350148565798085,400,0.28418116493062523,3.414679695001247,0.7860530923656595,COMPLETE
76,0.21100086567292103,2025-10-23 20:20:46.481274,2025-10-23 20:20:48.663211,0 days 00:00:02.181937,0.7602603825111099,0.1175908865084552,0.01941899992551247,9,4.607176329557132,400,0.2792063933927318,2.683480646430887,0.731043321656775,COMPLETE
77,0.21793944185713918,2025-10-23 20:20:48.663626,2025-10-23 20:20:49.973766,0 days 00:00:01.310140,0.7613425173566234,0.38436658168525495,0.03277401492304714,9,4.606510600581881,400,0.30823023029263413,3.417023445273319,0.7312505559438153,COMPLETE
78,0.218452293607236,2025-10-23 20:20:49.974181,2025-10-23 20:20:51.436194,0 days 00:00:01.462013,0.7644768100294282,0.41025570668608297,0.02639182193999444,9,4.707556435662788,400,0.3092171101334924,3.3994102707303395,0.725339822382031,COMPLETE
79,0.23217903401585685,2025-10-23 20:20:51.436606,2025-10-23 20:20:52.557773,0 days 00:00:01.121167,0.7016483185996255,0.7992501348747069,0.03261577341605868,9,9.1704151066597,400,0.7698124453013517,2.3176069260251735,0.68229392720894,COMPLETE
80,0.2062381903561853,2025-10-23 20:20:52.558188,2025-10-23 20:20:55.129220,0 days 00:00:02.571032,0.7487387743776331,0.14609721401542888,0.01768545000037182,10,4.581576056752215,400,0.31846655442452027,2.8638880077286886,0.7804567484638033,COMPLETE
81,0.2081468502522939,2025-10-23 20:20:55.129643,2025-10-23 20:20:57.847138,0 days 00:00:02.717495,0.7512716066044728,0.12585839787287117,0.01484730994535095,10,4.209709233417882,400,0.38306349812122764,2.8862075288613758,0.7847943555289223,COMPLETE
82,0.2149371117696226,2025-10-23 20:20:57.847564,2025-10-23 20:21:00.177311,0 days 00:00:02.329747,0.7390135898172604,0.37027735652585914,0.014574539849446379,10,4.575740331231158,400,0.3826379330851135,2.2143109650681776,0.7734969707052595,COMPLETE
83,0.21083586504858606,2025-10-23 20:21:00.177738,2025-10-23 20:21:02.908899,0 days 00:00:02.731161,0.7351312185054965,0.13656737264383587,0.013802869398577753,10,4.156843003604027,400,0.44916993187125903,2.1051505689092993,0.7861254720745378,COMPLETE
84,0.26858686774525575,2025-10-23 20:21:02.909314,2025-10-23 20:21:04.505455,0 days 00:00:01.596141,0.7340977108088134,4.945571797116209,0.010173681468616315,10,4.117827255011856,400,0.49956528194548644,2.148890562213419,0.7774764433668796,COMPLETE
85,0.2807750002165998,2025-10-23 20:21:04.505876,2025-10-23 20:21:06.814703,0 days 00:00:02.308827,0.707942889189863,0.31188988808778745,0.006874546193143088,10,4.265338318833382,350,1.0917964983719979,1.8809964210969856,0.7802135064718491,COMPLETE
86,0.21022445642555504,2025-10-23 20:21:06.815127,2025-10-23 20:21:09.417447,0 days 00:00:02.602320,0.7451467729042435,0.1331208089720056,0.014776729139063537,10,5.039636251404507,400,0.7233546644561182,2.808768436564996,0.7500126997322832,COMPLETE
