number,value,datetime_start,datetime_complete,duration,params_colsample_bytree,params_gamma,params_learning_rate,params_max_depth,params_min_child_weight,params_n_estimators,params_reg_alpha,params_reg_lambda,params_subsample,state
174,0.19712127465167104,2025-11-04 19:03:00.952637,2025-11-04 19:03:03.648956,0 days 00:00:02.696319,0.9716020092399849,0.01135932106236081,0.06547784738688069,10,3.308347831314276,400,2.0444395438372682,0.6265219787535435,0.8594871672432691,COMPLETE
175,0.1992358873513494,2025-11-04 19:03:03.649377,2025-11-04 19:03:06.457307,0 days 00:00:02.807930,0.9717635547504563,0.008582574185507268,0.048277381056941744,10,3.3360015600951227,400,2.618153183766364,0.637840529962411,0.8786492692178722,COMPLETE
176,0.20658855972152113,2025-11-04 19:03:06.457735,2025-11-04 19:03:07.660944,0 days 00:00:01.203209,0.9865369152280419,0.21613230014462295,0.05275876127740265,10,4.048724047432202,400,1.9391602132838734,0.6840415922122227,0.8544510583829815,COMPLETE
177,0.20647367031827665,2025-11-04 19:03:07.661364,2025-11-04 19:03:08.706273,0 days 00:00:01.044909,0.9588095890280637,0.1870346024323551,0.0678800847862007,10,3.59589246333221,400,1.7297742528416462,0.5689064841669405,0.8723103038864473,COMPLETE
178,0.23515780375528142,2025-11-04 19:03:08.706682,2025-11-04 19:03:09.575152,0 days 00:00:00.868470,0.9661539293441692,1.9259393508568976,0.04670624151653766,10,2.8030759608698004,400,2.1438494078176498,0.8284684496202057,0.8970401615210641,COMPLETE
179,0.20813804453846774,2025-11-04 19:03:09.575559,2025-11-04 19:03:10.520526,0 days 00:00:00.944967,0.9797466436481975,0.2749268962686474,0.07175050511008957,10,4.123312141989051,400,1.6602700448858296,0.47609270082091615,0.8710234666621034,COMPLETE
180,0.2132600937994615,2025-11-04 19:03:10.520930,2025-11-04 19:03:12.369413,0 days 00:00:01.848483,0.9531706666500834,0.012864680471444878,0.03822184653616389,8,4.647872328043469,400,2.784741469097998,0.6892352870766191,0.8468212556497934,COMPLETE
181,0.1973619603523851,2025-11-04 19:03:12.369830,2025-11-04 19:03:15.290099,0 days 00:00:02.920269,0.9854891469066033,0.0026671313459363157,0.06439142466609667,10,3.8463460639316414,400,1.9509473107225408,1.1687920204914963,0.8588993594520895,COMPLETE
182,0.19827584042095056,2025-11-04 19:03:15.290519,2025-11-04 19:03:18.119960,0 days 00:00:02.829441,0.9894032353114638,0.0021599079024384998,0.06370936949635692,10,3.842425887613834,400,2.416643268742691,0.9500099892073737,0.8860607036306745,COMPLETE
183,0.2048627630847841,2025-11-04 19:03:18.120374,2025-11-04 19:03:19.389334,0 days 00:00:01.268960,0.9995367099118138,0.1506641813038743,0.054884192449462625,10,4.254142229775211,400,1.9845786190845882,1.2355154290368282,0.8637883879535838,COMPLETE
184,0.20424563967102213,2025-11-04 19:03:19.389745,2025-11-04 19:03:20.457942,0 days 00:00:01.068197,0.9723088823019054,0.12092280217407311,0.08090817276529506,10,3.333802075184008,400,1.477933713042467,0.951780673965352,0.8460607113869077,COMPLETE
185,0.2039367612760482,2025-11-04 19:03:20.458365,2025-11-04 19:03:21.755224,0 days 00:00:01.296859,0.9822230514440724,0.09814911821766416,0.06296573914840226,10,3.530987293918354,400,2.3071118722319652,0.4019830525055378,0.8570411730237774,COMPLETE
186,0.1994509559151805,2025-11-04 19:03:21.755643,2025-11-04 19:03:24.856931,0 days 00:00:03.101288,0.9481624044375858,0.007288653244732397,0.09055772208684706,10,3.853071372817695,400,1.8307307289231491,1.5859824098382487,0.7797395982444567,COMPLETE
187,0.2067514994652237,2025-11-04 19:03:24.857350,2025-11-04 19:03:25.957319,0 days 00:00:01.099969,0.9904763394051168,0.2667243609888782,0.07167178775523661,10,4.48855626895539,450,1.2839700583378189,0.6134314010019617,0.8344790721228827,COMPLETE
188,0.2042529352466294,2025-11-04 19:03:25.957812,2025-11-04 19:03:27.408732,0 days 00:00:01.450920,0.9636400474136047,0.17666677392928384,0.04983213085869318,10,4.202155131355789,400,1.6229466515490178,0.8148998244202996,0.8584086534668481,COMPLETE
189,0.21266576283218236,2025-11-04 19:03:27.409152,2025-11-04 19:03:28.473544,0 days 00:00:01.064392,0.9761887199985162,0.39497638612097685,0.058405791809114906,10,4.026054804856589,400,1.9225453104300056,1.2325357397589238,0.8166812364107958,COMPLETE
190,0.20079439357678533,2025-11-04 19:03:28.473954,2025-11-04 19:03:31.966392,0 days 00:00:03.492438,0.9890118900246955,0.003354836797141893,0.017496649390864052,10,4.709200040425847,400,1.386919171434081,0.22095755935123973,0.7689739873014574,COMPLETE
191,0.20041835734301278,2025-11-04 19:03:31.966842,2025-11-04 19:03:33.438186,0 days 00:00:01.471344,0.9687736480315837,0.08417179297903707,0.07025306105524298,10,3.765622781602712,400,1.0945294384649196,1.1397225237573303,0.7830963471244613,COMPLETE
192,0.2001892461090207,2025-11-04 19:03:33.438609,2025-11-04 19:03:34.952821,0 days 00:00:01.514212,0.9996287386162193,0.08540655551627536,0.06338874156049777,10,3.642700753587388,400,1.5217128314460537,0.7013848171311455,0.8063227625912638,COMPLETE
193,0.2049891142455406,2025-11-04 19:03:34.953303,2025-11-04 19:03:35.993168,0 days 00:00:01.039865,0.9588197148756437,0.18731038634757688,0.08055804046339403,10,3.896984080428642,400,1.2491359625996123,0.9403307739128026,0.9059119543703961,COMPLETE
194,0.20227680645415275,2025-11-04 19:03:35.993590,2025-11-04 19:03:37.309708,0 days 00:00:01.316118,0.9829704023049217,0.10145957889421456,0.06673064752909395,10,4.318649820730837,400,1.7121722021071872,1.2971170085295656,0.8850770777754415,COMPLETE
195,0.21052540154733065,2025-11-04 19:03:37.310127,2025-11-04 19:03:38.610836,0 days 00:00:01.300709,0.9742185847945717,0.2568264471006238,0.05370389931778785,10,4.094668237191595,400,2.1414368535547927,0.5365200559491435,0.7932283965776706,COMPLETE
196,0.20240993448343172,2025-11-04 19:03:38.611263,2025-11-04 19:03:39.853599,0 days 00:00:01.242336,0.9454187808793111,0.09910635707377588,0.08661649444186682,10,3.1845695752951064,400,1.1711440389650338,1.0039785501878629,0.7504526030499992,COMPLETE
197,0.22254385537411173,2025-11-04 19:03:39.854157,2025-11-04 19:03:40.714062,0 days 00:00:00.859905,0.9921957450346346,1.1072987564467682,0.07411980194212792,10,4.53717330771343,450,0.8307534364983832,1.4564812141575927,0.8266353657282718,COMPLETE
198,0.20509925006871635,2025-11-04 19:03:40.714468,2025-11-04 19:03:41.640500,0 days 00:00:00.926032,0.9793163348815376,0.18258065333770826,0.1009196928722745,10,4.795440217718317,400,1.4281411543383251,0.30491092093969063,0.8704630514691546,COMPLETE
199,0.19294538395068606,2025-11-04 19:03:41.640932,2025-11-04 19:03:44.958026,0 days 00:00:03.317094,0.9575397026544369,0.0010537806354206233,0.06179214299416975,10,3.9118451964703342,400,0.9762228966811732,0.7638815887970511,0.8449620669794746,COMPLETE
