number,value,datetime_start,datetime_complete,duration,params_colsample_bytree,params_gamma,params_learning_rate,params_max_depth,params_min_child_weight,params_n_estimators,params_reg_alpha,params_reg_lambda,params_subsample,state
175,0.5298332729688284,2025-10-16 20:54:15.504065,2025-10-16 20:54:16.981147,0 days 00:00:01.477082,0.695817680918362,0.3323573023210968,0.02589680307421142,6,9.9689501297934,500,9.93913140267402,0.8926791985402378,0.7594683900232763,COMPLETE
176,0.5292144961544242,2025-10-16 20:54:16.981565,2025-10-16 20:54:18.457037,0 days 00:00:01.475472,0.6651140910401766,0.17055616392249712,0.032639894841790404,6,9.52483777831934,500,9.993720396132922,1.3403396076981526,0.7452974366766425,COMPLETE
177,0.5284116477579991,2025-10-16 20:54:18.457451,2025-10-16 20:54:19.944080,0 days 00:00:01.486629,0.716913528588776,0.36948683414044553,0.03454277655534623,6,9.779851039372627,500,9.6245516156892,2.4946388294836614,0.6997313202159706,COMPLETE
178,0.5292602548039146,2025-10-16 20:54:19.944508,2025-10-16 20:54:21.416089,0 days 00:00:01.471581,0.7199686672572758,0.3306788629302687,0.034723702977819314,6,9.76130923129066,500,9.583889728361436,2.0633190478181795,0.7952589967126715,COMPLETE
179,0.5952018749488679,2025-10-16 20:54:21.416506,2025-10-16 20:54:21.615091,0 days 00:00:00.198585,0.7086566261740785,0.40432719800985917,0.039571179588468265,6,9.470356852103372,50,9.451297028641735,1.6254266763662149,0.7527057090932738,COMPLETE
180,0.5308940338476582,2025-10-16 20:54:21.615509,2025-10-16 20:54:23.095082,0 days 00:00:01.479573,0.685515964638996,0.4084745134479668,0.022752705849284936,6,9.68621519416209,500,9.650516306180984,2.540493999388262,0.7026671830063573,COMPLETE
181,0.529031594874807,2025-10-16 20:54:23.095488,2025-10-16 20:54:24.585550,0 days 00:00:01.490062,0.694381977475139,0.24917892904966296,0.02917148386519985,6,9.873231743399721,500,9.753274430254766,0.537917428596184,0.7682303932076393,COMPLETE
182,0.528947366170614,2025-10-16 20:54:24.585961,2025-10-16 20:54:26.066527,0 days 00:00:01.480566,0.6761010090986942,0.0848582393759612,0.029296414816403236,6,9.718666260265595,500,9.362064602222928,2.2703043261206908,0.7408408462954116,COMPLETE
183,0.5286691008691788,2025-10-16 20:54:26.066944,2025-10-16 20:54:27.545028,0 days 00:00:01.478084,0.6816074876104542,0.002477555429015177,0.03468071738390084,6,9.463497727992955,500,9.379268380897667,2.467213186633822,0.7354924886416598,COMPLETE
184,0.5292771239664164,2025-10-16 20:54:27.545450,2025-10-16 20:54:29.021699,0 days 00:00:01.476249,0.6802192646390418,0.01981391960242159,0.03545075764815866,6,9.438205731280203,500,9.333280467682277,2.4094022460911995,0.7360628101958689,COMPLETE
185,0.5283903786555595,2025-10-16 20:54:29.022114,2025-10-16 20:54:30.493237,0 days 00:00:01.471123,0.6734736231326756,0.24783230639673476,0.03881963639937726,6,9.621987295296574,500,9.326610006299237,2.9826240942797826,0.7210085456553713,COMPLETE
186,0.5289483472984846,2025-10-16 20:54:30.493664,2025-10-16 20:54:31.960800,0 days 00:00:01.467136,0.6717091108547579,0.23538425344973654,0.04021509897804278,6,9.6306860364741,500,9.370389283963915,2.895280646403177,0.7181290368235179,COMPLETE
187,0.5279310270799629,2025-10-16 20:54:31.961222,2025-10-16 20:54:33.425734,0 days 00:00:01.464512,0.6605677091810985,0.24899813781125715,0.03771174250225368,6,9.554474236125888,500,9.376870732543326,2.9446238798989834,0.6961934107106117,COMPLETE
188,0.5279858235075161,2025-10-16 20:54:33.426149,2025-10-16 20:54:34.892933,0 days 00:00:01.466784,0.6582140619981224,0.2670010271693789,0.03883053913467336,6,9.542616627984197,500,9.096678549599016,2.995053835981295,0.697681283363264,COMPLETE
189,0.5288074169754634,2025-10-16 20:54:34.893355,2025-10-16 20:54:36.353753,0 days 00:00:01.460398,0.6307882264404221,0.39711509287043584,0.034442685389540935,6,9.434109241247809,500,9.124475220183498,3.148365860291851,0.6978933275199407,COMPLETE
190,0.5283673050303073,2025-10-16 20:54:36.354176,2025-10-16 20:54:37.813395,0 days 00:00:01.459219,0.6567432893168507,0.47290462296729274,0.03930128699263759,6,9.38799967887214,500,9.076301623469286,3.0394851500350093,0.6992042893532218,COMPLETE
191,0.5279460830754966,2025-10-16 20:54:37.813813,2025-10-16 20:54:39.268866,0 days 00:00:01.455053,0.6266780866989539,0.4166247416534828,0.03859475116265835,6,9.44817913646282,500,9.162871864820147,3.2071972274831437,0.7049573296853497,COMPLETE
192,0.5289742668413874,2025-10-16 20:54:39.269292,2025-10-16 20:54:40.723846,0 days 00:00:01.454554,0.6284185382286246,0.4583235173422293,0.03922538909108946,6,9.368596297995191,500,9.092805465827764,3.042776366224736,0.7071901862689589,COMPLETE
193,0.5392323805813679,2025-10-16 20:54:40.724264,2025-10-16 20:54:41.211792,0 days 00:00:00.487528,0.6033342616245525,0.3263261492597517,0.037902158975181434,6,9.389733617065572,150,8.994608929771475,3.2070431364396756,0.6966143003444909,COMPLETE
194,0.5288879677315214,2025-10-16 20:54:41.212211,2025-10-16 20:54:42.668268,0 days 00:00:01.456057,0.6410528373644518,0.5450700729819794,0.03475795467119508,6,9.498517316182433,500,9.247839242403767,2.8199251339151146,0.6642654038554388,COMPLETE
195,0.5280274442922237,2025-10-16 20:54:42.668684,2025-10-16 20:54:44.127368,0 days 00:00:01.458684,0.657747161956966,0.38097768363189566,0.04189976485994447,6,9.312627554259706,500,9.101782304202178,3.2487440441051634,0.6832088891984256,COMPLETE
196,0.5274068489877961,2025-10-16 20:54:44.127778,2025-10-16 20:54:45.620964,0 days 00:00:01.493186,0.6631746483276102,0.38626097920066615,0.0408323488255175,6,9.34433589769539,500,9.109350480860469,3.7744499377864558,0.6919361584528566,COMPLETE
197,0.5277737220631284,2025-10-16 20:54:45.621386,2025-10-16 20:54:47.080395,0 days 00:00:01.459009,0.6551373650176627,0.27992030999297424,0.04214723682162975,6,9.26265152204541,500,9.479703985485852,3.3157853040270657,0.6867422754393122,COMPLETE
198,0.5282796524812194,2025-10-16 20:54:47.080818,2025-10-16 20:54:48.599897,0 days 00:00:01.519079,0.6578275363564986,0.2708788719677865,0.04772456082191079,6,0.762124874602014,500,9.140257362577763,3.8530218042000626,0.6816271194418357,COMPLETE
199,0.5285502506452299,2025-10-16 20:54:48.600324,2025-10-16 20:54:50.071073,0 days 00:00:01.470749,0.6592964001834908,0.5301873299342109,0.04694863485688714,6,1.732304808677049,500,9.497782354321263,3.710749862556975,0.68160104622952,COMPLETE
