number,value,datetime_start,datetime_complete,duration,params_attention_dropout,params_attention_heads,params_batch_size,params_embedding_size,params_ff_dropout,params_learning_rate,params_transformer_depth,state
259,inf,2025-10-16 22:42:48.029029,2025-10-16 22:42:48.032796,0 days 00:00:00.003767,0.09799756195646082,2,512,16,0.1636198403684608,0.0006180321197599017,8,COMPLETE
260,inf,2025-10-16 22:42:48.033033,2025-10-16 22:42:48.036908,0 days 00:00:00.003875,0.31261162418538363,4,256,64,0.4666370334843535,0.001964411766941984,3,COMPLETE
261,inf,2025-10-16 22:42:48.037159,2025-10-16 22:42:48.040832,0 days 00:00:00.003673,0.46807039141749385,2,128,32,0.0016662414042964884,0.0029825743446450725,6,COMPLETE
262,inf,2025-10-16 22:42:48.041061,2025-10-16 22:42:48.044996,0 days 00:00:00.003935,0.13056164667187364,16,256,16,0.3693209807015424,0.00012557165875377052,5,COMPLETE
263,inf,2025-10-16 22:42:48.045239,2025-10-16 22:42:48.048948,0 days 00:00:00.003709,0.11311193944887094,4,512,128,0.23140430391525232,0.007244649981532324,2,COMPLETE
264,inf,2025-10-16 22:42:48.049182,2025-10-16 22:42:48.053069,0 days 00:00:00.003887,0.2900591106647382,8,64,64,0.4385970063172531,0.0010903454653237309,8,COMPLETE
265,inf,2025-10-16 22:42:48.053336,2025-10-16 22:42:48.056925,0 days 00:00:00.003589,0.4871770492469957,2,256,64,0.3893270434460445,0.0001519904921565928,4,COMPLETE
266,inf,2025-10-16 22:42:48.057155,2025-10-16 22:42:48.061195,0 days 00:00:00.004040,0.013775987023810284,16,512,16,0.4567190162579041,0.009969517298169719,3,COMPLETE
267,inf,2025-10-16 22:42:48.061448,2025-10-16 22:42:48.065187,0 days 00:00:00.003739,0.2577091638059818,4,256,64,0.2643783097909285,7.80808836544301e-05,7,COMPLETE
268,inf,2025-10-16 22:42:48.065484,2025-10-16 22:42:48.069518,0 days 00:00:00.004034,0.24632441508093006,2,128,16,0.4251830142458551,0.0004026913135378036,4,COMPLETE
269,inf,2025-10-16 22:42:48.069758,2025-10-16 22:42:48.073679,0 days 00:00:00.003921,0.16282884753725857,16,512,32,0.09009146699835892,0.0007588515519953961,2,COMPLETE
270,inf,2025-10-16 22:42:48.073899,2025-10-16 22:42:48.077998,0 days 00:00:00.004099,0.3550875424250368,4,256,128,0.2032354017894421,0.00031009608205349973,3,COMPLETE
271,inf,2025-10-16 22:42:48.078274,2025-10-16 22:42:48.082032,0 days 00:00:00.003758,0.4126533706970541,8,64,64,0.40368852739517885,0.008491832520819724,6,COMPLETE
272,inf,2025-10-16 22:42:48.082273,2025-10-16 22:42:48.086326,0 days 00:00:00.004053,0.17784397706138158,2,256,16,0.4771497304839516,0.00022779104279724446,5,COMPLETE
273,inf,2025-10-16 22:42:48.086583,2025-10-16 22:42:48.090115,0 days 00:00:00.003532,0.37983810002816576,16,512,64,0.32337556655675587,0.0026256029682407435,8,COMPLETE
274,inf,2025-10-16 22:42:48.090348,2025-10-16 22:42:48.094363,0 days 00:00:00.004015,0.44634638767523227,4,256,64,0.23928984865017658,0.00011206596971773266,2,COMPLETE
275,inf,2025-10-16 22:42:48.094652,2025-10-16 22:42:48.098483,0 days 00:00:00.003831,0.030488821208035626,2,128,16,0.11929142808455989,0.00019095509584520024,3,COMPLETE
276,inf,2025-10-16 22:42:48.098710,2025-10-16 22:42:48.102829,0 days 00:00:00.004119,0.3071292512943231,16,512,32,0.45242367365066877,1.5921013039182383e-05,4,COMPLETE
277,inf,2025-10-16 22:42:48.103075,2025-10-16 22:42:48.107048,0 days 00:00:00.003973,0.07518252250910995,4,256,128,0.13750809172815737,0.001631058016881451,6,COMPLETE
278,inf,2025-10-16 22:42:48.107269,2025-10-16 22:42:48.111508,0 days 00:00:00.004239,0.0901764806888393,2,64,64,0.4146302577272784,0.0008530563406357987,7,COMPLETE
279,inf,2025-10-16 22:42:48.111765,2025-10-16 22:42:48.115487,0 days 00:00:00.003722,0.10732234109273146,8,512,16,0.4286553504990401,4.878449393515322e-05,3,COMPLETE
280,inf,2025-10-16 22:42:48.115737,2025-10-16 22:42:48.119739,0 days 00:00:00.004002,0.19975661776723755,16,256,64,0.3949608798103038,0.0037076340230012576,5,COMPLETE
281,inf,2025-10-16 22:42:48.119989,2025-10-16 22:42:48.123687,0 days 00:00:00.003698,0.0027887668814029834,4,256,16,0.2149897591630367,9.674059778743209e-05,8,COMPLETE
282,inf,2025-10-16 22:42:48.123915,2025-10-16 22:42:48.127835,0 days 00:00:00.003920,0.3403395190808522,2,512,64,0.29598656177352994,1.1060299811210982e-05,3,COMPLETE
283,inf,2025-10-16 22:42:48.128084,2025-10-16 22:42:48.131821,0 days 00:00:00.003737,0.323466123261042,16,128,32,0.44879414830499365,0.00025661527098914586,4,COMPLETE
284,inf,2025-10-16 22:42:48.132041,2025-10-16 22:42:48.135999,0 days 00:00:00.003958,0.23083977226043506,2,256,128,0.10766210425258523,0.0011828543996623198,6,COMPLETE
285,inf,2025-10-16 22:42:48.136291,2025-10-16 22:42:48.140099,0 days 00:00:00.003808,0.2798933170292305,4,512,64,0.059139968743171456,0.00016096236534907088,2,COMPLETE
286,inf,2025-10-16 22:42:48.140348,2025-10-16 22:42:48.144276,0 days 00:00:00.003928,0.14512688592236242,8,64,16,0.15247157285217144,0.0005536628718509832,8,COMPLETE
287,inf,2025-10-16 22:42:48.144733,2025-10-16 22:42:48.148805,0 days 00:00:00.004072,0.040802318854822356,16,256,64,0.434714834728938,0.0002067781153226171,3,COMPLETE
288,inf,2025-10-16 22:42:48.149064,2025-10-16 22:42:48.153374,0 days 00:00:00.004310,0.21567760183479529,2,512,16,0.1702573510519366,0.004600998563501628,5,COMPLETE
289,inf,2025-10-16 22:42:48.153666,2025-10-16 22:42:48.157459,0 days 00:00:00.003793,0.06329463118474193,4,256,64,0.41634960531295007,6.706291056548995e-05,7,COMPLETE
290,inf,2025-10-16 22:42:48.157690,2025-10-16 22:42:48.161856,0 days 00:00:00.004166,0.18341115191760576,2,128,32,0.4682261048576874,2.7295686795961436e-05,3,COMPLETE
291,inf,2025-10-16 22:42:48.162111,2025-10-16 22:42:48.165889,0 days 00:00:00.003778,0.19345335490277493,16,256,128,0.07643178894308762,0.00013624758748133106,4,COMPLETE
292,inf,2025-10-16 22:42:48.166132,2025-10-16 22:42:48.170407,0 days 00:00:00.004275,0.30226814213466774,4,512,16,0.18989433985299126,0.0006371459910840104,6,COMPLETE
293,inf,2025-10-16 22:42:48.170673,2025-10-16 22:42:48.174711,0 days 00:00:00.004038,0.39257943653148064,8,64,64,0.49299801635739243,0.0004736891274862911,2,COMPLETE
294,inf,2025-10-16 22:42:48.175042,2025-10-16 22:42:48.178991,0 days 00:00:00.003949,0.020942898047124157,2,256,64,0.3785842410088028,0.0013852051510954606,4,COMPLETE
295,inf,2025-10-16 22:42:48.179235,2025-10-16 22:42:48.183241,0 days 00:00:00.004006,0.24204124897718826,16,512,16,0.24787159429212946,2.095432062949704e-05,5,COMPLETE
296,inf,2025-10-16 22:42:48.183485,2025-10-16 22:42:48.187730,0 days 00:00:00.004245,0.12268986231732952,4,128,64,0.35909005522226983,0.0018773112040032394,7,COMPLETE
297,inf,2025-10-16 22:42:48.188042,2025-10-16 22:42:48.192174,0 days 00:00:00.004132,0.36936595743593753,2,256,32,0.04630294352409933,0.0003420303167256676,2,COMPLETE
298,inf,2025-10-16 22:42:48.192436,2025-10-16 22:42:48.196722,0 days 00:00:00.004286,0.26838342034349194,16,512,128,0.27430302842894566,0.003172384600691425,8,COMPLETE
299,inf,2025-10-16 22:42:48.197020,2025-10-16 22:42:48.200877,0 days 00:00:00.003857,0.1528795325083827,4,256,16,0.33067447639896363,3.4412332432095416e-05,3,COMPLETE
