number,value,datetime_start,datetime_complete,duration,params_attention_dropout,params_attention_heads,params_batch_size,params_embedding_size,params_ff_dropout,params_learning_rate,params_transformer_depth,state
259,inf,2025-10-16 22:20:13.848771,2025-10-16 22:20:13.852774,0 days 00:00:00.004003,0.13196484392583602,16,512,32,0.22527220148539673,1.0766975136778403e-05,5,COMPLETE
260,inf,2025-10-16 22:20:13.853050,2025-10-16 22:20:13.857128,0 days 00:00:00.004078,0.15814189447365037,8,64,64,0.2442373134673396,0.00023101496246521498,4,COMPLETE
261,inf,2025-10-16 22:20:13.857460,2025-10-16 22:20:13.861658,0 days 00:00:00.004198,0.10399982383343988,8,128,16,0.081361994130199,6.0834094797999265e-05,2,COMPLETE
262,inf,2025-10-16 22:20:13.861949,2025-10-16 22:20:13.865652,0 days 00:00:00.003703,0.2069551731796983,16,64,128,0.291406287300373,0.0001514564467622518,6,COMPLETE
263,inf,2025-10-16 22:20:13.865907,2025-10-16 22:20:13.869711,0 days 00:00:00.003804,0.14519662023821667,8,128,32,0.08960424724673072,1.4053337008218863e-05,3,COMPLETE
264,inf,2025-10-16 22:20:13.869967,2025-10-16 22:20:13.873860,0 days 00:00:00.003893,0.22099875489122003,4,256,16,0.07216736687948215,0.0015973503721126332,6,COMPLETE
265,inf,2025-10-16 22:20:13.874118,2025-10-16 22:20:13.878149,0 days 00:00:00.004031,0.469417093500499,2,64,16,0.45379164673744726,0.0011739528484474176,6,COMPLETE
266,inf,2025-10-16 22:20:13.878440,2025-10-16 22:20:13.882183,0 days 00:00:00.003743,0.1635726111487411,16,512,32,0.3048874220931785,0.0008828297662993311,2,COMPLETE
267,inf,2025-10-16 22:20:13.882507,2025-10-16 22:20:13.886756,0 days 00:00:00.004249,0.29591338928302113,8,128,64,0.11777800573446277,0.003063351058011139,7,COMPLETE
268,inf,2025-10-16 22:20:13.887077,2025-10-16 22:20:13.890825,0 days 00:00:00.003748,0.015041837652357094,8,64,16,0.06216054123314167,0.0003580887255395478,4,COMPLETE
269,inf,2025-10-16 22:20:13.891093,2025-10-16 22:20:13.895208,0 days 00:00:00.004115,0.3519969675645996,16,64,128,0.36799908232769507,1.8240928985412344e-05,5,COMPLETE
270,inf,2025-10-16 22:20:13.895479,2025-10-16 22:20:13.899200,0 days 00:00:00.003721,0.07820803106811122,8,512,32,0.10631063046754075,7.941091049002711e-05,7,COMPLETE
271,inf,2025-10-16 22:20:13.899456,2025-10-16 22:20:13.903609,0 days 00:00:00.004153,0.2392900166903118,4,128,16,0.23941203502509986,0.0002830024959388584,8,COMPLETE
272,inf,2025-10-16 22:20:13.903927,2025-10-16 22:20:13.907809,0 days 00:00:00.003882,0.32080050677639443,2,256,16,0.2076754880384168,1.1843614919092576e-05,6,COMPLETE
273,inf,2025-10-16 22:20:13.908063,2025-10-16 22:20:13.912152,0 days 00:00:00.004089,0.42853685769083205,16,64,32,0.40703795158935097,2.4748239034297002e-05,2,COMPLETE
274,inf,2025-10-16 22:20:13.912438,2025-10-16 22:20:13.916217,0 days 00:00:00.003779,0.19993354407698716,8,128,64,0.18575121626195626,0.00662916979171605,5,COMPLETE
275,inf,2025-10-16 22:20:13.916496,2025-10-16 22:20:13.920498,0 days 00:00:00.004002,0.2599724471359745,8,64,16,0.3289939916856201,0.00012409900671305876,3,COMPLETE
276,inf,2025-10-16 22:20:13.920763,2025-10-16 22:20:13.924686,0 days 00:00:00.003923,0.28276382985773896,16,512,128,0.37914834437467465,0.00020871205237492374,4,COMPLETE
277,inf,2025-10-16 22:20:13.924949,2025-10-16 22:20:13.928744,0 days 00:00:00.003795,0.3636231606490228,8,64,32,0.01541111338476752,0.002106891895823728,6,COMPLETE
278,inf,2025-10-16 22:20:13.928986,2025-10-16 22:20:13.932709,0 days 00:00:00.003723,0.3375737074486066,4,128,16,0.4402654950991131,0.0009832760888751236,3,COMPLETE
279,inf,2025-10-16 22:20:13.932956,2025-10-16 22:20:13.936874,0 days 00:00:00.003918,0.0003682225308547795,2,256,16,0.1356133381634887,9.65518902810197e-05,5,COMPLETE
280,inf,2025-10-16 22:20:13.937122,2025-10-16 22:20:13.940959,0 days 00:00:00.003837,0.309914531447505,8,64,32,0.2203228097365965,1.0271108344580934e-05,8,COMPLETE
281,inf,2025-10-16 22:20:13.941224,2025-10-16 22:20:13.945307,0 days 00:00:00.004083,0.1509189666540293,16,128,64,0.14709848523657348,0.0005971775267165439,6,COMPLETE
282,inf,2025-10-16 22:20:13.945588,2025-10-16 22:20:13.949485,0 days 00:00:00.003897,0.18427649155178502,8,64,16,0.27370593882766087,1.2981200327815734e-05,7,COMPLETE
283,inf,2025-10-16 22:20:13.949753,2025-10-16 22:20:13.954209,0 days 00:00:00.004456,0.3865692604796592,16,512,128,0.1983644559775824,0.00041513168724102196,6,COMPLETE
284,inf,2025-10-16 22:20:13.954462,2025-10-16 22:20:13.959045,0 days 00:00:00.004583,0.12128287295319246,8,64,16,0.171529229592726,4.432203704939468e-05,2,COMPLETE
285,inf,2025-10-16 22:20:13.959320,2025-10-16 22:20:13.963252,0 days 00:00:00.003932,0.2470021906078923,4,128,32,0.422318715016721,0.0003180973722365284,7,COMPLETE
286,inf,2025-10-16 22:20:13.963501,2025-10-16 22:20:13.967449,0 days 00:00:00.003948,0.45374791116165397,2,256,16,0.47185437880823256,0.00018640341354205666,6,COMPLETE
287,inf,2025-10-16 22:20:13.967826,2025-10-16 22:20:13.971852,0 days 00:00:00.004026,0.22867105847066782,8,64,32,0.2947836415860832,3.6741766491653784e-05,5,COMPLETE
288,inf,2025-10-16 22:20:13.972110,2025-10-16 22:20:13.976280,0 days 00:00:00.004170,0.093689448077556,16,512,16,0.48618540484483275,0.0026254378936332126,3,COMPLETE
289,inf,2025-10-16 22:20:13.976538,2025-10-16 22:20:13.980378,0 days 00:00:00.003840,0.16905583991938794,8,128,64,0.04259538261630939,0.001398962440176866,4,COMPLETE
290,inf,2025-10-16 22:20:13.980614,2025-10-16 22:20:13.984757,0 days 00:00:00.004143,0.4830521957128788,16,64,128,0.2612411851154999,7.355987797641845e-05,8,COMPLETE
291,inf,2025-10-16 22:20:13.985013,2025-10-16 22:20:13.988871,0 days 00:00:00.003858,0.21675231562937364,8,64,16,0.00675699331964119,3.1776951172622804e-05,6,COMPLETE
292,inf,2025-10-16 22:20:13.989111,2025-10-16 22:20:13.993149,0 days 00:00:00.004038,0.03634189448990064,4,128,32,0.08257642106742842,0.009731511849484727,7,COMPLETE
293,inf,2025-10-16 22:20:13.993478,2025-10-16 22:20:13.997320,0 days 00:00:00.003842,0.04610212653772028,2,256,16,0.09945053947109173,2.118847831246439e-05,2,COMPLETE
294,inf,2025-10-16 22:20:13.997570,2025-10-16 22:20:14.001712,0 days 00:00:00.004142,0.06956559988013247,8,512,32,0.3096048853569141,1.5040171252580186e-05,5,COMPLETE
295,inf,2025-10-16 22:20:14.001969,2025-10-16 22:20:14.005813,0 days 00:00:00.003844,0.13138663026794745,16,64,16,0.2477054118117779,0.0005229982561694566,3,COMPLETE
296,inf,2025-10-16 22:20:14.006049,2025-10-16 22:20:14.010228,0 days 00:00:00.004179,0.37405393469143233,8,128,64,0.15911704935868123,5.486149163224629e-05,6,COMPLETE
297,inf,2025-10-16 22:20:14.010492,2025-10-16 22:20:14.014406,0 days 00:00:00.003914,0.11144156616258265,8,64,128,0.23386528084699834,0.0002573461701350108,4,COMPLETE
298,inf,2025-10-16 22:20:14.014650,2025-10-16 22:20:14.018781,0 days 00:00:00.004131,0.1927580528016215,16,64,16,0.19277111965227073,0.0007702913624985959,8,COMPLETE
299,inf,2025-10-16 22:20:14.019037,2025-10-16 22:20:14.022926,0 days 00:00:00.003889,0.2687251407814166,4,512,32,0.3600734529129578,6.343119403357258e-05,6,COMPLETE
