number,value,datetime_start,datetime_complete,duration,params_attention_dropout,params_attention_heads,params_batch_size,params_embedding_size,params_ff_dropout,params_learning_rate,params_transformer_depth,state
0,inf,2025-10-16 22:20:13.044091,2025-10-16 22:20:13.045192,0 days 00:00:00.001101,0.14010687511125092,8,128,16,0.24175958754482296,1.0793864615704983e-05,6,COMPLETE
1,inf,2025-10-16 22:20:13.045644,2025-10-16 22:20:13.045928,0 days 00:00:00.000284,0.3595827235216239,8,64,32,0.09075364904823996,0.00011396736344168276,6,COMPLETE
2,inf,2025-10-16 22:20:13.046204,2025-10-16 22:20:13.046400,0 days 00:00:00.000196,0.2374154676290134,16,64,16,0.29009407011131594,0.0010293809867019121,2,COMPLETE
3,inf,2025-10-16 22:20:13.046648,2025-10-16 22:20:13.046832,0 days 00:00:00.000184,0.14896315503808216,16,64,128,0.22784703113316668,0.0002441621740568693,4,COMPLETE
4,inf,2025-10-16 22:20:13.047067,2025-10-16 22:20:13.047253,0 days 00:00:00.000186,0.046494013344123564,8,512,128,0.4138463502014367,0.00035640245289749356,3,COMPLETE
5,inf,2025-10-16 22:20:13.047488,2025-10-16 22:20:13.047660,0 days 00:00:00.000172,0.22102172628098105,16,512,64,0.24080078726455695,7.560760723297923e-05,6,COMPLETE
6,inf,2025-10-16 22:20:13.047896,2025-10-16 22:20:13.048070,0 days 00:00:00.000174,0.0040663220821146595,16,64,32,0.010517667440293033,0.0012881282511444298,3,COMPLETE
7,inf,2025-10-16 22:20:13.048371,2025-10-16 22:20:13.048682,0 days 00:00:00.000311,0.38737474220530466,4,128,32,0.09820476584663618,0.0002076645604923434,8,COMPLETE
8,inf,2025-10-16 22:20:13.048966,2025-10-16 22:20:13.049172,0 days 00:00:00.000206,0.4585623453290148,16,512,64,0.15828717027358885,0.0019157980442387269,4,COMPLETE
9,inf,2025-10-16 22:20:13.049406,2025-10-16 22:20:13.049589,0 days 00:00:00.000183,0.24094287541214493,2,512,32,0.38017762508534936,5.5886246621979145e-05,2,COMPLETE
10,inf,2025-10-16 22:20:13.049823,2025-10-16 22:20:13.052800,0 days 00:00:00.002977,0.10285159663214705,8,128,16,0.3269570359022971,1.2249772105129671e-05,8,COMPLETE
11,inf,2025-10-16 22:20:13.053123,2025-10-16 22:20:13.055832,0 days 00:00:00.002709,0.35353559216086755,8,256,16,0.10049924574718501,0.008492694862658044,6,COMPLETE
12,inf,2025-10-16 22:20:13.056155,2025-10-16 22:20:13.058224,0 days 00:00:00.002069,0.34388489305503145,8,128,32,0.49193557709542773,1.6375684318215864e-05,6,COMPLETE
13,inf,2025-10-16 22:20:13.058479,2025-10-16 22:20:13.061474,0 days 00:00:00.002995,0.16104383856652038,8,256,16,0.00668277939797933,3.6908467682884126e-05,7,COMPLETE
14,inf,2025-10-16 22:20:13.061797,2025-10-16 22:20:13.063964,0 days 00:00:00.002167,0.48035127944085326,2,64,16,0.1582276834732319,2.8115475966344006e-05,5,COMPLETE
15,inf,2025-10-16 22:20:13.064260,2025-10-16 22:20:13.066196,0 days 00:00:00.001936,0.29932294005205806,4,128,32,0.1745879383084069,0.0001086427724463682,7,COMPLETE
16,inf,2025-10-16 22:20:13.066502,2025-10-16 22:20:13.068970,0 days 00:00:00.002468,0.42257541631852225,8,64,64,0.08072638757597742,1.0296177929319901e-05,5,COMPLETE
17,inf,2025-10-16 22:20:13.069257,2025-10-16 22:20:13.071322,0 days 00:00:00.002065,0.2916184852392192,8,128,128,0.2107518995704317,0.0005192588734816635,7,COMPLETE
18,inf,2025-10-16 22:20:13.071633,2025-10-16 22:20:13.073644,0 days 00:00:00.002011,0.17241567812774555,8,256,32,0.2913810136466378,0.0058845253681796645,6,COMPLETE
19,inf,2025-10-16 22:20:13.073898,2025-10-16 22:20:13.075986,0 days 00:00:00.002088,0.09035517018928524,4,64,16,0.06062842964774319,3.065872546571963e-05,4,COMPLETE
20,inf,2025-10-16 22:20:13.076305,2025-10-16 22:20:13.078372,0 days 00:00:00.002067,0.304307028988827,2,128,16,0.3602397888439222,0.00012066268550987657,5,COMPLETE
21,inf,2025-10-16 22:20:13.078664,2025-10-16 22:20:13.080672,0 days 00:00:00.002008,0.2112351317633492,16,64,16,0.28644428490271084,0.001304124509128267,2,COMPLETE
22,inf,2025-10-16 22:20:13.080908,2025-10-16 22:20:13.082892,0 days 00:00:00.001984,0.26532234445167424,16,64,16,0.28594068344579976,0.0026333402733676394,7,COMPLETE
23,inf,2025-10-16 22:20:13.083135,2025-10-16 22:20:13.085386,0 days 00:00:00.002251,0.11233665103552777,8,64,16,0.44964002653988694,0.0007825547076750414,3,COMPLETE
24,inf,2025-10-16 22:20:13.085668,2025-10-16 22:20:13.087773,0 days 00:00:00.002105,0.19731297842714088,8,64,16,0.1958174083842409,0.000629174502881809,6,COMPLETE
25,inf,2025-10-16 22:20:13.088027,2025-10-16 22:20:13.090026,0 days 00:00:00.001999,0.3727963946085229,16,64,32,0.12868329489068578,0.0034712543797731903,5,COMPLETE
26,inf,2025-10-16 22:20:13.090273,2025-10-16 22:20:13.092269,0 days 00:00:00.001996,0.24862723715929785,2,128,128,0.32974709248481854,0.00019676533674409846,4,COMPLETE
27,inf,2025-10-16 22:20:13.092796,2025-10-16 22:20:13.094942,0 days 00:00:00.002146,0.13448884255131477,4,256,64,0.2714317698959604,2.1298521460761102e-05,5,COMPLETE
28,inf,2025-10-16 22:20:13.095202,2025-10-16 22:20:13.097216,0 days 00:00:00.002014,0.0556630182548023,8,64,16,0.04163172392997754,5.4116264286188076e-05,7,COMPLETE
29,inf,2025-10-16 22:20:13.097463,2025-10-16 22:20:13.099522,0 days 00:00:00.002059,0.33011584751485357,16,64,128,0.23717755463275267,0.0004073550745258493,6,COMPLETE
30,inf,2025-10-16 22:20:13.099765,2025-10-16 22:20:13.101895,0 days 00:00:00.002130,0.4307789014896911,16,128,32,0.34053714672435864,0.001031672565513373,2,COMPLETE
31,inf,2025-10-16 22:20:13.102131,2025-10-16 22:20:13.104172,0 days 00:00:00.002041,0.1622588987765636,16,64,128,0.21711047687446922,0.00026765798332405166,3,COMPLETE
32,inf,2025-10-16 22:20:13.104409,2025-10-16 22:20:13.106412,0 days 00:00:00.002003,0.18968240797099695,16,512,128,0.3915358350612903,0.00012871013911087558,4,COMPLETE
33,inf,2025-10-16 22:20:13.106645,2025-10-16 22:20:13.108698,0 days 00:00:00.002053,0.054182846660784295,16,64,128,0.254250882115326,0.0003267884890144114,3,COMPLETE
34,inf,2025-10-16 22:20:13.108930,2025-10-16 22:20:13.111588,0 days 00:00:00.002658,0.1367019175028838,16,64,128,0.12477699579496818,0.00017090521178828163,4,COMPLETE
35,inf,2025-10-16 22:20:13.111878,2025-10-16 22:20:13.114042,0 days 00:00:00.002164,0.01720638799529281,8,512,64,0.306929728298831,7.255617117427961e-05,2,COMPLETE
36,inf,2025-10-16 22:20:13.114353,2025-10-16 22:20:13.116573,0 days 00:00:00.002220,0.2338261064546101,16,64,32,0.24305990574210679,0.0004344565835169052,6,COMPLETE
37,inf,2025-10-16 22:20:13.116890,2025-10-16 22:20:13.119168,0 days 00:00:00.002278,0.26548440044731725,4,64,128,0.4149539331957349,0.0019221696898436822,5,COMPLETE
38,inf,2025-10-16 22:20:13.119405,2025-10-16 22:20:13.121501,0 days 00:00:00.002096,0.0824958618174437,8,512,16,0.16786290662119635,0.0008635237716461293,3,COMPLETE
39,inf,2025-10-16 22:20:13.121731,2025-10-16 22:20:13.123850,0 days 00:00:00.002119,0.13217771206143014,16,128,32,0.19182868038839482,0.0002630993051979809,8,COMPLETE
40,inf,2025-10-16 22:20:13.124086,2025-10-16 22:20:13.126434,0 days 00:00:00.002348,0.2188444332716992,2,256,64,0.1313716627513842,4.7148662657227196e-05,6,COMPLETE
41,inf,2025-10-16 22:20:13.126717,2025-10-16 22:20:13.128864,0 days 00:00:00.002147,0.00028534959160639306,8,512,128,0.4360043259032829,7.456463335409242e-05,3,COMPLETE
42,inf,2025-10-16 22:20:13.129107,2025-10-16 22:20:13.131224,0 days 00:00:00.002117,0.04579564182593614,8,512,128,0.4751577093197553,0.001507983365174517,2,COMPLETE
43,inf,2025-10-16 22:20:13.131458,2025-10-16 22:20:13.133865,0 days 00:00:00.002407,0.4043123921103544,8,512,128,0.3502920356602133,0.0001660440804612647,2,COMPLETE
44,inf,2025-10-16 22:20:13.134122,2025-10-16 22:20:13.136202,0 days 00:00:00.002080,0.49942189127108005,8,512,16,0.3843572218369793,1.6824254731098184e-05,3,COMPLETE
45,inf,2025-10-16 22:20:13.136437,2025-10-16 22:20:13.138565,0 days 00:00:00.002128,0.025495438616154345,8,128,32,0.03507175489438277,0.00033937579237973355,4,COMPLETE
46,inf,2025-10-16 22:20:13.138800,2025-10-16 22:20:13.140965,0 days 00:00:00.002165,0.07411389383741412,8,64,128,0.22043301053125483,0.0005979422567316766,4,COMPLETE
47,inf,2025-10-16 22:20:13.141206,2025-10-16 22:20:13.143909,0 days 00:00:00.002703,0.11287948349190502,8,128,16,0.3157037937173439,8.843233760904853e-05,2,COMPLETE
48,inf,2025-10-16 22:20:13.144272,2025-10-16 22:20:13.146498,0 days 00:00:00.002226,0.1809026055676229,4,256,32,0.09252650252854316,0.00022761778199416064,3,COMPLETE
49,inf,2025-10-16 22:20:13.146749,2025-10-16 22:20:13.148973,0 days 00:00:00.002224,0.28103154181428563,2,64,16,0.2579446236051959,0.005718504296491823,5,COMPLETE
50,inf,2025-10-16 22:20:13.149219,2025-10-16 22:20:13.151618,0 days 00:00:00.002399,0.31471163242214634,16,512,64,0.15152289535005176,0.000921974148507229,7,COMPLETE
51,inf,2025-10-16 22:20:13.151904,2025-10-16 22:20:13.154205,0 days 00:00:00.002301,0.2136776199916026,16,512,64,0.19190511948674674,4.1547934276763586e-05,6,COMPLETE
52,inf,2025-10-16 22:20:13.154453,2025-10-16 22:20:13.156621,0 days 00:00:00.002168,0.15172862056643763,16,512,64,0.30324438493838934,0.00011914138050166426,6,COMPLETE
53,inf,2025-10-16 22:20:13.156849,2025-10-16 22:20:13.159307,0 days 00:00:00.002458,0.36431791143202136,16,512,64,0.2703007037162358,2.493617426155686e-05,6,COMPLETE
54,inf,2025-10-16 22:20:13.159565,2025-10-16 22:20:13.161741,0 days 00:00:00.002176,0.23081281026345368,8,128,16,0.36548815871191215,1.4140852427393e-05,5,COMPLETE
55,inf,2025-10-16 22:20:13.161976,2025-10-16 22:20:13.164194,0 days 00:00:00.002218,0.19271462668099137,16,64,32,0.2407773737567616,0.00015335655252603212,7,COMPLETE
56,inf,2025-10-16 22:20:13.164427,2025-10-16 22:20:13.166743,0 days 00:00:00.002316,0.26807976032679504,8,64,16,0.4123712996976683,9.500194751405628e-05,6,COMPLETE
57,inf,2025-10-16 22:20:13.167036,2025-10-16 22:20:13.169428,0 days 00:00:00.002392,0.34067163219581925,16,512,64,0.4930663289263652,1.0670251117830782e-05,5,COMPLETE
58,inf,2025-10-16 22:20:13.169677,2025-10-16 22:20:13.171888,0 days 00:00:00.002211,0.11177491174944493,4,128,128,0.2755545839774132,6.778305674309874e-05,7,COMPLETE
59,inf,2025-10-16 22:20:13.172117,2025-10-16 22:20:13.174316,0 days 00:00:00.002199,0.15481147566202305,2,64,16,0.21761240580279206,0.00045206619230793606,4,COMPLETE
60,inf,2025-10-16 22:20:13.174575,2025-10-16 22:20:13.177091,0 days 00:00:00.002516,0.24560096570629983,8,256,32,0.06466607813328401,0.0006680985521345067,5,COMPLETE
61,inf,2025-10-16 22:20:13.177352,2025-10-16 22:20:13.179583,0 days 00:00:00.002231,0.023833164976001617,16,64,32,0.04821384576689777,0.002155166135829083,3,COMPLETE
62,inf,2025-10-16 22:20:13.179839,2025-10-16 22:20:13.182050,0 days 00:00:00.002211,0.00042945639726385326,16,64,32,0.11431120366099101,0.0011771385747589365,8,COMPLETE
63,inf,2025-10-16 22:20:13.182284,2025-10-16 22:20:13.184958,0 days 00:00:00.002674,0.06779797250501916,16,64,32,0.00033522717920434104,0.002971739079514718,2,COMPLETE
64,inf,2025-10-16 22:20:13.185259,2025-10-16 22:20:13.187644,0 days 00:00:00.002385,0.09553023479529296,16,64,128,0.0316215595038715,0.0014216526124104032,3,COMPLETE
65,inf,2025-10-16 22:20:13.187892,2025-10-16 22:20:13.190230,0 days 00:00:00.002338,0.042182549296652536,16,64,32,0.019148942750445395,0.00023796629007809326,4,COMPLETE
66,inf,2025-10-16 22:20:13.190476,2025-10-16 22:20:13.193541,0 days 00:00:00.003065,0.4514365747643911,8,64,16,0.1505957685291463,3.261494167717678e-05,2,COMPLETE
67,inf,2025-10-16 22:20:13.193793,2025-10-16 22:20:13.196042,0 days 00:00:00.002249,0.17692134615302693,16,128,128,0.17645301719967119,0.00037007731146185887,3,COMPLETE
68,inf,2025-10-16 22:20:13.196280,2025-10-16 22:20:13.198541,0 days 00:00:00.002261,0.20531183870922826,16,512,64,0.23133023531546706,0.0005351187140220817,7,COMPLETE
69,inf,2025-10-16 22:20:13.198843,2025-10-16 22:20:13.201297,0 days 00:00:00.002454,0.2834851600027456,8,64,16,0.07259612145092134,0.0007542848188795617,6,COMPLETE
70,inf,2025-10-16 22:20:13.201554,2025-10-16 22:20:13.203840,0 days 00:00:00.002286,0.13591513917353082,4,64,32,0.20628784559508523,0.00029206663603147044,3,COMPLETE
71,inf,2025-10-16 22:20:13.204069,2025-10-16 22:20:13.206437,0 days 00:00:00.002368,0.3815445240578095,4,128,32,0.09579668086420426,0.00018876182336835352,8,COMPLETE
72,inf,2025-10-16 22:20:13.206672,2025-10-16 22:20:13.209254,0 days 00:00:00.002582,0.3953635336544249,4,128,32,0.11152455453686358,6.0943904163578205e-05,4,COMPLETE
73,inf,2025-10-16 22:20:13.209506,2025-10-16 22:20:13.211841,0 days 00:00:00.002335,0.3120301061770261,4,128,32,0.08542992813773335,0.00014853494419998035,8,COMPLETE
74,inf,2025-10-16 22:20:13.212075,2025-10-16 22:20:13.214346,0 days 00:00:00.002271,0.4254131143429637,2,128,128,0.25804401539086114,0.00020910122186216582,7,COMPLETE
75,inf,2025-10-16 22:20:13.214567,2025-10-16 22:20:13.217022,0 days 00:00:00.002455,0.22741785257292052,8,256,32,0.2964453735719456,9.851527821311708e-05,4,COMPLETE
76,inf,2025-10-16 22:20:13.217279,2025-10-16 22:20:13.219620,0 days 00:00:00.002341,0.4451740793750829,4,512,16,0.13553629068796721,0.0017279314430952513,3,COMPLETE
77,inf,2025-10-16 22:20:13.219836,2025-10-16 22:20:13.222227,0 days 00:00:00.002391,0.2568854903810467,16,128,128,0.17435502066247283,0.0001388662993674525,6,COMPLETE
78,inf,2025-10-16 22:20:13.222466,2025-10-16 22:20:13.224807,0 days 00:00:00.002341,0.03463716579844324,8,64,32,0.4655293381179032,0.004779072965110071,5,COMPLETE
79,inf,2025-10-16 22:20:13.225245,2025-10-16 22:20:13.227770,0 days 00:00:00.002525,0.01168989561761171,16,512,64,0.05074344246531198,0.0010381615425212078,2,COMPLETE
80,inf,2025-10-16 22:20:13.228028,2025-10-16 22:20:13.230445,0 days 00:00:00.002417,0.3268320885670854,8,64,16,0.3265705101457543,0.0004874682427259424,7,COMPLETE
81,inf,2025-10-16 22:20:13.230692,2025-10-16 22:20:13.233187,0 days 00:00:00.002495,0.4712256727133566,16,512,64,0.017240535964606677,0.0022362604341061264,4,COMPLETE
82,inf,2025-10-16 22:20:13.233449,2025-10-16 22:20:13.236020,0 days 00:00:00.002571,0.413441372576721,16,512,64,0.14253035931736113,0.003910826162918762,5,COMPLETE
83,inf,2025-10-16 22:20:13.236268,2025-10-16 22:20:13.238653,0 days 00:00:00.002385,0.4885072200159829,16,512,64,0.10918920186302732,0.0017043664475441364,6,COMPLETE
84,inf,2025-10-16 22:20:13.238886,2025-10-16 22:20:13.241248,0 days 00:00:00.002362,0.35792365192516945,16,512,64,0.23044042154588434,0.0012116135051043618,4,COMPLETE
85,inf,2025-10-16 22:20:13.241462,2025-10-16 22:20:13.244152,0 days 00:00:00.002690,0.39068752437310506,16,128,128,0.1616891099177837,0.009168928702187796,2,COMPLETE
86,inf,2025-10-16 22:20:13.244402,2025-10-16 22:20:13.246765,0 days 00:00:00.002363,0.29470670696197954,8,512,32,0.18489534203236468,2.088110248344807e-05,3,COMPLETE
87,inf,2025-10-16 22:20:13.247001,2025-10-16 22:20:13.249440,0 days 00:00:00.002439,0.06167217308545647,4,64,16,0.28215912948362915,5.048813556861946e-05,6,COMPLETE
88,inf,2025-10-16 22:20:13.249682,2025-10-16 22:20:13.252401,0 days 00:00:00.002719,0.45240875395238644,2,256,64,0.19781841893171145,0.00011166444009647153,4,COMPLETE
89,inf,2025-10-16 22:20:13.252706,2025-10-16 22:20:13.255151,0 days 00:00:00.002445,0.47128278057742967,16,64,128,0.2643939420825927,0.002654466893628637,5,COMPLETE
90,inf,2025-10-16 22:20:13.255405,2025-10-16 22:20:13.257980,0 days 00:00:00.002575,0.11847735747010513,8,128,32,0.20409579414358328,0.0002768080564134608,3,COMPLETE
91,inf,2025-10-16 22:20:13.258229,2025-10-16 22:20:13.261002,0 days 00:00:00.002773,0.24680913113014058,2,512,32,0.40524291593928363,8.233960283873234e-05,2,COMPLETE
92,inf,2025-10-16 22:20:13.261266,2025-10-16 22:20:13.263783,0 days 00:00:00.002517,0.16310921309352927,2,512,32,0.24784371841432423,0.00017275625595558684,2,COMPLETE
93,inf,2025-10-16 22:20:13.264024,2025-10-16 22:20:13.266589,0 days 00:00:00.002565,0.2818971471241039,2,512,32,0.4408772417094332,4.177853331767232e-05,2,COMPLETE
94,inf,2025-10-16 22:20:13.266886,2025-10-16 22:20:13.269616,0 days 00:00:00.002730,0.22392026199117654,2,512,16,0.38391120607529006,0.00012860614064260433,2,COMPLETE
95,inf,2025-10-16 22:20:13.269853,2025-10-16 22:20:13.272422,0 days 00:00:00.002569,0.20278866797578224,16,512,32,0.22548841404670847,0.00034239841696435876,3,COMPLETE
96,inf,2025-10-16 22:20:13.272699,2025-10-16 22:20:13.275870,0 days 00:00:00.003171,0.2399584063999966,8,64,128,0.08008339289898803,0.000401296609826221,6,COMPLETE
97,inf,2025-10-16 22:20:13.276187,2025-10-16 22:20:13.278896,0 days 00:00:00.002709,0.081777193855946,16,64,64,0.36713806780412916,5.818524569786658e-05,2,COMPLETE
98,inf,2025-10-16 22:20:13.279164,2025-10-16 22:20:13.281886,0 days 00:00:00.002722,0.2728326568172085,16,512,32,0.42732063975828405,7.403282850137224e-05,8,COMPLETE
99,inf,2025-10-16 22:20:13.282180,2025-10-16 22:20:13.285043,0 days 00:00:00.002863,0.19014310593022954,8,128,16,0.12277836767983913,0.00022025793761112108,5,COMPLETE
100,inf,2025-10-16 22:20:13.285353,2025-10-16 22:20:13.288017,0 days 00:00:00.002664,0.25692571629069993,4,64,128,0.3402279956030085,0.00010512377506905436,4,COMPLETE
101,inf,2025-10-16 22:20:13.288279,2025-10-16 22:20:13.290886,0 days 00:00:00.002607,0.09928230481939143,8,128,16,0.28715919639427023,1.1651430311769911e-05,8,COMPLETE
102,inf,2025-10-16 22:20:13.291169,2025-10-16 22:20:13.294264,0 days 00:00:00.003095,0.15140336772817417,8,128,16,0.31177122222400017,1.575984035302061e-05,7,COMPLETE
103,inf,2025-10-16 22:20:13.294568,2025-10-16 22:20:13.297178,0 days 00:00:00.002610,0.34504921484783124,8,128,16,0.3205777182010454,1.3187255868423741e-05,8,COMPLETE
104,inf,2025-10-16 22:20:13.297444,2025-10-16 22:20:13.300281,0 days 00:00:00.002837,0.1698727049953787,8,128,16,0.37941657194649236,2.5554673433771343e-05,8,COMPLETE
105,inf,2025-10-16 22:20:13.300588,2025-10-16 22:20:13.303189,0 days 00:00:00.002601,0.12390975776304979,16,512,32,0.34389675418566656,1.74981037841735e-05,3,COMPLETE
106,inf,2025-10-16 22:20:13.303437,2025-10-16 22:20:13.306085,0 days 00:00:00.002648,0.09924931232109369,8,256,16,0.40083748799696794,3.190384413383646e-05,7,COMPLETE
107,inf,2025-10-16 22:20:13.306342,2025-10-16 22:20:13.309177,0 days 00:00:00.002835,0.05087950795217776,2,64,64,0.29934056949710336,1.0132175694699157e-05,8,COMPLETE
108,inf,2025-10-16 22:20:13.309438,2025-10-16 22:20:13.312137,0 days 00:00:00.002699,0.03664561404092224,16,128,32,0.3534089680008066,2.1404760667627865e-05,4,COMPLETE
109,inf,2025-10-16 22:20:13.312380,2025-10-16 22:20:13.315010,0 days 00:00:00.002630,0.21579942854471862,8,64,128,0.2129191985569004,8.545298447108822e-05,6,COMPLETE
110,inf,2025-10-16 22:20:13.315243,2025-10-16 22:20:13.318088,0 days 00:00:00.002845,0.4355862730032044,4,512,16,0.41917455955586413,0.0007525487836000091,3,COMPLETE
111,inf,2025-10-16 22:20:13.318369,2025-10-16 22:20:13.321023,0 days 00:00:00.002654,0.3533957131095501,8,256,16,0.23691586702750858,0.0013841033426744461,6,COMPLETE
112,inf,2025-10-16 22:20:13.321264,2025-10-16 22:20:13.323892,0 days 00:00:00.002628,0.36972613564889434,8,256,16,0.06418489641928886,0.00921670387646048,6,COMPLETE
113,inf,2025-10-16 22:20:13.324138,2025-10-16 22:20:13.326945,0 days 00:00:00.002807,0.012791041948335418,8,256,16,0.09274792767090068,0.0010298311001107631,5,COMPLETE
114,inf,2025-10-16 22:20:13.327194,2025-10-16 22:20:13.329885,0 days 00:00:00.002691,0.14341561104208872,16,256,16,0.2653563019230579,0.007757002898063019,6,COMPLETE
115,inf,2025-10-16 22:20:13.330149,2025-10-16 22:20:13.332820,0 days 00:00:00.002671,0.32414370748052607,8,128,64,0.1042562088300601,0.0005780607136076853,5,COMPLETE
116,inf,2025-10-16 22:20:13.333078,2025-10-16 22:20:13.335891,0 days 00:00:00.002813,0.1846000947222886,16,64,32,0.12064329686980979,0.0035189652947972697,7,COMPLETE
117,inf,2025-10-16 22:20:13.336142,2025-10-16 22:20:13.338732,0 days 00:00:00.002590,0.37768871992278935,8,512,128,0.2558228949147792,0.004817958926406504,2,COMPLETE
118,inf,2025-10-16 22:20:13.338978,2025-10-16 22:20:13.341858,0 days 00:00:00.002880,0.30342989383248486,16,64,32,0.05416220807731887,0.0002584623618287779,6,COMPLETE
119,inf,2025-10-16 22:20:13.342136,2025-10-16 22:20:13.344847,0 days 00:00:00.002711,0.40982033293447834,8,128,16,0.13742370803257403,0.00031788128255354865,3,COMPLETE
120,inf,2025-10-16 22:20:13.345088,2025-10-16 22:20:13.347819,0 days 00:00:00.002731,0.08342551318311105,4,512,64,0.029101529313232562,0.00016885798334306148,6,COMPLETE
121,inf,2025-10-16 22:20:13.348072,2025-10-16 22:20:13.351030,0 days 00:00:00.002958,0.3415913267102884,8,128,32,0.4989759402398616,1.2042751412039145e-05,6,COMPLETE
122,inf,2025-10-16 22:20:13.351327,2025-10-16 22:20:13.354145,0 days 00:00:00.002818,0.3831027793390214,8,128,32,0.4756892824130473,1.3776522391558459e-05,6,COMPLETE
123,inf,2025-10-16 22:20:13.354407,2025-10-16 22:20:13.357183,0 days 00:00:00.002776,0.39933224527857036,8,128,32,0.0754908445196416,1.858160381610737e-05,7,COMPLETE
124,inf,2025-10-16 22:20:13.357586,2025-10-16 22:20:13.360369,0 days 00:00:00.002783,0.3535352678441926,8,128,32,0.33389505784269374,3.825182433779664e-05,6,COMPLETE
125,inf,2025-10-16 22:20:13.360618,2025-10-16 22:20:13.363272,0 days 00:00:00.002654,0.3323005935780487,16,64,128,0.44991347142024246,1.1560134847522166e-05,5,COMPLETE
126,inf,2025-10-16 22:20:13.363510,2025-10-16 22:20:13.366244,0 days 00:00:00.002734,0.2362885329028516,2,256,32,0.2438087707211858,6.530387284110923e-05,4,COMPLETE
127,inf,2025-10-16 22:20:13.366536,2025-10-16 22:20:13.369355,0 days 00:00:00.002819,0.36506688398938836,8,512,16,0.3723831508915373,1.504763590289908e-05,2,COMPLETE
128,inf,2025-10-16 22:20:13.369597,2025-10-16 22:20:13.372363,0 days 00:00:00.002766,0.3169509667240805,16,128,32,0.2790783565136433,0.0016541506319153504,6,COMPLETE
