number,value,datetime_start,datetime_complete,duration,params_attention_dropout,params_attention_heads,params_batch_size,params_embedding_size,params_ff_dropout,params_learning_rate,params_transformer_depth,state
129,inf,2025-10-16 22:42:47.561489,2025-10-16 22:42:47.564060,0 days 00:00:00.002571,0.05987299508107851,16,128,16,0.10029760836837495,0.00029267456251992055,3,COMPLETE
130,inf,2025-10-16 22:42:47.564284,2025-10-16 22:42:47.567058,0 days 00:00:00.002774,0.08765662949152314,4,256,64,0.4441652567785891,3.8255741405381375e-05,4,COMPLETE
131,inf,2025-10-16 22:42:47.567319,2025-10-16 22:42:47.570250,0 days 00:00:00.002931,0.2782656555683962,4,256,64,0.3239647084036221,0.0010885078503995826,7,COMPLETE
132,inf,2025-10-16 22:42:47.570514,2025-10-16 22:42:47.573336,0 days 00:00:00.002822,0.2412146387985899,4,256,64,0.3406285080881555,0.0006640377904259819,8,COMPLETE
133,inf,2025-10-16 22:42:47.573589,2025-10-16 22:42:47.576191,0 days 00:00:00.002602,0.10841203419098489,4,256,64,0.3166238593105889,0.0019158372143320023,7,COMPLETE
134,inf,2025-10-16 22:42:47.576442,2025-10-16 22:42:47.579248,0 days 00:00:00.002806,0.16764620306312658,4,256,64,0.40222623911025324,0.0004932069293813094,6,COMPLETE
135,inf,2025-10-16 22:42:47.579509,2025-10-16 22:42:47.582178,0 days 00:00:00.002669,0.334988756128918,2,512,16,0.3680161466292775,0.0014390540985633935,8,COMPLETE
136,inf,2025-10-16 22:42:47.582417,2025-10-16 22:42:47.585260,0 days 00:00:00.002843,0.1967611360806571,16,256,32,0.2957267748578623,0.0024203254861132764,6,COMPLETE
137,inf,2025-10-16 22:42:47.585628,2025-10-16 22:42:47.588292,0 days 00:00:00.002664,0.22728335128489713,8,128,64,0.38083297678776257,0.00034815906574800823,8,COMPLETE
138,inf,2025-10-16 22:42:47.588584,2025-10-16 22:42:47.591295,0 days 00:00:00.002711,0.009609533599885159,4,64,128,0.15097783462179848,0.0002487123679736607,2,COMPLETE
139,inf,2025-10-16 22:42:47.591536,2025-10-16 22:42:47.594464,0 days 00:00:00.002928,0.39709951195807824,2,256,16,0.41241922654999813,4.990751669741057e-05,5,COMPLETE
140,inf,2025-10-16 22:42:47.594717,2025-10-16 22:42:47.597439,0 days 00:00:00.002722,0.2555444055719918,16,512,64,0.46369177166275116,0.0001522603570024924,7,COMPLETE
141,inf,2025-10-16 22:42:47.597685,2025-10-16 22:42:47.600367,0 days 00:00:00.002682,0.10350764011515749,2,512,16,0.25447788392545845,0.0063515468380063245,5,COMPLETE
142,inf,2025-10-16 22:42:47.600611,2025-10-16 22:42:47.603598,0 days 00:00:00.002987,0.09132566809877432,2,512,16,0.2787635727532724,0.008215152620841815,6,COMPLETE
143,inf,2025-10-16 22:42:47.603858,2025-10-16 22:42:47.606531,0 days 00:00:00.002673,0.11983366518198055,2,512,16,0.34859153054349745,0.009618526198386539,4,COMPLETE
144,inf,2025-10-16 22:42:47.606755,2025-10-16 22:42:47.609762,0 days 00:00:00.003007,0.17835314835355426,2,512,16,0.30265505253143515,0.007161328033874357,3,COMPLETE
145,inf,2025-10-16 22:42:47.610040,2025-10-16 22:42:47.612729,0 days 00:00:00.002689,0.047484941762687284,4,128,16,0.33186291890754027,0.0011629301175329254,6,COMPLETE
146,inf,2025-10-16 22:42:47.612981,2025-10-16 22:42:47.615903,0 days 00:00:00.002922,0.07372515854073947,2,256,128,0.1968923452262565,0.001744422966551192,8,COMPLETE
147,inf,2025-10-16 22:42:47.616176,2025-10-16 22:42:47.619010,0 days 00:00:00.002834,0.13666104045965968,4,512,16,0.31740742107692815,0.005244075215472784,4,COMPLETE
148,inf,2025-10-16 22:42:47.619267,2025-10-16 22:42:47.622054,0 days 00:00:00.002787,0.4587025223443645,16,64,32,0.42718771100331676,0.008335678444162062,3,COMPLETE
149,inf,2025-10-16 22:42:47.622279,2025-10-16 22:42:47.625059,0 days 00:00:00.002780,0.033157514896695356,8,128,64,0.21070158403120884,1.693242390471879e-05,5,COMPLETE
150,inf,2025-10-16 22:42:47.625309,2025-10-16 22:42:47.628408,0 days 00:00:00.003099,0.055035568049568405,2,256,16,0.2612413645926016,2.360252796408809e-05,2,COMPLETE
151,inf,2025-10-16 22:42:47.628675,2025-10-16 22:42:47.631429,0 days 00:00:00.002754,0.24225496524001988,4,256,64,0.47042627595445674,0.00020199334648436271,5,COMPLETE
152,inf,2025-10-16 22:42:47.631659,2025-10-16 22:42:47.634564,0 days 00:00:00.002905,0.20651088983932891,4,256,64,0.45705718664295614,0.0006213305045021804,4,COMPLETE
153,inf,2025-10-16 22:42:47.634828,2025-10-16 22:42:47.637757,0 days 00:00:00.002929,0.21358381829891862,4,256,64,0.4888388205361483,0.0009236729384899714,4,COMPLETE
154,inf,2025-10-16 22:42:47.638022,2025-10-16 22:42:47.640876,0 days 00:00:00.002854,0.37911940716524356,4,256,64,0.49866304715533283,6.265771761120579e-05,4,COMPLETE
155,inf,2025-10-16 22:42:47.641122,2025-10-16 22:42:47.644064,0 days 00:00:00.002942,0.2977633358428097,4,512,64,0.4774000817531344,0.000553082279944584,3,COMPLETE
156,inf,2025-10-16 22:42:47.644301,2025-10-16 22:42:47.647133,0 days 00:00:00.002832,0.274249341658718,16,256,128,0.435462639126716,1.0065553854081463e-05,7,COMPLETE
157,inf,2025-10-16 22:42:47.647372,2025-10-16 22:42:47.650250,0 days 00:00:00.002878,0.4336209535105006,2,128,16,0.08508986373415753,0.00040032239543999227,4,COMPLETE
158,inf,2025-10-16 22:42:47.650479,2025-10-16 22:42:47.653602,0 days 00:00:00.003123,0.31861360400686756,8,512,32,0.17921655397696515,0.0008246349059453563,6,COMPLETE
159,inf,2025-10-16 22:42:47.653842,2025-10-16 22:42:47.656673,0 days 00:00:00.002831,0.26386118783367274,4,64,64,0.35852439458122565,8.051629050489308e-05,8,COMPLETE
160,inf,2025-10-16 22:42:47.656904,2025-10-16 22:42:47.659852,0 days 00:00:00.002948,0.14816608224785266,2,256,16,0.06428832288935317,0.0014760067225186245,4,COMPLETE
161,inf,2025-10-16 22:42:47.660083,2025-10-16 22:42:47.663099,0 days 00:00:00.003016,0.06655218704596041,2,512,32,0.4467354569096677,0.003007957672826915,7,COMPLETE
162,inf,2025-10-16 22:42:47.663347,2025-10-16 22:42:47.666308,0 days 00:00:00.002961,0.16146335463720352,2,512,32,0.3925916077317153,0.002172705277807095,8,COMPLETE
163,inf,2025-10-16 22:42:47.666550,2025-10-16 22:42:47.669720,0 days 00:00:00.003170,0.02509578936609888,2,512,32,0.24544395344084657,0.003548269684340425,6,COMPLETE
164,inf,2025-10-16 22:42:47.670025,2025-10-16 22:42:47.672960,0 days 00:00:00.002935,0.03900326340477067,16,512,32,0.2211080259613073,0.002670785445239679,2,COMPLETE
165,inf,2025-10-16 22:42:47.673186,2025-10-16 22:42:47.676117,0 days 00:00:00.002931,5.418245843952056e-05,2,512,64,0.4092196749909245,0.0018337691322278912,8,COMPLETE
166,inf,2025-10-16 22:42:47.676361,2025-10-16 22:42:47.679484,0 days 00:00:00.003123,0.08174993001486294,4,128,128,0.4209233499957281,0.00010349828500082196,7,COMPLETE
167,inf,2025-10-16 22:42:47.679747,2025-10-16 22:42:47.682615,0 days 00:00:00.002868,0.09878495084006977,2,256,32,0.3747902356417499,0.005446958652015382,3,COMPLETE
168,inf,2025-10-16 22:42:47.682848,2025-10-16 22:42:47.686095,0 days 00:00:00.003247,0.18848150429717317,8,64,16,0.46945717816118027,4.332671406815123e-05,7,COMPLETE
169,inf,2025-10-16 22:42:47.686333,2025-10-16 22:42:47.689237,0 days 00:00:00.002904,0.12996989183423074,4,512,64,0.436854089686193,0.00027593969616205774,5,COMPLETE
170,inf,2025-10-16 22:42:47.689458,2025-10-16 22:42:47.692514,0 days 00:00:00.003056,0.05481838191137129,16,256,16,0.45340497823853537,0.004084567630594415,2,COMPLETE
171,inf,2025-10-16 22:42:47.692856,2025-10-16 22:42:47.695871,0 days 00:00:00.003015,0.1816584743595457,8,64,128,0.1149497894853421,0.00013459612721437904,5,COMPLETE
172,inf,2025-10-16 22:42:47.696092,2025-10-16 22:42:47.699138,0 days 00:00:00.003046,0.16745705137054678,8,64,128,0.13797450794111338,0.00018392643961293349,5,COMPLETE
173,inf,2025-10-16 22:42:47.699353,2025-10-16 22:42:47.704211,0 days 00:00:00.004858,0.19373591441485014,8,64,128,0.1630222662054277,0.00020893281742474798,6,COMPLETE
174,inf,2025-10-16 22:42:47.705077,2025-10-16 22:42:47.713987,0 days 00:00:00.008910,0.41114358655893796,8,64,128,0.06590240480308435,0.00011828910064062125,5,COMPLETE
175,inf,2025-10-16 22:42:47.714729,2025-10-16 22:42:47.720699,0 days 00:00:00.005970,0.2316358458752669,2,128,64,0.03999210039998037,0.00017109190090450367,4,COMPLETE
176,inf,2025-10-16 22:42:47.721095,2025-10-16 22:42:47.724221,0 days 00:00:00.003126,0.28888266131436907,4,512,128,0.3974212060886232,0.0003226991959516715,5,COMPLETE
177,inf,2025-10-16 22:42:47.724477,2025-10-16 22:42:47.727842,0 days 00:00:00.003365,0.013712568436095932,8,256,16,0.03460605969249425,0.0002365987875330393,8,COMPLETE
178,inf,2025-10-16 22:42:47.728099,2025-10-16 22:42:47.731114,0 days 00:00:00.003015,0.1542083627749397,16,64,32,0.0974524128084925,0.009859219495245016,6,COMPLETE
179,inf,2025-10-16 22:42:47.731355,2025-10-16 22:42:47.734535,0 days 00:00:00.003180,0.25124925944476045,2,512,64,0.4310159031879374,0.0012901023591489987,3,COMPLETE
180,inf,2025-10-16 22:42:47.734834,2025-10-16 22:42:47.738084,0 days 00:00:00.003250,0.3428304805115263,4,128,16,0.49010687483121484,2.88348037977926e-05,4,COMPLETE
181,inf,2025-10-16 22:42:47.738335,2025-10-16 22:42:47.741496,0 days 00:00:00.003161,0.4478700576122456,2,512,16,0.3204348737641287,0.0009763269544277596,3,COMPLETE
182,inf,2025-10-16 22:42:47.741752,2025-10-16 22:42:47.745107,0 days 00:00:00.003355,0.11547591468618801,2,512,16,0.3397740257101059,0.000521385665336654,3,COMPLETE
183,inf,2025-10-16 22:42:47.745366,2025-10-16 22:42:47.748508,0 days 00:00:00.003142,0.47276331114288794,2,512,16,0.3480189915367694,0.0008103379096466176,3,COMPLETE
184,inf,2025-10-16 22:42:47.748740,2025-10-16 22:42:47.751911,0 days 00:00:00.003171,0.36122639140909035,2,512,16,0.36359593698450204,0.0001583241587048932,3,COMPLETE
185,inf,2025-10-16 22:42:47.752249,2025-10-16 22:42:47.755496,0 days 00:00:00.003247,0.48091585192938907,2,256,64,0.40919477986610453,9.324079980838685e-05,2,COMPLETE
186,inf,2025-10-16 22:42:47.755760,2025-10-16 22:42:47.758842,0 days 00:00:00.003082,0.08430736394175631,4,512,16,0.38487219657823774,0.00046691621616202307,3,COMPLETE
187,inf,2025-10-16 22:42:47.759093,2025-10-16 22:42:47.762344,0 days 00:00:00.003251,0.4225154283061779,16,256,128,0.27954868058566745,0.0015230504034656972,8,COMPLETE
188,inf,2025-10-16 22:42:47.762640,2025-10-16 22:42:47.765705,0 days 00:00:00.003065,0.3760577431440019,8,128,32,0.3081218826787034,0.0007018376154919751,6,COMPLETE
189,inf,2025-10-16 22:42:47.765968,2025-10-16 22:42:47.769642,0 days 00:00:00.003674,0.1775317699863065,2,64,64,0.2313695193360251,0.0011504207404817524,5,COMPLETE
190,inf,2025-10-16 22:42:47.770008,2025-10-16 22:42:47.773114,0 days 00:00:00.003106,0.2201414062673649,4,512,16,0.46318671893068863,0.002372586148523791,7,COMPLETE
191,inf,2025-10-16 22:42:47.773362,2025-10-16 22:42:47.776580,0 days 00:00:00.003218,0.13922256583844048,4,256,64,0.29306511793935264,5.99400561125642e-05,7,COMPLETE
192,inf,2025-10-16 22:42:47.776856,2025-10-16 22:42:47.780224,0 days 00:00:00.003368,0.10436506214331394,4,256,64,0.2787919574837354,7.192044169888823e-05,7,COMPLETE
193,inf,2025-10-16 22:42:47.780481,2025-10-16 22:42:47.783753,0 days 00:00:00.003272,0.3948903383494682,4,256,64,0.2672025633473769,0.00011162037116147869,8,COMPLETE
194,inf,2025-10-16 22:42:47.783998,2025-10-16 22:42:47.787256,0 days 00:00:00.003258,0.12792943766429646,4,256,64,0.017639228260986912,5.203826768127448e-05,7,COMPLETE
195,inf,2025-10-16 22:42:47.787500,2025-10-16 22:42:47.790691,0 days 00:00:00.003191,0.15810752161069475,4,256,64,0.1860372274770533,0.00012210000906411538,3,COMPLETE
196,inf,2025-10-16 22:42:47.790919,2025-10-16 22:42:47.794366,0 days 00:00:00.003447,0.11040995390257279,2,512,16,0.3280443663508157,8.221441517070318e-05,4,COMPLETE
197,inf,2025-10-16 22:42:47.794633,2025-10-16 22:42:47.797948,0 days 00:00:00.003315,0.1446538819490214,16,256,32,0.24915162573436173,3.6824308218539224e-05,7,COMPLETE
198,inf,2025-10-16 22:42:47.798186,2025-10-16 22:42:47.801500,0 days 00:00:00.003314,0.1697346937699543,4,128,128,0.4789922715358993,9.600183559154725e-05,5,COMPLETE
199,inf,2025-10-16 22:42:47.801754,2025-10-16 22:42:47.805182,0 days 00:00:00.003428,0.49407684755032594,2,64,64,0.4415477504233759,0.0001514661021025556,2,COMPLETE
200,inf,2025-10-16 22:42:47.805431,2025-10-16 22:42:47.808684,0 days 00:00:00.003253,0.20389500789325396,8,512,16,0.42170630195384956,0.0006128412483407443,6,COMPLETE
201,inf,2025-10-16 22:42:47.808932,2025-10-16 22:42:47.812489,0 days 00:00:00.003557,0.3024307063904725,2,512,16,0.4502922968096664,0.0035442566015661692,2,COMPLETE
202,inf,2025-10-16 22:42:47.812739,2025-10-16 22:42:47.815995,0 days 00:00:00.003256,0.2835362825519064,2,512,16,0.4008192283366905,0.004273341304484041,2,COMPLETE
203,inf,2025-10-16 22:42:47.816237,2025-10-16 22:42:47.819871,0 days 00:00:00.003634,0.32345969157349175,2,512,16,0.4273045234667276,0.0069500414455943875,2,COMPLETE
204,inf,2025-10-16 22:42:47.820130,2025-10-16 22:42:47.823414,0 days 00:00:00.003284,0.04749514214330547,2,512,16,0.41523604073259873,0.005939476298369789,2,COMPLETE
205,inf,2025-10-16 22:42:47.823649,2025-10-16 22:42:47.827127,0 days 00:00:00.003478,0.4610588127191911,16,256,64,0.4329331120027916,0.003207389446313577,2,COMPLETE
206,inf,2025-10-16 22:42:47.827374,2025-10-16 22:42:47.830725,0 days 00:00:00.003351,0.43794764760668625,2,512,16,0.26110923972054045,0.007680174114814331,8,COMPLETE
207,inf,2025-10-16 22:42:47.830968,2025-10-16 22:42:47.834326,0 days 00:00:00.003358,0.2618796127715061,4,128,32,0.13085532112344272,0.004825639390939175,3,COMPLETE
208,inf,2025-10-16 22:42:47.834564,2025-10-16 22:42:47.837896,0 days 00:00:00.003332,0.3127292731141271,2,256,128,0.4422401825428593,0.0028099198545978215,5,COMPLETE
209,inf,2025-10-16 22:42:47.838170,2025-10-16 22:42:47.841494,0 days 00:00:00.003324,0.2405183137306023,8,64,64,0.38718884539101495,0.0007489773211979084,7,COMPLETE
210,inf,2025-10-16 22:42:47.841729,2025-10-16 22:42:47.845216,0 days 00:00:00.003487,0.06951021127534748,4,512,16,0.20527811569239496,0.0003769968949911262,3,COMPLETE
211,inf,2025-10-16 22:42:47.845539,2025-10-16 22:42:47.848936,0 days 00:00:00.003397,0.4047414738995102,16,256,64,0.11193334685471285,0.0002232180652042119,3,COMPLETE
212,inf,2025-10-16 22:42:47.849169,2025-10-16 22:42:47.852747,0 days 00:00:00.003578,0.33185525377902836,16,256,64,0.40720106954080026,0.0002692781002803797,3,COMPLETE
213,inf,2025-10-16 22:42:47.853027,2025-10-16 22:42:47.856312,0 days 00:00:00.003285,0.29698347344412523,16,256,64,0.16967888295523523,0.00013695918111486752,3,COMPLETE
214,inf,2025-10-16 22:42:47.856553,2025-10-16 22:42:47.859927,0 days 00:00:00.003374,0.3061800563884332,16,256,64,0.09268004240834825,0.00018203985079813593,4,COMPLETE
215,inf,2025-10-16 22:42:47.860201,2025-10-16 22:42:47.863605,0 days 00:00:00.003404,0.18912977056371227,16,256,64,0.14985485027025505,1.8523535613437055e-05,3,COMPLETE
216,inf,2025-10-16 22:42:47.863926,2025-10-16 22:42:47.867303,0 days 00:00:00.003377,0.34923447838529936,2,512,16,0.193263256607192,0.0003137684321362028,6,COMPLETE
217,inf,2025-10-16 22:42:47.867532,2025-10-16 22:42:47.871345,0 days 00:00:00.003813,0.2719575046322817,4,128,32,0.23649494968675622,1.305691140314918e-05,8,COMPLETE
218,inf,2025-10-16 22:42:47.871624,2025-10-16 22:42:47.875257,0 days 00:00:00.003633,0.02183114583428665,2,256,128,0.41777178893227956,0.008699780882072138,4,COMPLETE
219,inf,2025-10-16 22:42:47.875514,2025-10-16 22:42:47.879151,0 days 00:00:00.003637,0.11956892140554556,8,64,64,0.12082717958670566,0.00205904545378778,3,COMPLETE
220,inf,2025-10-16 22:42:47.879417,2025-10-16 22:42:47.882719,0 days 00:00:00.003302,0.0395840974354365,4,512,16,0.2719007199725766,0.00020386039056319769,2,COMPLETE
221,inf,2025-10-16 22:42:47.882949,2025-10-16 22:42:47.886541,0 days 00:00:00.003592,0.2880024478206644,16,256,64,0.1463926020037258,0.0004370066458693804,3,COMPLETE
222,inf,2025-10-16 22:42:47.886792,2025-10-16 22:42:47.890046,0 days 00:00:00.003254,0.2967824651801144,16,256,64,0.10549517389751134,0.00010246120704253281,3,COMPLETE
223,inf,2025-10-16 22:42:47.890289,2025-10-16 22:42:47.893782,0 days 00:00:00.003493,0.31519034045813915,16,256,64,0.05283467734008459,4.615870344705496e-05,3,COMPLETE
224,inf,2025-10-16 22:42:47.894051,2025-10-16 22:42:47.897402,0 days 00:00:00.003351,0.08831575046507505,16,256,64,0.07958778138941765,0.0005820107557718585,3,COMPLETE
225,inf,2025-10-16 22:42:47.897631,2025-10-16 22:42:47.901103,0 days 00:00:00.003472,0.05740525413073752,16,256,64,0.13801668176838933,0.0008895388419186507,6,COMPLETE
226,inf,2025-10-16 22:42:47.901351,2025-10-16 22:42:47.904907,0 days 00:00:00.003556,0.24590371861934243,2,128,16,0.17477611405322135,0.00024082696846819824,4,COMPLETE
227,inf,2025-10-16 22:42:47.905155,2025-10-16 22:42:47.908686,0 days 00:00:00.003531,0.09908636186097884,4,512,32,0.15689182605245086,0.0016337841110554395,3,COMPLETE
228,inf,2025-10-16 22:42:47.908934,2025-10-16 22:42:47.912493,0 days 00:00:00.003559,0.2812844137981419,16,256,128,0.455325396543646,0.0003604318103549632,8,COMPLETE
229,inf,2025-10-16 22:42:47.912757,2025-10-16 22:42:47.916109,0 days 00:00:00.003352,0.17338340622329518,8,64,64,0.49996710747608697,6.864611120535369e-05,5,COMPLETE
230,inf,2025-10-16 22:42:47.916346,2025-10-16 22:42:47.919880,0 days 00:00:00.003534,0.15667070734229865,2,512,16,0.30162055166235285,0.0006891394656406159,7,COMPLETE
231,inf,2025-10-16 22:42:47.920126,2025-10-16 22:42:47.923590,0 days 00:00:00.003464,0.3871573405930646,16,256,64,0.20803262784837243,0.001052354782264284,4,COMPLETE
232,inf,2025-10-16 22:42:47.923819,2025-10-16 22:42:47.927571,0 days 00:00:00.003752,0.2593970948405308,16,256,64,0.21657170053355904,8.653890944374854e-05,4,COMPLETE
233,inf,2025-10-16 22:42:47.927844,2025-10-16 22:42:47.931402,0 days 00:00:00.003558,0.32479920982800764,16,256,64,0.39811318239535376,0.0012736819788402884,4,COMPLETE
234,inf,2025-10-16 22:42:47.931645,2025-10-16 22:42:47.935460,0 days 00:00:00.003815,0.3510349219962469,16,256,64,0.1967358558819783,0.0005252997144500205,4,COMPLETE
235,inf,2025-10-16 22:42:47.935721,2025-10-16 22:42:47.939217,0 days 00:00:00.003496,0.36566678097489397,4,256,64,0.18843873493969812,0.0012070277665578784,4,COMPLETE
236,inf,2025-10-16 22:42:47.939446,2025-10-16 22:42:47.942992,0 days 00:00:00.003546,0.3325417769010543,2,128,16,0.3779300826122004,0.00011711222227561538,6,COMPLETE
237,inf,2025-10-16 22:42:47.943243,2025-10-16 22:42:47.946861,0 days 00:00:00.003618,0.3419244506833446,16,512,32,0.43332527336241633,0.0017252517132172519,2,COMPLETE
238,inf,2025-10-16 22:42:47.947114,2025-10-16 22:42:47.950529,0 days 00:00:00.003415,0.37143490491628217,4,256,128,0.0688557689510812,5.7196722647744656e-05,3,COMPLETE
239,inf,2025-10-16 22:42:47.950771,2025-10-16 22:42:47.954411,0 days 00:00:00.003640,0.3026608949831081,2,256,64,0.22227840050708683,0.00028759492020964954,8,COMPLETE
240,inf,2025-10-16 22:42:47.954660,2025-10-16 22:42:47.958125,0 days 00:00:00.003465,0.36156680246235234,8,64,16,0.2511795602860928,0.00014124970046541256,7,COMPLETE
241,inf,2025-10-16 22:42:47.958360,2025-10-16 22:42:47.962234,0 days 00:00:00.003874,0.22705849908771525,16,256,64,0.013558580484747739,0.00017286451265743658,5,COMPLETE
242,inf,2025-10-16 22:42:47.962555,2025-10-16 22:42:47.965976,0 days 00:00:00.003421,0.23748045751419786,16,256,64,0.42354060748345695,0.00020033834377312335,5,COMPLETE
243,inf,2025-10-16 22:42:47.966226,2025-10-16 22:42:47.969905,0 days 00:00:00.003679,0.2110086932676976,16,256,64,0.011187574484211935,0.0014699677795609863,6,COMPLETE
244,inf,2025-10-16 22:42:47.970191,2025-10-16 22:42:47.973679,0 days 00:00:00.003488,0.2509323105918955,16,512,64,0.004434588011575934,0.00022717580785951963,3,COMPLETE
245,inf,2025-10-16 22:42:47.973912,2025-10-16 22:42:47.977720,0 days 00:00:00.003808,0.20160893608466912,4,256,64,0.3437559472328833,0.00016959708277291765,4,COMPLETE
246,inf,2025-10-16 22:42:47.977977,2025-10-16 22:42:47.981376,0 days 00:00:00.003399,0.2321768520009473,16,256,16,0.127018228230612,0.00014375245366806804,3,COMPLETE
247,inf,2025-10-16 22:42:47.981601,2025-10-16 22:42:47.985269,0 days 00:00:00.003668,0.13622643510245622,2,512,64,0.4433861071940278,0.0002590255048012843,5,COMPLETE
248,inf,2025-10-16 22:42:47.985538,2025-10-16 22:42:47.989133,0 days 00:00:00.003595,0.07730231212037639,4,128,32,0.2844895505426565,0.0023675426852575393,2,COMPLETE
249,inf,2025-10-16 22:42:47.989366,2025-10-16 22:42:47.993068,0 days 00:00:00.003702,0.2199984809188312,2,256,128,0.03630255400282754,0.003948231622917012,8,COMPLETE
250,inf,2025-10-16 22:42:47.993317,2025-10-16 22:42:47.996887,0 days 00:00:00.003570,0.27072233383442557,16,512,16,0.030662106089441532,3.1169407467855876e-05,6,COMPLETE
251,inf,2025-10-16 22:42:47.997126,2025-10-16 22:42:48.000681,0 days 00:00:00.003555,0.4995067672817666,8,256,64,0.3568020954661476,0.004858026003494995,4,COMPLETE
252,inf,2025-10-16 22:42:48.000907,2025-10-16 22:42:48.004739,0 days 00:00:00.003832,0.18168537731709136,4,64,64,0.41113082303399096,0.0009427124550470559,2,COMPLETE
253,inf,2025-10-16 22:42:48.004992,2025-10-16 22:42:48.008826,0 days 00:00:00.003834,0.14882707264726375,2,512,16,0.3137195818525069,0.005933336219901434,5,COMPLETE
254,inf,2025-10-16 22:42:48.009065,2025-10-16 22:42:48.012773,0 days 00:00:00.003708,0.03358010028407074,16,128,64,0.3350142986180761,0.00018607921838706588,7,COMPLETE
255,inf,2025-10-16 22:42:48.013032,2025-10-16 22:42:48.016567,0 days 00:00:00.003535,0.06143408846614122,2,256,32,0.026151075340916097,2.3966784205004405e-05,3,COMPLETE
256,inf,2025-10-16 22:42:48.016800,2025-10-16 22:42:48.020591,0 days 00:00:00.003791,0.16819835988218915,4,512,128,0.4848130481693999,0.0004726145705181097,3,COMPLETE
257,inf,2025-10-16 22:42:48.020849,2025-10-16 22:42:48.024604,0 days 00:00:00.003755,0.047807046842489195,8,256,16,0.04870946022582159,0.0013504529725626587,7,COMPLETE
258,inf,2025-10-16 22:42:48.024841,2025-10-16 22:42:48.028778,0 days 00:00:00.003937,0.1913865961491585,16,64,64,0.18075929166472804,4.0674968969054195e-05,4,COMPLETE
