number,value,datetime_start,datetime_complete,duration,params_colsample_bytree,params_gamma,params_learning_rate,params_max_depth,params_min_child_weight,params_n_estimators,params_reg_alpha,params_reg_lambda,params_subsample,state
0,0.26115805789914687,2025-10-17 00:12:53.800954,2025-10-17 00:12:54.320365,0 days 00:00:00.519411,0.8894189122184949,0.23658425284837858,0.11475664198968367,5,9.233513773445525,200,8.65814750100488,9.098592481563108,0.642335482787784,COMPLETE
1,0.27756108915369404,2025-10-17 00:12:54.320847,2025-10-17 00:12:54.807843,0 days 00:00:00.486996,0.807994427537533,4.480148602057195,0.29429255893051837,8,5.245836466716518,400,0.19785968099318096,0.5060846866841362,0.6095751136544516,COMPLETE
2,0.2821423758106886,2025-10-17 00:12:54.808247,2025-10-17 00:12:56.269657,0 days 00:00:01.461410,0.8636629997740104,1.339280159678276,0.007627532220128421,7,4.614608746921534,400,2.5849813584235672,1.0774387713121658,0.8796183860990576,COMPLETE
3,0.2790544564902365,2025-10-17 00:12:56.270057,2025-10-17 00:12:56.441818,0 days 00:00:00.171761,0.5658858501847135,2.1703147399638647,0.20958332371935795,8,6.376724928073027,50,7.414643153005176,0.37688626297056826,0.7327422967804977,COMPLETE
4,0.8489230134945859,2025-10-17 00:12:56.442212,2025-10-17 00:12:57.931114,0 days 00:00:01.488902,0.9831118126503322,3.025801384919975,0.0016910499163447896,8,1.6407112386410971,350,9.200363993791353,4.695477189036961,0.6714088935543321,COMPLETE
5,0.29477574347006846,2025-10-17 00:12:57.931525,2025-10-17 00:12:59.141690,0 days 00:00:01.210165,0.8415139169122932,1.0291358141534657,0.010961164458447354,10,7.0411605549954395,200,0.6133261771439147,0.5717307468766064,0.5821630989230119,COMPLETE
6,0.9421739099639029,2025-10-17 00:12:59.142094,2025-10-17 00:13:00.233712,0 days 00:00:01.091618,0.8108826904649502,1.3597040940292915,0.001583003921980036,7,1.5803897318615363,300,8.769138316451098,1.79525534082285,0.5310900268499721,COMPLETE
7,0.3126742830656999,2025-10-17 00:13:00.234123,2025-10-17 00:13:00.598954,0 days 00:00:00.364831,0.5279191689375302,4.994590287346485,0.031652490998261465,7,7.315237651846941,100,3.8003226064078968,8.867772913327329,0.8263548777689641,COMPLETE
8,0.5197029116989583,2025-10-17 00:13:00.599361,2025-10-17 00:13:01.658466,0 days 00:00:01.059105,0.5010265948538821,1.8586210340704745,0.0030137778785842098,4,3.618683561368125,500,2.8555237892142413,1.9777783016691142,0.8946932466434594,COMPLETE
9,0.3190122241014413,2025-10-17 00:13:01.658870,2025-10-17 00:13:02.467981,0 days 00:00:00.809111,0.8155089055886955,0.3105352992056837,0.017476368921109542,3,7.37761828725373,450,9.248893908629167,2.5423999664738406,0.592402105467202,COMPLETE
10,0.2930011477041062,2025-10-17 00:13:02.468399,2025-10-17 00:13:02.861534,0 days 00:00:00.393135,0.665996434115793,3.4369555906151543,0.06587104300074254,5,9.919638805137366,200,6.514850332661318,9.792736151846162,0.9787889609392837,COMPLETE
11,0.29459833246343126,2025-10-17 00:13:02.861949,2025-10-17 00:13:03.143421,0 days 00:00:00.281472,0.9448210280797735,4.833134523331441,0.2826769830886912,5,9.995687917972063,200,0.5904795131556142,7.251837066721358,0.6589641824169744,COMPLETE
12,0.28456735550516404,2025-10-17 00:13:03.143812,2025-10-17 00:13:03.607166,0 days 00:00:00.463354,0.7221024561921388,3.8480059207503956,0.11524559486400658,9,3.830531672710726,300,5.762153169063943,4.713842632871631,0.5010396074372024,COMPLETE
13,0.24589494970876563,2025-10-17 00:13:03.607557,2025-10-17 00:13:04.596052,0 days 00:00:00.988495,0.9033789344847865,0.059878703009248496,0.0846615460249139,5,8.577464001166856,400,4.787877278871439,6.654804677547472,0.6886448687507369,COMPLETE
14,0.27921711509751085,2025-10-17 00:13:04.596448,2025-10-17 00:13:05.012342,0 days 00:00:00.415894,0.9202774735526134,0.21807344727161437,0.05033504393167239,5,8.833761574598496,150,4.6611633832471275,6.999671136602499,0.7475478252974004,COMPLETE
15,0.2897031489304811,2025-10-17 00:13:05.012732,2025-10-17 00:13:05.474444,0 days 00:00:00.461712,0.9040502651693144,0.6493768053439685,0.10246885401455044,3,8.530677068454994,250,7.590029598272493,7.178355360385048,0.6815559822822445,COMPLETE
16,0.2532297659338186,2025-10-17 00:13:05.474843,2025-10-17 00:13:06.928806,0 days 00:00:01.453963,0.7303620419704451,0.09731710167071447,0.02415422128519963,6,8.572669542115062,500,4.870951576725768,8.366696379244555,0.7836870270090455,COMPLETE
17,0.2621434736741093,2025-10-17 00:13:06.929217,2025-10-17 00:13:08.096698,0 days 00:00:01.167481,0.6606111578272352,0.8376642740128948,0.027091209941878257,6,6.1519114568558315,500,4.868095816505466,6.105944067987601,0.8129498010134631,COMPLETE
18,0.33359141963171585,2025-10-17 00:13:08.097096,2025-10-17 00:13:09.450894,0 days 00:00:01.353798,0.7196050824547277,2.6252271248323744,0.005560493112413005,6,7.9332107189267385,450,3.291201612129192,8.401101584445087,0.7865537970209262,COMPLETE
19,0.2881918373079351,2025-10-17 00:13:09.451320,2025-10-17 00:13:10.183060,0 days 00:00:00.731740,0.76442549773643,1.6708426978900401,0.04200768901303941,4,8.126946488447448,400,5.9603232795723295,3.4405569039965425,0.7087834173207682,COMPLETE
20,0.29755186418235574,2025-10-17 00:13:10.183476,2025-10-17 00:13:11.123701,0 days 00:00:00.940225,0.6291136843885672,0.042245448824545395,0.017901803796937427,4,5.966011553212184,450,1.9713429475429773,5.866232628792044,0.8775628248290706,COMPLETE
21,0.2523938102788031,2025-10-17 00:13:11.124116,2025-10-17 00:13:11.752157,0 days 00:00:00.628041,0.9907916552213937,0.6118670448752426,0.10004157153883228,6,9.155279055990118,350,4.5218746983115095,8.468305074504084,0.6399469649194219,COMPLETE
22,0.25665565516385397,2025-10-17 00:13:11.752550,2025-10-17 00:13:12.427405,0 days 00:00:00.674855,0.969403009921765,0.7631339332730266,0.06672997517010193,6,9.20437572300702,350,4.365607035262398,8.106075382100265,0.7751545872632752,COMPLETE
23,0.24839990379355437,2025-10-17 00:13:12.427818,2025-10-17 00:13:13.035781,0 days 00:00:00.607963,0.9966321574088364,0.4008340267037578,0.15918318271639167,6,8.088181935721735,350,5.631702252171138,9.937115186680472,0.7005567960975646,COMPLETE
24,0.27498947849519983,2025-10-17 00:13:13.036198,2025-10-17 00:13:13.539043,0 days 00:00:00.502845,0.9939677987216298,1.228745214052258,0.13754029358351513,5,7.893160009637651,350,5.865038247872362,9.645471642381388,0.7062674039536269,COMPLETE
25,0.2534691937075515,2025-10-17 00:13:13.539439,2025-10-17 00:13:14.025737,0 days 00:00:00.486298,0.9323491214838147,0.6068281311731848,0.18370830466772572,7,9.240951949465488,300,6.736844399259347,7.702023664510855,0.619040578415434,COMPLETE
26,0.2685750086638687,2025-10-17 00:13:14.026152,2025-10-17 00:13:14.734889,0 days 00:00:00.708737,0.9553245598558684,0.4953851452799568,0.07887351433137645,4,6.929905179765505,350,3.8837940263585526,6.301292877029125,0.5533417974677806,COMPLETE
27,0.26686083584078557,2025-10-17 00:13:14.735297,2025-10-17 00:13:15.119135,0 days 00:00:00.383838,0.8869735492197378,1.6379386563929392,0.1672454819826802,6,9.578265116468097,250,1.8944393410337383,9.121735703983118,0.7046949530969175,COMPLETE
28,0.2791540407532998,2025-10-17 00:13:15.119549,2025-10-17 00:13:15.698237,0 days 00:00:00.578688,0.9911042403390765,2.356015762237385,0.08758986546006318,5,2.7647855805988755,400,5.452670011768873,9.985324801310641,0.635979766871554,COMPLETE
29,0.26477655779344555,2025-10-17 00:13:15.698647,2025-10-17 00:13:16.461542,0 days 00:00:00.762895,0.8851250481258189,1.0330118734120364,0.04469496407240668,6,8.050768691000886,350,7.9516339586874984,9.09157877941244,0.6424151274729969,COMPLETE
30,0.2655865697548813,2025-10-17 00:13:16.461953,2025-10-17 00:13:17.155605,0 days 00:00:00.693652,0.9472106393491426,0.42730711815203604,0.20410877437313052,4,0.5294473508612372,450,6.810639110207022,5.524889209896282,0.5658181320793808,COMPLETE
31,0.24983002427541265,2025-10-17 00:13:17.156015,2025-10-17 00:13:18.614814,0 days 00:00:01.458799,0.7480796674546039,0.08966946090280047,0.027749018054595762,6,8.835754789404952,500,5.130903365652788,8.355398020234556,0.7710619481028705,COMPLETE
32,0.2422983854004069,2025-10-17 00:13:18.615238,2025-10-17 00:13:19.636984,0 days 00:00:01.021746,0.780937340106519,0.019249134668548717,0.13041664941312686,5,8.844212179074692,400,5.302079319520356,7.8322833521228095,0.7349539748395004,COMPLETE
33,0.30045192822180267,2025-10-17 00:13:19.637400,2025-10-17 00:13:20.665335,0 days 00:00:01.027935,0.7655878290988645,0.005586312375728956,0.01114466522165833,5,8.565876583151624,400,5.315298954870683,6.646620603351713,0.8318912681004672,COMPLETE
34,0.24265489545936578,2025-10-17 00:13:20.665752,2025-10-17 00:13:21.375022,0 days 00:00:00.709270,0.8467461095337887,0.3263707236088897,0.1273879062086834,7,7.68525613146194,400,6.23918661964618,7.770760256592233,0.7356341774944318,COMPLETE
35,0.25458651161134965,2025-10-17 00:13:21.375435,2025-10-17 00:13:21.897052,0 days 00:00:00.521617,0.8540116000677327,0.9792933852377601,0.29669569757036157,8,5.67339827559557,400,6.106416603276302,7.701629028490155,0.7283899482183717,COMPLETE
36,0.24385310217749814,2025-10-17 00:13:21.897461,2025-10-17 00:13:22.638212,0 days 00:00:00.740751,0.8334801577387208,0.3718155374052211,0.12549127777042332,7,6.658999180154702,450,7.143126699045423,5.439760409951619,0.7388069049896068,COMPLETE
37,0.25748259214706143,2025-10-17 00:13:22.638622,2025-10-17 00:13:23.298951,0 days 00:00:00.660329,0.7864027643142365,1.2291478690232323,0.12723445543206588,9,6.509041676148217,450,9.91865443620183,5.4413156316577025,0.7401640919289847,COMPLETE
38,0.23878140410253682,2025-10-17 00:13:23.299366,2025-10-17 00:13:24.211822,0 days 00:00:00.912456,0.8457140570646448,0.4105166877874617,0.06433951803679287,8,4.9653089183448476,450,8.048303131904747,3.9231564321304946,0.8482360623603877,COMPLETE
39,0.2531224845243195,2025-10-17 00:13:24.212223,2025-10-17 00:13:25.014012,0 days 00:00:00.801789,0.8248730896164214,1.3731311674721145,0.05694775426898184,8,4.9121715323542405,450,8.017634513686184,3.9186703277714425,0.8579131370426614,COMPLETE
40,0.2757366657690451,2025-10-17 00:13:25.014427,2025-10-17 00:13:25.603639,0 days 00:00:00.589212,0.7896682467406402,2.7191366488585387,0.23722060125640332,7,4.481731037063075,500,7.126124065964576,3.9885781157400007,0.9295404047360809,COMPLETE
41,0.2346906999428272,2025-10-17 00:13:25.604051,2025-10-17 00:13:26.463713,0 days 00:00:00.859662,0.8665925239590568,0.3205120603147482,0.07911031257639259,9,5.554599822101296,400,8.399396057293453,5.205149276185179,0.8106823821528614,COMPLETE
42,0.23490833952627663,2025-10-17 00:13:26.464122,2025-10-17 00:13:27.166095,0 days 00:00:00.701973,0.8404324287710884,0.32989797385225406,0.1376196312810957,9,5.369787530147694,400,8.505388164462103,3.370382559604475,0.8063322139914794,COMPLETE
43,0.2439780266039995,2025-10-17 00:13:27.166503,2025-10-17 00:13:28.263094,0 days 00:00:01.096591,0.8710818782404602,0.8675139641773095,0.03428054924546305,9,5.471110440337751,400,8.694791874074529,3.2656458249747007,0.809048777660042,COMPLETE
44,0.22822702556274935,2025-10-17 00:13:28.263508,2025-10-17 00:13:29.257805,0 days 00:00:00.994297,0.8632717415360655,0.32106041069076324,0.06016271821624689,10,4.15680972578283,400,8.190213698112776,2.6949208171968677,0.9133625523254885,COMPLETE
45,1.0512558669970946,2025-10-17 00:13:29.258220,2025-10-17 00:13:30.789241,0 days 00:00:01.531021,0.7972198125087618,4.074506880667651,0.0011459621553080034,10,4.152216002626571,300,9.214662621730527,2.306886705110644,0.9184952686097043,COMPLETE
46,0.23450557727068075,2025-10-17 00:13:30.789658,2025-10-17 00:13:31.617099,0 days 00:00:00.827441,0.8669789686682775,0.6810973682176289,0.06739939739618404,10,3.187572272851637,400,8.162279989423801,1.4494050589808103,0.9841782254768494,COMPLETE
47,0.25091740545573493,2025-10-17 00:13:31.617499,2025-10-17 00:13:32.377539,0 days 00:00:00.760040,0.8683713526622913,2.0090059227499055,0.06783803043768455,10,3.2182240680542216,450,8.21618699138001,1.1172954956784598,0.93332749098248,COMPLETE
48,0.35958474714075644,2025-10-17 00:13:32.377955,2025-10-17 00:13:32.670979,0 days 00:00:00.293024,0.914546075280238,1.5182885816666842,0.03765283481659023,9,5.0138385173216795,50,9.983532144674282,2.7814870961547182,0.9702613914008141,COMPLETE
49,0.24397334662341486,2025-10-17 00:13:32.671404,2025-10-17 00:13:33.397624,0 days 00:00:00.726220,0.812460310507193,1.0824423419908218,0.05920760109333281,10,2.5370325393538544,300,8.408635491383146,1.368321153537177,0.9555971454581416,COMPLETE
50,0.23713363950652586,2025-10-17 00:13:33.398036,2025-10-17 00:13:35.029480,0 days 00:00:01.631444,0.8384534965564184,0.7274379613284614,0.02132837868958786,9,4.580781265545375,500,7.5617335111658734,0.3336574119303253,0.857504727659342,COMPLETE
51,0.2347329902498894,2025-10-17 00:13:35.029885,2025-10-17 00:13:36.688564,0 days 00:00:01.658679,0.8364873200283862,0.7239538856775267,0.02008300591746712,9,4.480460059839815,500,7.610679655298862,0.009474414915780993,0.9962055765918968,COMPLETE
52,0.24043570975005787,2025-10-17 00:13:36.688973,2025-10-17 00:13:38.904767,0 days 00:00:02.215794,0.8770664077014727,0.7862570981308049,0.01168931068834585,9,4.399739491823229,500,7.630669464306031,0.06346172915758608,0.8973236762482072,COMPLETE
53,0.23482106993314758,2025-10-17 00:13:38.905181,2025-10-17 00:13:40.707105,0 days 00:00:01.801924,0.821676948167555,0.6389389125041374,0.02041884990304442,10,3.8309515171889705,500,8.915136667707754,1.667281057090681,0.9965792300671816,COMPLETE
54,0.9890374166914785,2025-10-17 00:13:40.707518,2025-10-17 00:13:41.366999,0 days 00:00:00.659481,0.89486549059272,0.27220684822575847,0.004086218353887968,10,3.693041962548053,100,9.556005181951477,1.8736377535228521,0.9981364462045034,COMPLETE
55,0.24729458426886441,2025-10-17 00:13:41.367419,2025-10-17 00:13:44.003539,0 days 00:00:02.636120,0.8133671449751646,0.5683218759527342,0.008266304795127324,10,3.083017283423554,500,8.72067782619165,1.5531750945936587,0.9862280335677768,COMPLETE
56,0.2412097714662361,2025-10-17 00:13:44.003953,2025-10-17 00:13:46.270598,0 days 00:00:02.266645,0.8614041993015097,0.9457431282078502,0.012844144196546874,10,1.9522333825737048,500,9.17942008722877,0.8075960436940537,0.9454082560922286,COMPLETE
57,0.25955930561641644,2025-10-17 00:13:46.271017,2025-10-17 00:13:47.694178,0 days 00:00:01.423161,0.9122546411981896,3.2766976521845512,0.015371008740869841,9,4.048334773287306,400,8.907926235197948,2.1852610403284216,0.9634831295374802,COMPLETE
58,0.2304663334735971,2025-10-17 00:13:47.694569,2025-10-17 00:13:49.907050,0 days 00:00:02.212481,0.6984399723452819,0.22411123447749937,0.01910658026199503,10,5.755344883524829,450,8.492570716613553,2.8008839229805425,0.9939866000164136,COMPLETE
59,0.275049065417623,2025-10-17 00:13:49.907469,2025-10-17 00:13:52.025166,0 days 00:00:02.117697,0.6106272924694376,1.1674883503054867,0.007519597424090723,10,5.85917454676901,450,9.564262752954868,2.8160947802593914,0.9950879827723322,COMPLETE
60,0.23003159296958303,2025-10-17 00:13:52.025587,2025-10-17 00:13:54.149362,0 days 00:00:02.123775,0.6828261473301063,0.24634895995517006,0.022742028680084188,10,3.504891245755754,500,7.276892497063551,0.6215268809491383,0.9133083464946204,COMPLETE
61,0.22731154859394612,2025-10-17 00:13:54.149784,2025-10-17 00:13:56.612713,0 days 00:00:02.462929,0.6693876935915435,0.15564532050730245,0.020160022463506372,10,3.1683528233126337,500,7.909731949381716,0.7448962618035468,0.9715510347113585,COMPLETE
62,0.23277537926819264,2025-10-17 00:13:56.613133,2025-10-17 00:13:59.237775,0 days 00:00:02.624642,0.6856721846881729,0.17733326576372332,0.01427278084881294,10,3.4620012325992704,500,7.2117985224052745,0.6185748483677014,0.8992000809262491,COMPLETE
63,0.2348112814076868,2025-10-17 00:13:59.238174,2025-10-17 00:14:01.644356,0 days 00:00:02.406182,0.685240896050971,0.19023873167241484,0.013942768787675265,10,3.3348156694999074,450,6.970594881882183,0.7004997534054265,0.903945390424243,COMPLETE
64,0.229551315806836,2025-10-17 00:14:01.644769,2025-10-17 00:14:03.430168,0 days 00:00:01.785399,0.6731691437625402,0.20815493937120916,0.029430644087284095,10,2.396573346825656,450,7.244354349725615,1.2321423174087582,0.9485874122868609,COMPLETE
65,0.22633215276829732,2025-10-17 00:14:03.430584,2025-10-17 00:14:05.195435,0 days 00:00:01.764851,0.6907182848431138,0.21682340506871028,0.02986573977469248,10,2.4848953753219685,450,6.586984412704825,1.2226859235712277,0.9423934900048015,COMPLETE
66,0.22686679728052855,2025-10-17 00:14:05.195862,2025-10-17 00:14:07.237859,0 days 00:00:02.041997,0.6998058015999564,0.16588627007236081,0.027331694281767953,10,2.1162096521870364,450,7.330308636631588,1.0637482329150914,0.8746953581336295,COMPLETE
67,0.2356372776804272,2025-10-17 00:14:07.238273,2025-10-17 00:14:08.736387,0 days 00:00:01.498114,0.6373978441591986,0.5139267584278788,0.027530685057982285,10,2.176109597359095,450,6.620146768472065,0.9031819045847235,0.9491438911395658,COMPLETE
68,0.22416586833821156,2025-10-17 00:14:08.736807,2025-10-17 00:14:10.572694,0 days 00:00:01.835887,0.7089502638298764,0.1668060886573649,0.03287537725204644,10,1.2044583923014844,450,6.3391797441685895,1.1402912143415493,0.8768886314075615,COMPLETE
69,0.22393215750971104,2025-10-17 00:14:10.573105,2025-10-17 00:14:12.587925,0 days 00:00:02.014820,0.6606265337076431,0.14454959443842832,0.031934102272175274,10,1.1108775707276408,450,6.277934035923012,1.177416567936037,0.8765275451655081,COMPLETE
70,0.24185034140735667,2025-10-17 00:14:12.588340,2025-10-17 00:14:13.765548,0 days 00:00:01.177208,0.5962962441518934,0.5164547591149034,0.045210148113047105,10,1.2034252870498077,450,6.311845611026412,1.2226332847224017,0.8752604270199493,COMPLETE
71,0.22547255800326704,2025-10-17 00:14:13.765948,2025-10-17 00:14:16.231299,0 days 00:00:02.465351,0.6560635185701638,0.1199514349350641,0.024306529491798266,10,1.300276025594534,500,7.3097709866637555,0.34827964040763615,0.9191353311684699,COMPLETE
72,0.22245916210132596,2025-10-17 00:14:16.231721,2025-10-17 00:14:18.363306,0 days 00:00:02.131585,0.6617694717641356,0.11797684121829248,0.031408815666844836,10,1.042514174709798,450,6.511716520885307,0.9790553705701679,0.9368443272790259,COMPLETE
73,0.22453313445785048,2025-10-17 00:14:18.363729,2025-10-17 00:14:20.479823,0 days 00:00:02.116094,0.6473553388224483,0.07816281386475199,0.035947121950002714,9,1.2993817017264826,500,7.78682917207388,0.37082869994194423,0.877721605533609,COMPLETE
74,0.21858485834335306,2025-10-17 00:14:20.480237,2025-10-17 00:14:22.879241,0 days 00:00:02.399004,0.6446000109275909,0.00434796774176853,0.03742892083507251,9,1.1985250165284451,500,6.425562513869644,0.3498555505155685,0.8682571925319573,COMPLETE
75,0.2191125981025056,2025-10-17 00:14:22.879654,2025-10-17 00:14:25.270905,0 days 00:00:02.391251,0.6456324270433301,0.021114254347254363,0.03582811127452367,9,1.1330160958856001,500,6.439989994228782,0.32420690032805,0.8820606972070901,COMPLETE
76,0.22138123440270058,2025-10-17 00:14:25.271328,2025-10-17 00:14:27.710060,0 days 00:00:02.438732,0.6476856355277301,0.020612110444172715,0.032944664339438455,9,1.107432726219286,500,6.484094428753155,0.33365094566052256,0.8389734987743511,COMPLETE
77,0.21652628361845944,2025-10-17 00:14:27.710470,2025-10-17 00:14:30.112848,0 days 00:00:02.402378,0.6463491427315462,0.01730534115824507,0.03966790136093548,9,1.0632369913993245,500,5.5954469978596535,0.3754718255971614,0.837192917638642,COMPLETE
78,0.2250841513200698,2025-10-17 00:14:30.113256,2025-10-17 00:14:32.132434,0 days 00:00:02.019178,0.641241569535255,0.046440712811308224,0.03681502602629436,8,0.6264314542915843,500,5.66955488833435,0.32301054985670485,0.8440679215651362,COMPLETE
79,0.22058408615824265,2025-10-17 00:14:32.132869,2025-10-17 00:14:34.444174,0 days 00:00:02.311305,0.5886641702773915,0.02312023224316181,0.050878055579961536,9,1.0788513584297754,500,6.3903553744871,0.2692314633191471,0.8285548789141978,COMPLETE
80,0.24768808653620294,2025-10-17 00:14:34.444589,2025-10-17 00:14:35.550687,0 days 00:00:01.106098,0.5659391106752152,0.46532098730395305,0.05009444888056061,8,0.8797207005403855,500,6.342036136154046,0.026409452230266695,0.827679573115825,COMPLETE
81,0.2196322344590976,2025-10-17 00:14:35.551106,2025-10-17 00:14:38.000216,0 days 00:00:02.449110,0.6108227777945772,0.017103542277129652,0.03694754760432326,9,1.6960166424152088,500,6.0234784762216576,0.35361269632554354,0.8826755615348957,COMPLETE
82,0.21786598839072302,2025-10-17 00:14:38.000642,2025-10-17 00:14:40.440714,0 days 00:00:02.440072,0.6135058790892894,0.014011221467339817,0.04238926761072793,9,1.5948079274174747,500,5.949161530666978,0.895457189123514,0.860925053363265,COMPLETE
83,0.21845592588879154,2025-10-17 00:14:40.441172,2025-10-17 00:14:42.869538,0 days 00:00:02.428366,0.615551674965306,0.012738239101131105,0.04177711687643729,9,1.740669966366152,500,5.751417536029281,0.5426081732094148,0.8606341682947227,COMPLETE
84,0.2188650748160944,2025-10-17 00:14:42.869954,2025-10-17 00:14:45.200602,0 days 00:00:02.330648,0.6172798532692321,0.03503538827959697,0.040895961556085596,9,1.5889387354419804,500,5.947320085799476,0.23548129696245174,0.8597566121380614,COMPLETE
85,0.22538486618803633,2025-10-17 00:14:45.201014,2025-10-17 00:14:47.255310,0 days 00:00:02.054296,0.5863186627849563,0.0010807258820761945,0.041370596014309056,8,1.6753910059916428,500,5.9079115009075185,0.1731219019363609,0.8610890215538499,COMPLETE
86,0.2380248003002339,2025-10-17 00:14:47.255712,2025-10-17 00:14:48.415474,0 days 00:00:01.159762,0.6244481835104818,0.4220285763609644,0.050174733183940876,9,1.655252080543069,500,5.51440306375873,0.5097487903438156,0.7945374264753892,COMPLETE
