number,value,datetime_start,datetime_complete,duration,params_colsample_bytree,params_gamma,params_learning_rate,params_max_depth,params_min_child_weight,params_n_estimators,params_reg_alpha,params_reg_lambda,params_subsample,state
87,0.23871656427133092,2025-10-17 00:14:48.415890,2025-10-17 00:14:49.763070,0 days 00:00:01.347180,0.5344654355126649,0.3757032801394949,0.04209824367003358,9,1.4942648004353847,500,5.092652861064131,0.24256632363704558,0.8375699846722814,COMPLETE
88,0.24396255865898195,2025-10-17 00:14:49.763491,2025-10-17 00:14:50.561062,0 days 00:00:00.797571,0.6156850227165419,0.5488313493774265,0.05240564379287083,9,0.8006821124751834,250,5.932969578957527,0.4944125436906193,0.8238660897752919,COMPLETE
89,0.22096496005362656,2025-10-17 00:14:50.561492,2025-10-17 00:14:52.904199,0 days 00:00:02.342707,0.5775319347359956,0.006799173752950345,0.07447908494604724,9,1.8766843428749673,500,6.833200919178237,0.8693075858248339,0.7597851847549335,COMPLETE
90,0.23848506153155083,2025-10-17 00:14:52.904621,2025-10-17 00:14:53.805964,0 days 00:00:00.901343,0.5713341955304391,0.3228099141384285,0.10538786590918656,9,1.8512912372907593,500,4.643682023818339,0.8241613112730889,0.8891769027156183,COMPLETE
91,0.21745024849256228,2025-10-17 00:14:53.806378,2025-10-17 00:14:55.980076,0 days 00:00:02.173698,0.5456395143080661,0.03406979263771956,0.08340011308293174,9,1.4801055269172327,500,4.328350496250731,0.5461502718048312,0.763427224094152,COMPLETE
92,0.24029557293728215,2025-10-17 00:14:55.980502,2025-10-17 00:14:57.030694,0 days 00:00:01.050192,0.547895070652365,0.2958699034771584,0.09233900292737748,8,1.4597569751441075,500,4.238894407567065,1.6957153353029946,0.7575764928180098,COMPLETE
93,0.2866321152187809,2025-10-17 00:14:57.031122,2025-10-17 00:14:57.898595,0 days 00:00:00.867473,0.50833257216372,4.654752655816582,0.04789889285175595,9,1.8898811638707038,500,6.933268602441457,0.8139266175408235,0.7919715352489151,COMPLETE
94,0.22035533373654892,2025-10-17 00:14:57.899242,2025-10-17 00:14:59.783713,0 days 00:00:01.884471,0.5957142319043338,0.042636357560912636,0.07872103836300644,8,2.802996709553537,500,5.276933396127117,0.5359267827467393,0.862790530686038,COMPLETE
95,0.24526373597223416,2025-10-17 00:14:59.784146,2025-10-17 00:15:00.826954,0 days 00:00:01.042808,0.5985919532926481,0.44752346856451636,0.05635859144994719,8,0.8333503932125181,500,4.889458223419061,0.5501428955634607,0.8642639356097246,COMPLETE
96,0.22008483500030335,2025-10-17 00:15:00.827382,2025-10-17 00:15:02.977538,0 days 00:00:02.150156,0.60344406635383,0.000189434999287693,0.04056560697204141,8,2.211828559661425,500,3.9559583310124466,0.10458818630181649,0.8497655419918604,COMPLETE
97,0.23386987454279004,2025-10-17 00:15:02.977961,2025-10-17 00:15:04.300643,0 days 00:00:01.322682,0.6133520607421148,0.3070085325932377,0.03995663067597313,8,2.686460018932034,500,3.4065461809740967,0.010375669846654556,0.8503316510386264,COMPLETE
98,0.2689534503977128,2025-10-17 00:15:04.301067,2025-10-17 00:15:05.323435,0 days 00:00:01.022368,0.6266137752355506,3.768408869218315,0.02497159865322068,8,2.177671217150104,500,4.229733948747219,0.5808662354122107,0.889897946010397,COMPLETE
99,0.24774072933077657,2025-10-17 00:15:05.323846,2025-10-17 00:15:05.859105,0 days 00:00:00.535259,0.5428237669479908,0.6297723951080384,0.07404486340636257,9,1.5124304698017172,150,3.796798831970916,1.4149432474695234,0.8189405965198899,COMPLETE
100,0.2458300009733305,2025-10-17 00:15:05.859524,2025-10-17 00:15:06.718250,0 days 00:00:00.858726,0.5525828938200942,0.40099070770872447,0.0958834089647565,8,2.9712955489077992,500,5.316181088921834,0.13976816517341398,0.8659807568162634,COMPLETE
101,0.22522971691934396,2025-10-17 00:15:06.718662,2025-10-17 00:15:08.570018,0 days 00:00:01.851356,0.595658601662982,0.09334702284152102,0.046083006026859885,9,1.7374008939308059,500,6.078344855778775,0.21961268415458252,0.8528323709611872,COMPLETE
102,0.21571554687721403,2025-10-17 00:15:08.570435,2025-10-17 00:15:10.914047,0 days 00:00:02.343612,0.5824810580533184,0.001616828984439692,0.062383214272229495,9,0.6912574918779535,500,5.755325776256299,0.4342002831694787,0.8911640746470515,COMPLETE
103,0.23103343353158087,2025-10-17 00:15:10.914459,2025-10-17 00:15:12.074788,0 days 00:00:01.160329,0.6063219382361266,0.2148477732628794,0.06132767472732605,9,0.5004665425355064,500,5.745152151401996,0.49234840365789756,0.8852349607686981,COMPLETE
104,0.21624368249066384,2025-10-17 00:15:12.075206,2025-10-17 00:15:14.458734,0 days 00:00:02.383528,0.5561724888879886,4.897230725417305e-05,0.08296940822302357,9,1.4020361867950029,500,5.5171120120994095,2.0721160164660044,0.8670586107569447,COMPLETE
105,0.23882098901362014,2025-10-17 00:15:14.459148,2025-10-17 00:15:15.324975,0 days 00:00:00.865827,0.555192722837867,0.2484184794007553,0.10941920266012128,9,0.6920181209632167,450,5.500734679647263,2.044917162208393,0.9029646523738795,COMPLETE
106,0.22294488402207596,2025-10-17 00:15:15.325388,2025-10-17 00:15:17.702527,0 days 00:00:02.377139,0.5159682144621698,2.7968860986219563e-05,0.0387265961755129,9,0.9516302981876771,500,6.046381592350493,0.710656835574804,0.8442219436984689,COMPLETE
107,0.22070318407716213,2025-10-17 00:15:17.702942,2025-10-17 00:15:19.021635,0 days 00:00:01.318693,0.6340956345389125,0.10320029932846883,0.06683429813124682,9,1.3922597857433234,500,4.521012882229677,1.0362530885564214,0.9246805944505857,COMPLETE
108,0.23761277156591362,2025-10-17 00:15:19.022051,2025-10-17 00:15:20.218633,0 days 00:00:01.196582,0.5605064215794613,0.29974532758117106,0.05496056112949675,9,2.1755895046609512,450,5.0358854755807405,1.5375592450185307,0.7215349543174239,COMPLETE
109,0.2269095853448241,2025-10-17 00:15:20.219047,2025-10-17 00:15:22.708514,0 days 00:00:02.489467,0.5790414509434735,0.12307524795341421,0.016881395117706765,9,1.5972754166696375,500,2.79074780516718,0.013901381129847457,0.8035021845144878,COMPLETE
110,0.267575062086855,2025-10-17 00:15:22.708939,2025-10-17 00:15:23.387073,0 days 00:00:00.678134,0.6233367696981897,2.867462355584612,0.08867127598377053,9,2.0256281355360786,450,5.674513260779203,0.9186040108932989,0.9055597134664866,COMPLETE
111,0.24004689321013198,2025-10-17 00:15:23.387486,2025-10-17 00:15:24.434331,0 days 00:00:01.046845,0.6029357822776309,0.22770369779567665,0.07948514560779019,7,1.3295185184476392,500,5.274578911858576,0.46070659230325295,0.8683301980916304,COMPLETE
112,0.22812482232909925,2025-10-17 00:15:24.434747,2025-10-17 00:15:26.176550,0 days 00:00:01.741803,0.5272616576426262,0.12129149507333405,0.042272434701617165,8,1.7772900506333216,500,4.021305215438811,0.6489500864922431,0.8911378183036235,COMPLETE
113,0.23933842916236064,2025-10-17 00:15:26.176964,2025-10-17 00:15:27.264473,0 days 00:00:01.087509,0.5740823575216972,0.3707768831417,0.06571432128573046,9,2.321364716291843,500,4.783039800117146,1.3294391258748983,0.8574342365275457,COMPLETE
114,0.26098501492376003,2025-10-17 00:15:27.264899,2025-10-17 00:15:28.269823,0 days 00:00:01.004924,0.6150365541963803,2.222698654112942,0.036249290073828856,8,2.7778918909402717,500,3.5489421000334054,0.19655521826490016,0.8350257220517959,COMPLETE
115,0.24511445184526087,2025-10-17 00:15:28.270285,2025-10-17 00:15:29.272721,0 days 00:00:01.002436,0.591363380627146,0.4823818069600635,0.07292095909946673,9,0.7250393935621613,500,5.770743835969327,0.9499122978187167,0.8484959489950252,COMPLETE
116,0.22005863951146523,2025-10-17 00:15:29.273247,2025-10-17 00:15:31.826963,0 days 00:00:02.553716,0.583432293905146,0.0055111115711401985,0.04595602675691031,9,0.9436499204031124,500,6.147175505031014,0.4228060574582873,0.8694617331458548,COMPLETE
117,0.23465685585940488,2025-10-17 00:15:31.827392,2025-10-17 00:15:33.316849,0 days 00:00:01.489457,0.5833153284698775,0.22136229990699646,0.04457898504719227,9,0.8672767869338456,450,6.1127610177557,4.716245169003585,0.8824243181409372,COMPLETE
118,0.21270653000632908,2025-10-17 00:15:33.317278,2025-10-17 00:15:35.769283,0 days 00:00:02.452005,0.6472837818299187,0.009465385463985914,0.05648162682591143,9,1.0434372996279302,500,5.566060295763554,0.38730651487973516,0.8698515986304964,COMPLETE
119,0.22546032302293145,2025-10-17 00:15:35.769706,2025-10-17 00:15:37.101029,0 days 00:00:01.331323,0.6502279114420113,0.14369341964224508,0.0574765290219887,9,1.009107054217999,450,5.512066853870746,1.858056870964491,0.9111354813529217,COMPLETE
120,0.2377280160289778,2025-10-17 00:15:37.101490,2025-10-17 00:15:37.935392,0 days 00:00:00.833902,0.6732021099551665,0.28581560146854734,0.14850657338469445,9,1.2743693487316299,500,6.709408610486628,0.7223955625329832,0.8963228240546779,COMPLETE
121,0.2169808818299448,2025-10-17 00:15:37.935812,2025-10-17 00:15:40.437270,0 days 00:00:02.501458,0.6359434565495998,0.0019008564665382987,0.034945769402591496,9,1.5082089251477355,500,5.601432272270396,0.32594840009643583,0.8712673235660078,COMPLETE
122,0.22539465915500909,2025-10-17 00:15:40.437675,2025-10-17 00:15:42.723966,0 days 00:00:02.286291,0.6231553884085256,0.10887722652645081,0.0257665871795747,9,1.471985671200812,500,5.860374531378683,0.3539896833031503,0.8743789399998202,COMPLETE
123,0.22781266392988422,2025-10-17 00:15:42.724391,2025-10-17 00:15:44.435058,0 days 00:00:01.710667,0.6398215547073988,0.18274896767716972,0.03582586924200617,9,0.5774421714756921,500,5.996183815505556,0.4389064617324405,0.86990720684051,COMPLETE
124,0.23600450536904827,2025-10-17 00:15:44.435478,2025-10-17 00:15:45.647339,0 days 00:00:01.211861,0.6307921841262866,0.387207936739107,0.0462062395464328,9,1.1704806755702222,500,6.199481137585649,0.7413160463426336,0.8839017084179743,COMPLETE
125,0.21796148247036923,2025-10-17 00:15:45.647751,2025-10-17 00:15:48.030249,0 days 00:00:02.382498,0.5642356526897807,0.0175206790857858,0.0528067282627844,9,1.7069853634238765,500,5.602869599625149,1.0376449827066427,0.8951310649540278,COMPLETE
126,0.23077240837221805,2025-10-17 00:15:48.030679,2025-10-17 00:15:50.268093,0 days 00:00:02.237414,0.5637327843907755,0.09867909952805784,0.02933218374782221,9,1.5923107734127484,500,5.149869943718953,1.020404061746527,0.6636003487011437,COMPLETE
127,0.24154020531036646,2025-10-17 00:15:50.268517,2025-10-17 00:15:51.107882,0 days 00:00:00.839365,0.6534291249139537,1.8079009603242246,0.05331854057488213,9,2.0096668013254533,450,0.07741006592826594,0.21543266527597205,0.8948146962313431,COMPLETE
128,0.24432768712495787,2025-10-17 00:15:51.108411,2025-10-17 00:15:52.467434,0 days 00:00:01.359023,0.5440230435594456,0.5784967086098477,0.03266273436793993,9,1.687206580685955,500,5.590799121554539,2.447363180810865,0.924526269985332,COMPLETE
129,0.2367620346732602,2025-10-17 00:15:52.467854,2025-10-17 00:15:53.616229,0 days 00:00:01.148375,0.5246561538318757,0.265224620930876,0.06357177093870514,9,1.4252129882022955,450,5.368876657365116,1.3733887686902642,0.9086672532527867,COMPLETE
130,0.21160742553171244,2025-10-17 00:15:53.616649,2025-10-17 00:15:56.111949,0 days 00:00:02.495300,0.6159893061066071,0.0005649561817771038,0.08463129015676732,9,1.2343850535158194,500,4.970422184226075,1.161183802443059,0.8551566627352655,COMPLETE
131,0.2131689596985489,2025-10-17 00:15:56.112370,2025-10-17 00:15:58.465848,0 days 00:00:02.353478,0.6167449264053562,0.00714585195392153,0.08531483544182836,9,1.205025082722609,500,5.776900385589181,1.1225685455360197,0.8581181094727495,COMPLETE
132,0.2274553120261559,2025-10-17 00:15:58.466277,2025-10-17 00:15:59.538485,0 days 00:00:01.072208,0.6403190229163399,0.16810524677999147,0.09844516778551236,9,1.1719598093835812,500,4.957186254500675,1.0477784382379245,0.8371208852006765,COMPLETE
133,0.22642498940525407,2025-10-17 00:15:59.538898,2025-10-17 00:16:00.757353,0 days 00:00:01.218455,0.6236231520665934,0.09793809392821223,0.1143142999101965,9,0.7172837299619585,500,5.771992643050835,1.5997549216292837,0.8521516962907336,COMPLETE
134,0.21164180476471328,2025-10-17 00:16:00.757780,2025-10-17 00:16:03.291951,0 days 00:00:02.534171,0.6673846649803111,7.162230588043787e-05,0.08150660356982058,9,1.3779087211805372,500,5.125557673457583,1.1735731738648163,0.8192289750256763,COMPLETE
135,0.23041513595250812,2025-10-17 00:16:03.292370,2025-10-17 00:16:04.323125,0 days 00:00:01.030755,0.6672263448251203,0.23848738836646072,0.08655506994053098,9,1.3968068692537674,500,5.18349345263562,1.2794485846963464,0.8209515018302249,COMPLETE
136,0.23751940647947267,2025-10-17 00:16:04.323546,2025-10-17 00:16:05.324798,0 days 00:00:01.001252,0.6183047263998541,0.3876407464651083,0.07151258212975134,9,1.05866847743215,500,4.690037894981163,0.7995748178536679,0.7773637368802432,COMPLETE
137,0.22259161663572796,2025-10-17 00:16:05.325220,2025-10-17 00:16:06.537079,0 days 00:00:01.211859,0.6327112386429218,0.12971208399769008,0.08421913840327777,9,1.8579784066723577,500,4.457039828797778,1.7494578768409519,0.8598229849054553,COMPLETE
138,0.2828385999659778,2025-10-17 00:16:06.537495,2025-10-17 00:16:07.371161,0 days 00:00:00.833666,0.5369622049714491,0.2984125107898326,0.11905406942700758,3,1.2960668279680783,500,5.492510399390102,2.122587554757834,0.8311507976499843,COMPLETE
139,0.23009742306149522,2025-10-17 00:16:07.371577,2025-10-17 00:16:08.618844,0 days 00:00:01.247267,0.6055440939818784,0.20520570025194693,0.06040935566939588,9,0.8844020202953511,450,4.9115985718157145,1.1400395036721709,0.8000044477937517,COMPLETE
140,0.2134905071537913,2025-10-17 00:16:08.619261,2025-10-17 00:16:10.909606,0 days 00:00:02.290345,0.6774771987258306,0.013440581280920452,0.10358587837668673,9,1.5768599955760882,500,5.67197104021453,0.8601059667388976,0.8113239210570033,COMPLETE
141,0.2199140469392762,2025-10-17 00:16:10.910006,2025-10-17 00:16:12.252569,0 days 00:00:01.342563,0.7396772513610825,0.0772070125969121,0.10008108041614122,9,1.984707725514947,500,5.648763775441495,0.8983014837871002,0.8451406296996444,COMPLETE
142,0.5488523973412435,2025-10-17 00:16:12.252991,2025-10-17 00:16:14.905852,0 days 00:00:02.652861,0.6759144810988905,0.017150600815841084,0.0023100485581021846,9,1.5893175897417358,500,5.4115945302144475,0.5844153929993802,0.8585550636352454,COMPLETE
143,0.21266228565673215,2025-10-17 00:16:14.906272,2025-10-17 00:16:17.353807,0 days 00:00:02.447535,0.6618778618762616,0.0008211351966328974,0.08677930676962592,9,1.3508266804817888,500,5.904106190741074,1.4614768134169356,0.8176596240650722,COMPLETE
144,0.21280649255124057,2025-10-17 00:16:17.354227,2025-10-17 00:16:19.864494,0 days 00:00:02.510267,0.6645367000663597,0.0007975219209065273,0.08907949989917906,9,1.3339314888553118,500,5.157570675601025,1.449758348572669,0.8085498242774162,COMPLETE
145,0.22803095420576694,2025-10-17 00:16:19.864916,2025-10-17 00:16:20.978548,0 days 00:00:01.113632,0.6591846940645575,0.18074200981779076,0.08586092051833771,9,1.2819286447176783,500,5.116691604239232,1.4769924841097304,0.8107970264862574,COMPLETE
146,0.2264012799003779,2025-10-17 00:16:20.978975,2025-10-17 00:16:21.788027,0 days 00:00:00.809052,0.7096754640362795,0.3078979695574952,0.13228471957147594,9,1.77609393807589,500,1.182738745938023,1.803456484246842,0.8152802223083504,COMPLETE
147,0.2246874963656917,2025-10-17 00:16:21.788439,2025-10-17 00:16:22.895841,0 days 00:00:01.107402,0.6922246033257059,0.13228106063737274,0.1055842209816061,9,0.9570840968370407,450,5.820712859654002,1.1484007318997356,0.7900989937008281,COMPLETE
148,0.23967729501995222,2025-10-17 00:16:22.896258,2025-10-17 00:16:23.820070,0 days 00:00:00.923812,0.676713956437321,0.4551698618861466,0.0785442883337061,9,1.4235981063597891,500,5.265633353450697,1.559531872976922,0.8256302240914682,COMPLETE
149,0.2282796603283896,2025-10-17 00:16:23.820467,2025-10-17 00:16:25.036223,0 days 00:00:01.215756,0.6609977829852816,0.19017135892272005,0.0701621252077917,9,0.7341525314657056,500,5.496525885404095,1.4101499434131852,0.8104646150192082,COMPLETE
150,0.21800536049914845,2025-10-17 00:16:25.036635,2025-10-17 00:16:27.322929,0 days 00:00:02.286294,0.5689275736700676,0.011073646116713439,0.11609727480018942,9,0.5232741828690274,500,4.76683733014373,1.9641283092052864,0.7618479321714017,COMPLETE
151,0.2292242149502465,2025-10-17 00:16:27.323352,2025-10-17 00:16:28.497461,0 days 00:00:01.174109,0.5594714717333545,0.10652100161734857,0.1657605366259441,9,0.5472667407743758,500,4.765032252427047,1.9367415800205614,0.7476826634994579,COMPLETE
152,0.21530277460000738,2025-10-17 00:16:28.497892,2025-10-17 00:16:30.772428,0 days 00:00:02.274536,0.6525719052735981,0.00801002704888713,0.15027705634240537,9,1.0431786367563793,500,4.955943914991619,1.1868218565450965,0.8356907030509126,COMPLETE
153,0.21510126113468694,2025-10-17 00:16:30.772842,2025-10-17 00:16:33.189615,0 days 00:00:02.416773,0.5703764015010451,0.002103494329034561,0.11637328391459191,9,1.0247977877652377,500,4.3311440944832995,1.2746168531053992,0.8009877194638164,COMPLETE
154,0.23370905680778806,2025-10-17 00:16:33.190034,2025-10-17 00:16:34.046459,0 days 00:00:00.856425,0.6468357304127541,0.2425519173274945,0.15095405134842502,9,1.0011452051744707,500,4.599961838341553,1.2781008550910253,0.7797805280928414,COMPLETE
155,0.22521674921812504,2025-10-17 00:16:34.046874,2025-10-17 00:16:35.034150,0 days 00:00:00.987276,0.6549619789950906,0.10411211517321951,0.19417720837212588,9,1.1501086168915504,500,4.1960932268993245,0.9953608510704912,0.8186475304704771,COMPLETE
156,0.23461976780643848,2025-10-17 00:16:35.034583,2025-10-17 00:16:35.936099,0 days 00:00:00.901516,0.6643829172936339,0.35399686096680116,0.09450225205161843,9,0.8477412022150205,500,4.324453344020578,1.627099831315051,0.8021332712777884,COMPLETE
157,0.2266993027410272,2025-10-17 00:16:35.936520,2025-10-17 00:16:36.989027,0 days 00:00:01.052507,0.6813929310053187,0.11336936067863693,0.1350796312518947,9,1.467359927043808,500,4.983036339385615,1.14430704420585,0.8374007647226835,COMPLETE
158,0.21718181767337214,2025-10-17 00:16:36.989446,2025-10-17 00:16:39.024289,0 days 00:00:02.034843,0.6290674137318814,0.012089536090620287,0.09225129681383036,8,1.2911031945241878,500,5.083300820894884,4.236481151525075,0.7928892639664984,COMPLETE
159,0.23534173272210077,2025-10-17 00:16:39.024695,2025-10-17 00:16:39.998428,0 days 00:00:00.973733,0.6346161591886474,0.23126621566106076,0.10673989713253161,8,1.2632604667691238,500,5.070436102122151,4.362338132624028,0.7821008250909083,COMPLETE
160,0.2300810786188819,2025-10-17 00:16:39.998845,2025-10-17 00:16:41.068848,0 days 00:00:01.070003,0.6369200754482729,0.1694597281461888,0.09223672084667911,8,1.0668856783278111,450,5.3183353815919014,0.7806813255200471,0.7700596759902653,COMPLETE
161,0.21452974434231856,2025-10-17 00:16:41.069268,2025-10-17 00:16:43.305056,0 days 00:00:02.235788,0.651584899130593,0.022887571993620025,0.08424777394311203,9,1.5657144410828934,500,5.616530499812575,2.2982446820429647,0.7982488222815772,COMPLETE
162,0.22445784723484033,2025-10-17 00:16:43.305472,2025-10-17 00:16:44.328780,0 days 00:00:01.023308,0.6532464858447757,0.012657307116731369,0.08110115598536687,9,1.419151621081687,200,5.402661316243292,2.5405973858239115,0.7914491341529689,COMPLETE
163,0.2740089847725717,2025-10-17 00:16:44.329201,2025-10-17 00:16:44.987500,0 days 00:00:00.658299,0.6663577931248857,4.32347676515508,0.12032046471891739,9,0.7601578507226456,500,4.950724800572076,2.308784311316714,0.803863897250983,COMPLETE
164,0.2133283053180623,2025-10-17 00:16:44.987919,2025-10-17 00:16:47.486848,0 days 00:00:02.498929,0.646743944017328,0.0007813832632993511,0.09931998279977182,9,1.24323840110473,500,5.81676455613468,6.078589391002614,0.827219720984947,COMPLETE
165,0.22450701827695188,2025-10-17 00:16:47.487287,2025-10-17 00:16:48.520392,0 days 00:00:01.033105,0.645056193366528,0.10905302074708605,0.17790069150153195,9,1.0675469731614988,500,4.480872440343695,6.069195925370305,0.8235163402228639,COMPLETE
166,0.2361934766944426,2025-10-17 00:16:48.520829,2025-10-17 00:16:49.097448,0 days 00:00:00.576619,0.7010724734314305,0.2873385156955459,0.09596077227289984,9,1.26770973776072,150,5.640996650002641,6.522899676300123,0.795122333217769,COMPLETE
167,0.22045952510661815,2025-10-17 00:16:49.097863,2025-10-17 00:16:51.358075,0 days 00:00:02.260212,0.6693628661650837,0.006498713676424037,0.2519310153575926,9,0.8532050231393874,500,5.159490985509697,1.3882729543270227,0.8151131736055899,COMPLETE
168,0.2321862541103694,2025-10-17 00:16:51.358495,2025-10-17 00:16:52.315461,0 days 00:00:00.956966,0.6298987862912357,0.17653328248657663,0.14313988191241755,9,1.5104069053156113,500,5.798171441443767,7.084209866372818,0.8278469951903523,COMPLETE
169,0.22165644519646188,2025-10-17 00:16:52.315879,2025-10-17 00:16:53.826026,0 days 00:00:01.510147,0.6526468224111451,0.1112301731586472,0.08725573285016262,9,0.9987263042633426,500,3.692881698636428,3.690290921326415,0.7735279139599318,COMPLETE
170,0.21213171368844946,2025-10-17 00:16:53.826448,2025-10-17 00:16:56.359230,0 days 00:00:02.532782,0.6887009836803544,0.00021077735511454074,0.07305323496602746,9,1.2620570843552494,500,5.355049379057552,5.630796708770298,0.800554841745101,COMPLETE
171,0.22249066737779616,2025-10-17 00:16:56.359657,2025-10-17 00:16:57.926329,0 days 00:00:01.566672,0.6816394231940611,0.09415440178404409,0.07490517081423036,9,1.2096316806526128,500,5.450744523278763,5.941403356611339,0.7868875235969782,COMPLETE
172,0.21306366843442828,2025-10-17 00:16:57.926752,2025-10-17 00:17:00.329224,0 days 00:00:02.402472,0.7226319874213772,0.007487103727466311,0.10624947826577455,9,1.3345823550675517,500,5.209578946937946,5.772275765654298,0.7987116942646594,COMPLETE
173,0.2119612311680741,2025-10-17 00:17:00.329641,2025-10-17 00:17:02.718144,0 days 00:00:02.388503,0.6889198203084652,0.005932538351372848,0.11296090395244081,9,1.3400009690098642,500,5.231881760282207,5.666935898012121,0.8057725084796048,COMPLETE
