number,value,datetime_start,datetime_complete,duration,params_colsample_bytree,params_gamma,params_learning_rate,params_max_depth,params_min_child_weight,params_n_estimators,params_reg_alpha,params_reg_lambda,params_subsample,state
174,0.22880585490145247,2025-10-17 00:17:02.718563,2025-10-17 00:17:03.694349,0 days 00:00:00.975786,0.7105687211821278,0.20979948959201739,0.11101734981028312,9,0.7221859320839769,500,5.268380780134122,5.652037044579499,0.8103690470293552,COMPLETE
175,0.23472380114826244,2025-10-17 00:17:03.694787,2025-10-17 00:17:04.591305,0 days 00:00:00.896518,0.6935447103119932,0.31489298516306824,0.10227632087843877,9,1.0845618592779371,500,5.675603118666743,5.247026312503836,0.8382793031927508,COMPLETE
176,0.24802564545141673,2025-10-17 00:17:04.591728,2025-10-17 00:17:04.907186,0 days 00:00:00.315458,0.6832629199997545,0.0036842190257103976,0.1271282965569775,9,0.9366206391900397,50,5.872124075530166,5.684377229100479,0.8058794254908862,COMPLETE
177,0.26200047318492264,2025-10-17 00:17:04.907608,2025-10-17 00:17:05.661783,0 days 00:00:00.754175,0.7251816472937401,2.5264463089205207,0.07673047490206118,9,1.5703613695735918,500,5.485735871285013,5.253943248254256,0.8300900722059786,COMPLETE
178,0.22861470413905866,2025-10-17 00:17:05.662200,2025-10-17 00:17:06.627570,0 days 00:00:00.965370,0.7147050942768082,0.14720317374769615,0.06983602453243748,9,1.3373633131416118,250,6.197783360770689,6.435606116631729,0.818237472547602,COMPLETE
179,0.2308209847224039,2025-10-17 00:17:06.627997,2025-10-17 00:17:07.557598,0 days 00:00:00.929601,0.6988280610510403,0.2503138983982799,0.11097790160768292,9,7.248647283304746,500,4.830287984283459,6.83037354934038,0.8000695480369955,COMPLETE
180,0.22334415846953157,2025-10-17 00:17:07.558010,2025-10-17 00:17:09.057392,0 days 00:00:01.499382,0.6722993846215004,0.10980738285210269,0.06408116061710199,9,1.979293935045134,500,5.232975586866694,6.161821746692338,0.8452423975619631,COMPLETE
181,0.21437695684457395,2025-10-17 00:17:09.057807,2025-10-17 00:17:11.394467,0 days 00:00:02.336660,0.6591656338087531,0.01421286540913844,0.09083574768883909,9,1.2382374636777231,500,5.089237464835222,5.850232318061972,0.7895189177729288,COMPLETE
182,0.2138886375644234,2025-10-17 00:17:11.394882,2025-10-17 00:17:13.777336,0 days 00:00:02.382454,0.6636709427535802,0.006925892448567984,0.09974850416370919,9,1.1524716250475808,500,5.566260025752312,5.780326573345692,0.8119020270745,COMPLETE
183,0.22488689692559885,2025-10-17 00:17:13.777748,2025-10-17 00:17:14.891446,0 days 00:00:01.113698,0.6649915355954856,0.12339609197518428,0.12307795163156472,9,1.199409591514459,500,5.356192683066621,5.682494076401534,0.813236060812852,COMPLETE
184,0.22568329861009645,2025-10-17 00:17:14.891860,2025-10-17 00:17:15.943729,0 days 00:00:01.051869,0.7599204878983852,0.19850919406824166,0.0961297204668301,9,0.8824671527468564,500,4.981060738430315,5.852326773748652,0.7842337426988409,COMPLETE
185,0.21547205690774376,2025-10-17 00:17:15.944148,2025-10-17 00:17:18.329557,0 days 00:00:02.385409,0.6557485837352498,0.004700259232788717,0.0837740790749879,9,1.1361036604351271,500,5.974636020287255,5.3943343129194385,0.8002244513822511,COMPLETE
186,0.22151324876155334,2025-10-17 00:17:18.329978,2025-10-17 00:17:19.793589,0 days 00:00:01.463611,0.6886129156808006,0.09115329263517033,0.0847077524420604,9,0.690828717292451,500,6.040476437949103,5.4142572744548,0.8066743623723085,COMPLETE
187,0.2715547182353145,2025-10-17 00:17:19.794009,2025-10-17 00:17:20.483072,0 days 00:00:00.689063,0.6751595053466921,3.30126718389436,0.1039198160046029,9,1.309774669467616,500,5.874015053604077,5.066436360554853,0.8008699528991408,COMPLETE
188,0.2304841052613598,2025-10-17 00:17:20.483488,2025-10-17 00:17:21.352034,0 days 00:00:00.868546,0.6583182668874811,0.20585867914240852,0.15287918726894748,9,1.7803036116188047,500,4.655221392188847,5.857605985186811,0.8223604286872708,COMPLETE
189,0.22071715960145002,2025-10-17 00:17:21.352457,2025-10-17 00:17:22.770771,0 days 00:00:01.418314,0.7029215065708192,0.09270146313186878,0.08261584489264334,9,6.165306516402473,450,5.206784679037795,6.212122079882022,0.7915570404239641,COMPLETE
190,0.23865493801725854,2025-10-17 00:17:22.771196,2025-10-17 00:17:23.629815,0 days 00:00:00.858619,0.6624672528365051,0.3681792355172651,0.11565679551236911,9,1.1162351197589757,500,5.684178581568816,5.5491183088459515,0.7980493003698523,COMPLETE
191,0.22054206406430013,2025-10-17 00:17:23.630237,2025-10-17 00:17:25.085549,0 days 00:00:01.455312,0.6475107517860895,0.08248778489671302,0.09307401298647827,9,1.0049474058181551,500,5.449775177394976,5.363471486933392,0.8162048317065399,COMPLETE
192,0.21397082112823806,2025-10-17 00:17:25.085967,2025-10-17 00:17:27.442997,0 days 00:00:02.357030,0.6550038245623372,0.009526235516803365,0.07837718874254024,9,1.3710914968189263,500,5.56519932704077,5.022818649210946,0.8328269966019269,COMPLETE
193,0.21569048743996427,2025-10-17 00:17:27.443411,2025-10-17 00:17:29.754095,0 days 00:00:02.310684,0.6768816654092006,0.017118861203255755,0.07707716404513494,9,1.4149392386492838,500,5.933508317294087,4.656538954346913,0.8297185024074016,COMPLETE
194,0.23025722818698816,2025-10-17 00:17:29.754509,2025-10-17 00:17:30.967452,0 days 00:00:01.212943,0.6847724547958439,0.17940782375079264,0.07105125076326381,9,1.6380971650751797,500,5.9906953026217495,4.877024835964222,0.8298984857569827,COMPLETE
195,0.21437335102681598,2025-10-17 00:17:30.967868,2025-10-17 00:17:33.375919,0 days 00:00:02.408051,0.7321581037704342,0.0036863265520911616,0.10125544836904038,9,1.3756240424482966,500,6.27402565732973,6.002420905862869,0.8214437674251833,COMPLETE
196,0.21362671767214442,2025-10-17 00:17:33.376341,2025-10-17 00:17:35.798230,0 days 00:00:02.421889,0.7271241931119624,0.0023991333651890226,0.10276632262727091,9,1.4412234609791879,500,6.297000927272041,5.971683341551075,0.8228581770509577,COMPLETE
197,0.23342281677099008,2025-10-17 00:17:35.798649,2025-10-17 00:17:36.687947,0 days 00:00:00.889298,0.7328317102858675,0.2561747521328643,0.13530477639517507,9,1.2215098010328351,500,6.309427626959297,5.9535284681600205,0.809576406190468,COMPLETE
198,0.22477805396631526,2025-10-17 00:17:36.688353,2025-10-17 00:17:37.913635,0 days 00:00:01.225282,0.7416019100128681,0.11775129761063796,0.0956813239205849,9,1.6210424967511508,500,6.256436328306203,6.302114200507368,0.8200361073509981,COMPLETE
199,0.2116034468267101,2025-10-17 00:17:37.914046,2025-10-17 00:17:40.422788,0 days 00:00:02.508742,0.7266947617441929,0.0020710929494984305,0.10595510961978191,9,1.8191758929193904,500,5.040280320226054,5.80811386535675,0.8374612322173004,COMPLETE
